{"D:\\NTT DATA\\feature-testing\\BOOTCAMPFRONTEND-REACT-NTT\\src\\app\\components\\footer\\Footer.tsx": {"path":"D:\\NTT DATA\\feature-testing\\BOOTCAMPFRONTEND-REACT-NTT\\src\\app\\components\\footer\\Footer.tsx","statementMap":{"0":{"start":{"line":2,"column":0},"end":{"line":2,"column":69}},"1":{"start":{"line":3,"column":0},"end":{"line":3,"column":22}},"2":{"start":{"line":6,"column":19},"end":{"line":54,"column":1}},"3":{"start":{"line":7,"column":2},"end":{"line":53,"column":4}},"4":{"start":{"line":56,"column":0},"end":{"line":56,"column":22}}},"fnMap":{"0":{"name":"(anonymous_0)","decl":{"start":{"line":6,"column":19},"end":{"line":6,"column":22}},"loc":{"start":{"line":6,"column":24},"end":{"line":54,"column":1}}}},"branchMap":{},"s":{"0":1,"1":1,"2":1,"3":6,"4":1},"f":{"0":6},"b":{}}
,"D:\\NTT DATA\\feature-testing\\BOOTCAMPFRONTEND-REACT-NTT\\src\\app\\components\\form\\Form.tsx": {"path":"D:\\NTT DATA\\feature-testing\\BOOTCAMPFRONTEND-REACT-NTT\\src\\app\\components\\form\\Form.tsx","statementMap":{"0":{"start":{"line":2,"column":0},"end":{"line":2,"column":51}},"1":{"start":{"line":3,"column":0},"end":{"line":3,"column":35}},"2":{"start":{"line":4,"column":0},"end":{"line":4,"column":20}},"3":{"start":{"line":29,"column":28},"end":{"line":141,"column":1}},"4":{"start":{"line":37,"column":40},"end":{"line":37,"column":54}},"5":{"start":{"line":39,"column":2},"end":{"line":39,"column":54}},"6":{"start":{"line":39,"column":15},"end":{"line":39,"column":54}},"7":{"start":{"line":40,"column":2},"end":{"line":40,"column":39}},"8":{"start":{"line":40,"column":13},"end":{"line":40,"column":39}},"9":{"start":{"line":42,"column":2},"end":{"line":140,"column":4}},"10":{"start":{"line":83,"column":14},"end":{"line":83,"column":40}},"11":{"start":{"line":143,"column":0},"end":{"line":143,"column":20}}},"fnMap":{"0":{"name":"(anonymous_1)","decl":{"start":{"line":29,"column":28},"end":{"line":29,"column":29}},"loc":{"start":{"line":36,"column":5},"end":{"line":141,"column":1}}},"1":{"name":"(anonymous_2)","decl":{"start":{"line":82,"column":27},"end":{"line":82,"column":28}},"loc":{"start":{"line":83,"column":14},"end":{"line":83,"column":40}}}},"branchMap":{"0":{"loc":{"start":{"line":39,"column":2},"end":{"line":39,"column":54}},"type":"if","locations":[{"start":{"line":39,"column":2},"end":{"line":39,"column":54}}]},"1":{"loc":{"start":{"line":40,"column":2},"end":{"line":40,"column":39}},"type":"if","locations":[{"start":{"line":40,"column":2},"end":{"line":40,"column":39}}]},"2":{"loc":{"start":{"line":56,"column":11},"end":{"line":56,"column":70}},"type":"binary-expr","locations":[{"start":{"line":56,"column":11},"end":{"line":56,"column":22}},{"start":{"line":56,"column":26},"end":{"line":56,"column":70}}]},"3":{"loc":{"start":{"line":69,"column":11},"end":{"line":69,"column":78}},"type":"binary-expr","locations":[{"start":{"line":69,"column":11},"end":{"line":69,"column":26}},{"start":{"line":69,"column":30},"end":{"line":69,"column":78}}]},"4":{"loc":{"start":{"line":88,"column":11},"end":{"line":88,"column":78}},"type":"binary-expr","locations":[{"start":{"line":88,"column":11},"end":{"line":88,"column":26}},{"start":{"line":88,"column":30},"end":{"line":88,"column":78}}]},"5":{"loc":{"start":{"line":101,"column":11},"end":{"line":101,"column":76}},"type":"binary-expr","locations":[{"start":{"line":101,"column":11},"end":{"line":101,"column":25}},{"start":{"line":101,"column":29},"end":{"line":101,"column":76}}]},"6":{"loc":{"start":{"line":114,"column":11},"end":{"line":114,"column":80}},"type":"binary-expr","locations":[{"start":{"line":114,"column":11},"end":{"line":114,"column":27}},{"start":{"line":114,"column":31},"end":{"line":114,"column":80}}]},"7":{"loc":{"start":{"line":127,"column":11},"end":{"line":127,"column":72}},"type":"binary-expr","locations":[{"start":{"line":127,"column":11},"end":{"line":127,"column":23}},{"start":{"line":127,"column":27},"end":{"line":127,"column":72}}]},"8":{"loc":{"start":{"line":133,"column":7},"end":{"line":137,"column":null}},"type":"binary-expr","locations":[{"start":{"line":133,"column":7},"end":{"line":133,"column":21}},{"start":{"line":134,"column":8},"end":{"line":136,"column":null}}]}},"s":{"0":1,"1":1,"2":1,"3":1,"4":7,"5":7,"6":1,"7":6,"8":1,"9":5,"10":10,"11":1},"f":{"0":7,"1":10},"b":{"0":[1],"1":[1],"2":[5,2],"3":[5,1],"4":[5,1],"5":[5,2],"6":[5,1],"7":[5,1],"8":[5,1]}}
,"D:\\NTT DATA\\feature-testing\\BOOTCAMPFRONTEND-REACT-NTT\\src\\app\\components\\header\\Header.tsx": {"path":"D:\\NTT DATA\\feature-testing\\BOOTCAMPFRONTEND-REACT-NTT\\src\\app\\components\\header\\Header.tsx","statementMap":{"0":{"start":{"line":2,"column":0},"end":{"line":2,"column":48}},"1":{"start":{"line":3,"column":0},"end":{"line":3,"column":46}},"2":{"start":{"line":4,"column":0},"end":{"line":4,"column":22}},"3":{"start":{"line":5,"column":0},"end":{"line":5,"column":62}},"4":{"start":{"line":6,"column":0},"end":{"line":6,"column":51}},"5":{"start":{"line":7,"column":0},"end":{"line":7,"column":40}},"6":{"start":{"line":9,"column":19},"end":{"line":27,"column":1}},"7":{"start":{"line":10,"column":19},"end":{"line":10,"column":38}},"8":{"start":{"line":12,"column":21},"end":{"line":12,"column":75}},"9":{"start":{"line":12,"column":50},"end":{"line":12,"column":71}},"10":{"start":{"line":14,"column":2},"end":{"line":26,"column":4}},"11":{"start":{"line":29,"column":0},"end":{"line":29,"column":22}}},"fnMap":{"0":{"name":"(anonymous_0)","decl":{"start":{"line":9,"column":19},"end":{"line":9,"column":22}},"loc":{"start":{"line":9,"column":24},"end":{"line":27,"column":1}}},"1":{"name":"(anonymous_1)","decl":{"start":{"line":12,"column":33},"end":{"line":12,"column":34}},"loc":{"start":{"line":12,"column":50},"end":{"line":12,"column":71}}}},"branchMap":{},"s":{"0":1,"1":1,"2":1,"3":1,"4":1,"5":1,"6":1,"7":2,"8":2,"9":2,"10":2,"11":1},"f":{"0":2,"1":2},"b":{}}
,"D:\\NTT DATA\\feature-testing\\BOOTCAMPFRONTEND-REACT-NTT\\src\\app\\components\\modal\\Modal.tsx": {"path":"D:\\NTT DATA\\feature-testing\\BOOTCAMPFRONTEND-REACT-NTT\\src\\app\\components\\modal\\Modal.tsx","statementMap":{"0":{"start":{"line":2,"column":0},"end":{"line":2,"column":21}},"1":{"start":{"line":3,"column":0},"end":{"line":3,"column":52}},"2":{"start":{"line":10,"column":26},"end":{"line":28,"column":1}},"3":{"start":{"line":11,"column":20},"end":{"line":11,"column":34}},"4":{"start":{"line":13,"column":22},"end":{"line":16,"column":3}},"5":{"start":{"line":14,"column":4},"end":{"line":14,"column":16}},"6":{"start":{"line":15,"column":4},"end":{"line":15,"column":17}},"7":{"start":{"line":18,"column":2},"end":{"line":27,"column":4}},"8":{"start":{"line":30,"column":0},"end":{"line":30,"column":21}}},"fnMap":{"0":{"name":"(anonymous_1)","decl":{"start":{"line":10,"column":26},"end":{"line":10,"column":27}},"loc":{"start":{"line":10,"column":56},"end":{"line":28,"column":1}}},"1":{"name":"(anonymous_2)","decl":{"start":{"line":13,"column":22},"end":{"line":13,"column":25}},"loc":{"start":{"line":13,"column":27},"end":{"line":16,"column":3}}}},"branchMap":{"0":{"loc":{"start":{"line":19,"column":29},"end":{"line":19,"column":52}},"type":"cond-expr","locations":[{"start":{"line":19,"column":41},"end":{"line":19,"column":47}},{"start":{"line":19,"column":50},"end":{"line":19,"column":52}}]}},"s":{"0":2,"1":2,"2":2,"3":3,"4":3,"5":1,"6":1,"7":3,"8":2},"f":{"0":3,"1":1},"b":{"0":[2,1]}}
,"D:\\NTT DATA\\feature-testing\\BOOTCAMPFRONTEND-REACT-NTT\\src\\app\\components\\product\\ProductCard.tsx": {"path":"D:\\NTT DATA\\feature-testing\\BOOTCAMPFRONTEND-REACT-NTT\\src\\app\\components\\product\\ProductCard.tsx","statementMap":{"0":{"start":{"line":3,"column":0},"end":{"line":3,"column":27}},"1":{"start":{"line":4,"column":0},"end":{"line":4,"column":65}},"2":{"start":{"line":5,"column":0},"end":{"line":5,"column":55}},"3":{"start":{"line":6,"column":0},"end":{"line":6,"column":61}},"4":{"start":{"line":12,"column":38},"end":{"line":56,"column":1}},"5":{"start":{"line":21,"column":6},"end":{"line":21,"column":13}},"6":{"start":{"line":23,"column":19},"end":{"line":23,"column":41}},"7":{"start":{"line":25,"column":20},"end":{"line":27,"column":3}},"8":{"start":{"line":26,"column":4},"end":{"line":26,"column":63}},"9":{"start":{"line":28,"column":2},"end":{"line":55,"column":4}},"10":{"start":{"line":58,"column":0},"end":{"line":58,"column":27}}},"fnMap":{"0":{"name":"(anonymous_0)","decl":{"start":{"line":12,"column":38},"end":{"line":12,"column":39}},"loc":{"start":{"line":12,"column":54},"end":{"line":56,"column":1}}},"1":{"name":"(anonymous_1)","decl":{"start":{"line":25,"column":20},"end":{"line":25,"column":23}},"loc":{"start":{"line":25,"column":25},"end":{"line":27,"column":3}}}},"branchMap":{"0":{"loc":{"start":{"line":30,"column":7},"end":{"line":33,"column":null}},"type":"binary-expr","locations":[{"start":{"line":30,"column":7},"end":{"line":30,"column":29}},{"start":{"line":31,"column":8},"end":{"line":32,"column":null}}]}},"s":{"0":1,"1":1,"2":1,"3":1,"4":1,"5":4,"6":4,"7":4,"8":1,"9":4,"10":1},"f":{"0":4,"1":1},"b":{"0":[4,3]}}
,"D:\\NTT DATA\\feature-testing\\BOOTCAMPFRONTEND-REACT-NTT\\src\\app\\components\\search\\SearchContainer.tsx": {"path":"D:\\NTT DATA\\feature-testing\\BOOTCAMPFRONTEND-REACT-NTT\\src\\app\\components\\search\\SearchContainer.tsx","statementMap":{"0":{"start":{"line":2,"column":0},"end":{"line":2,"column":31}},"1":{"start":{"line":14,"column":50},"end":{"line":47,"column":1}},"2":{"start":{"line":22,"column":2},"end":{"line":46,"column":4}},"3":{"start":{"line":27,"column":25},"end":{"line":27,"column":57}},"4":{"start":{"line":31,"column":10},"end":{"line":31,"column":33}},"5":{"start":{"line":42,"column":27},"end":{"line":42,"column":62}},"6":{"start":{"line":49,"column":0},"end":{"line":49,"column":31}}},"fnMap":{"0":{"name":"(anonymous_0)","decl":{"start":{"line":14,"column":50},"end":{"line":14,"column":51}},"loc":{"start":{"line":21,"column":5},"end":{"line":47,"column":1}}},"1":{"name":"(anonymous_1)","decl":{"start":{"line":27,"column":18},"end":{"line":27,"column":19}},"loc":{"start":{"line":27,"column":25},"end":{"line":27,"column":57}}},"2":{"name":"(anonymous_2)","decl":{"start":{"line":30,"column":24},"end":{"line":30,"column":25}},"loc":{"start":{"line":31,"column":10},"end":{"line":31,"column":33}}},"3":{"name":"(anonymous_3)","decl":{"start":{"line":42,"column":20},"end":{"line":42,"column":21}},"loc":{"start":{"line":42,"column":27},"end":{"line":42,"column":62}}}},"branchMap":{"0":{"loc":{"start":{"line":20,"column":2},"end":{"line":20,"column":27}},"type":"default-arg","locations":[{"start":{"line":20,"column":16},"end":{"line":20,"column":27}}]}},"s":{"0":2,"1":2,"2":52,"3":3,"4":369,"5":4,"6":2},"f":{"0":52,"1":3,"2":369,"3":4},"b":{"0":[45]}}
,"D:\\NTT DATA\\feature-testing\\BOOTCAMPFRONTEND-REACT-NTT\\src\\app\\components\\shopping-cart\\ShoppingCart.tsx": {"path":"D:\\NTT DATA\\feature-testing\\BOOTCAMPFRONTEND-REACT-NTT\\src\\app\\components\\shopping-cart\\ShoppingCart.tsx","statementMap":{"0":{"start":{"line":3,"column":0},"end":{"line":3,"column":28}},"1":{"start":{"line":5,"column":0},"end":{"line":5,"column":41}},"2":{"start":{"line":15,"column":44},"end":{"line":97,"column":1}},"3":{"start":{"line":22,"column":2},"end":{"line":96,"column":4}},"4":{"start":{"line":43,"column":12},"end":{"line":43,"column":39}},"5":{"start":{"line":62,"column":33},"end":{"line":62,"column":65}},"6":{"start":{"line":69,"column":33},"end":{"line":69,"column":65}},"7":{"start":{"line":78,"column":33},"end":{"line":78,"column":62}},"8":{"start":{"line":99,"column":0},"end":{"line":99,"column":28}}},"fnMap":{"0":{"name":"(anonymous_0)","decl":{"start":{"line":15,"column":44},"end":{"line":15,"column":45}},"loc":{"start":{"line":21,"column":5},"end":{"line":97,"column":1}}},"1":{"name":"(anonymous_1)","decl":{"start":{"line":42,"column":20},"end":{"line":42,"column":21}},"loc":{"start":{"line":43,"column":12},"end":{"line":43,"column":39}}},"2":{"name":"(anonymous_2)","decl":{"start":{"line":62,"column":27},"end":{"line":62,"column":30}},"loc":{"start":{"line":62,"column":33},"end":{"line":62,"column":65}}},"3":{"name":"(anonymous_3)","decl":{"start":{"line":69,"column":27},"end":{"line":69,"column":30}},"loc":{"start":{"line":69,"column":33},"end":{"line":69,"column":65}}},"4":{"name":"(anonymous_4)","decl":{"start":{"line":78,"column":27},"end":{"line":78,"column":30}},"loc":{"start":{"line":78,"column":33},"end":{"line":78,"column":62}}}},"branchMap":{"0":{"loc":{"start":{"line":38,"column":7},"end":{"line":85,"column":null}},"type":"cond-expr","locations":[{"start":{"line":39,"column":8},"end":{"line":39,"column":61}},{"start":{"line":41,"column":8},"end":{"line":84,"column":null}}]},"1":{"loc":{"start":{"line":88,"column":7},"end":{"line":93,"column":null}},"type":"binary-expr","locations":[{"start":{"line":88,"column":7},"end":{"line":88,"column":22}},{"start":{"line":89,"column":8},"end":{"line":92,"column":null}}]}},"s":{"0":1,"1":1,"2":1,"3":6,"4":10,"5":2,"6":2,"7":1,"8":1},"f":{"0":6,"1":10,"2":2,"3":2,"4":1},"b":{"0":[1,5],"1":[6,5]}}
,"D:\\NTT DATA\\feature-testing\\BOOTCAMPFRONTEND-REACT-NTT\\src\\app\\config\\api-config.ts": {"path":"D:\\NTT DATA\\feature-testing\\BOOTCAMPFRONTEND-REACT-NTT\\src\\app\\config\\api-config.ts","statementMap":{"0":{"start":{"line":1,"column":13},"end":{"line":1,"column":52}}},"fnMap":{},"branchMap":{},"s":{"0":4},"f":{},"b":{}}
,"D:\\NTT DATA\\feature-testing\\BOOTCAMPFRONTEND-REACT-NTT\\src\\app\\context\\app-context.tsx": {"path":"D:\\NTT DATA\\feature-testing\\BOOTCAMPFRONTEND-REACT-NTT\\src\\app\\context\\app-context.tsx","statementMap":{"0":{"start":{"line":1,"column":0},"end":{"line":1,"column":69}},"1":{"start":{"line":2,"column":0},"end":{"line":2,"column":79}},"2":{"start":{"line":4,"column":24},"end":{"line":4,"column":70}},"3":{"start":{"line":5,"column":27},"end":{"line":7,"column":12}},"4":{"start":{"line":9,"column":68},"end":{"line":19,"column":1}},"5":{"start":{"line":10,"column":28},"end":{"line":10,"column":64}},"6":{"start":{"line":12,"column":2},"end":{"line":18,"column":4}},"7":{"start":{"line":9,"column":13},"end":{"line":9,"column":68}},"8":{"start":{"line":21,"column":33},"end":{"line":27,"column":1}},"9":{"start":{"line":22,"column":18},"end":{"line":22,"column":45}},"10":{"start":{"line":23,"column":2},"end":{"line":25,"column":3}},"11":{"start":{"line":24,"column":4},"end":{"line":24,"column":76}},"12":{"start":{"line":26,"column":2},"end":{"line":26,"column":17}},"13":{"start":{"line":21,"column":13},"end":{"line":21,"column":33}},"14":{"start":{"line":29,"column":36},"end":{"line":35,"column":1}},"15":{"start":{"line":30,"column":18},"end":{"line":30,"column":48}},"16":{"start":{"line":31,"column":2},"end":{"line":33,"column":3}},"17":{"start":{"line":32,"column":4},"end":{"line":32,"column":79}},"18":{"start":{"line":34,"column":2},"end":{"line":34,"column":17}},"19":{"start":{"line":29,"column":13},"end":{"line":29,"column":36}}},"fnMap":{"0":{"name":"(anonymous_0)","decl":{"start":{"line":9,"column":68},"end":{"line":9,"column":69}},"loc":{"start":{"line":9,"column":85},"end":{"line":19,"column":1}}},"1":{"name":"(anonymous_1)","decl":{"start":{"line":21,"column":33},"end":{"line":21,"column":46}},"loc":{"start":{"line":21,"column":48},"end":{"line":27,"column":1}}},"2":{"name":"(anonymous_2)","decl":{"start":{"line":29,"column":36},"end":{"line":29,"column":71}},"loc":{"start":{"line":29,"column":73},"end":{"line":35,"column":1}}}},"branchMap":{"0":{"loc":{"start":{"line":23,"column":2},"end":{"line":25,"column":3}},"type":"if","locations":[{"start":{"line":23,"column":2},"end":{"line":25,"column":3}}]},"1":{"loc":{"start":{"line":31,"column":2},"end":{"line":33,"column":3}},"type":"if","locations":[{"start":{"line":31,"column":2},"end":{"line":33,"column":3}}]}},"s":{"0":2,"1":2,"2":2,"3":2,"4":2,"5":3,"6":3,"7":2,"8":2,"9":6,"10":6,"11":4,"12":2,"13":2,"14":2,"15":7,"16":7,"17":4,"18":3,"19":2},"f":{"0":3,"1":6,"2":7},"b":{"0":[4],"1":[4]}}
,"D:\\NTT DATA\\feature-testing\\BOOTCAMPFRONTEND-REACT-NTT\\src\\app\\context\\reducer.ts": {"path":"D:\\NTT DATA\\feature-testing\\BOOTCAMPFRONTEND-REACT-NTT\\src\\app\\context\\reducer.ts","statementMap":{"0":{"start":{"line":1,"column":0},"end":{"line":1,"column":52}},"1":{"start":{"line":11,"column":13},"end":{"line":13,"column":2}},"2":{"start":{"line":20,"column":26},"end":{"line":77,"column":1}},"3":{"start":{"line":24,"column":2},"end":{"line":76,"column":3}},"4":{"start":{"line":26,"column":35},"end":{"line":27,"column":null}},"5":{"start":{"line":27,"column":18},"end":{"line":27,"column":55}},"6":{"start":{"line":29,"column":6},"end":{"line":33,"column":7}},"7":{"start":{"line":30,"column":28},"end":{"line":30,"column":43}},"8":{"start":{"line":31,"column":8},"end":{"line":31,"column":56}},"9":{"start":{"line":32,"column":8},"end":{"line":32,"column":47}},"10":{"start":{"line":34,"column":6},"end":{"line":37,"column":8}},"11":{"start":{"line":40,"column":6},"end":{"line":48,"column":8}},"12":{"start":{"line":43,"column":10},"end":{"line":45,"column":11}},"13":{"start":{"line":44,"column":12},"end":{"line":44,"column":60}},"14":{"start":{"line":46,"column":10},"end":{"line":46,"column":22}},"15":{"start":{"line":51,"column":6},"end":{"line":61,"column":8}},"16":{"start":{"line":55,"column":12},"end":{"line":57,"column":13}},"17":{"start":{"line":56,"column":14},"end":{"line":56,"column":62}},"18":{"start":{"line":58,"column":12},"end":{"line":58,"column":24}},"19":{"start":{"line":60,"column":28},"end":{"line":60,"column":45}},"20":{"start":{"line":64,"column":6},"end":{"line":67,"column":8}},"21":{"start":{"line":66,"column":42},"end":{"line":66,"column":76}},"22":{"start":{"line":69,"column":6},"end":{"line":72,"column":8}},"23":{"start":{"line":75,"column":6},"end":{"line":75,"column":19}},"24":{"start":{"line":20,"column":13},"end":{"line":20,"column":26}}},"fnMap":{"0":{"name":"(anonymous_0)","decl":{"start":{"line":20,"column":26},"end":{"line":20,"column":null}},"loc":{"start":{"line":23,"column":14},"end":{"line":77,"column":1}}},"1":{"name":"(anonymous_1)","decl":{"start":{"line":27,"column":8},"end":{"line":27,"column":9}},"loc":{"start":{"line":27,"column":18},"end":{"line":27,"column":55}}},"2":{"name":"(anonymous_2)","decl":{"start":{"line":42,"column":29},"end":{"line":42,"column":30}},"loc":{"start":{"line":42,"column":38},"end":{"line":47,"column":9}}},"3":{"name":"(anonymous_3)","decl":{"start":{"line":54,"column":15},"end":{"line":54,"column":16}},"loc":{"start":{"line":54,"column":24},"end":{"line":59,"column":11}}},"4":{"name":"(anonymous_4)","decl":{"start":{"line":60,"column":18},"end":{"line":60,"column":19}},"loc":{"start":{"line":60,"column":28},"end":{"line":60,"column":45}}},"5":{"name":"(anonymous_5)","decl":{"start":{"line":66,"column":32},"end":{"line":66,"column":33}},"loc":{"start":{"line":66,"column":42},"end":{"line":66,"column":76}}}},"branchMap":{"0":{"loc":{"start":{"line":24,"column":2},"end":{"line":76,"column":3}},"type":"switch","locations":[{"start":{"line":25,"column":4},"end":{"line":37,"column":8}},{"start":{"line":39,"column":4},"end":{"line":48,"column":8}},{"start":{"line":50,"column":4},"end":{"line":61,"column":8}},{"start":{"line":63,"column":4},"end":{"line":67,"column":8}},{"start":{"line":68,"column":4},"end":{"line":72,"column":8}},{"start":{"line":74,"column":4},"end":{"line":75,"column":19}}]},"1":{"loc":{"start":{"line":29,"column":6},"end":{"line":33,"column":7}},"type":"if","locations":[{"start":{"line":29,"column":6},"end":{"line":33,"column":7}}]},"2":{"loc":{"start":{"line":43,"column":10},"end":{"line":45,"column":11}},"type":"if","locations":[{"start":{"line":43,"column":10},"end":{"line":45,"column":11}}]},"3":{"loc":{"start":{"line":55,"column":12},"end":{"line":57,"column":13}},"type":"if","locations":[{"start":{"line":55,"column":12},"end":{"line":57,"column":13}}]}},"s":{"0":3,"1":3,"2":3,"3":13,"4":2,"5":1,"6":2,"7":1,"8":1,"9":1,"10":1,"11":3,"12":4,"13":2,"14":2,"15":5,"16":6,"17":4,"18":2,"19":6,"20":1,"21":2,"22":1,"23":1,"24":3},"f":{"0":13,"1":1,"2":4,"3":6,"4":6,"5":2},"b":{"0":[2,3,5,1,1,1],"1":[1],"2":[2],"3":[4]}}
,"D:\\NTT DATA\\feature-testing\\BOOTCAMPFRONTEND-REACT-NTT\\src\\app\\domain\\actions-type.ts": {"path":"D:\\NTT DATA\\feature-testing\\BOOTCAMPFRONTEND-REACT-NTT\\src\\app\\domain\\actions-type.ts","statementMap":{"0":{"start":{"line":8,"column":0},"end":{"line":8,"column":null}},"1":{"start":{"line":9,"column":4},"end":{"line":9,"column":null}},"2":{"start":{"line":10,"column":4},"end":{"line":10,"column":null}},"3":{"start":{"line":11,"column":4},"end":{"line":11,"column":null}},"4":{"start":{"line":12,"column":4},"end":{"line":12,"column":null}},"5":{"start":{"line":13,"column":4},"end":{"line":13,"column":null}},"6":{"start":{"line":14,"column":4},"end":{"line":14,"column":null}}},"fnMap":{"0":{"name":"(anonymous_0)","decl":{"start":{"line":8,"column":0},"end":{"line":8,"column":18}},"loc":{"start":{"line":8,"column":28},"end":{"line":15,"column":3}}}},"branchMap":{"0":{"loc":{"start":{"line":8,"column":18},"end":{"line":8,"column":null}},"type":"binary-expr","locations":[{"start":{"line":8,"column":18},"end":{"line":8,"column":28}},{"start":{"line":8,"column":28},"end":{"line":8,"column":null}}]}},"s":{"0":8,"1":8,"2":8,"3":8,"4":8,"5":8,"6":8},"f":{"0":8},"b":{"0":[8,8]}}
,"D:\\NTT DATA\\feature-testing\\BOOTCAMPFRONTEND-REACT-NTT\\src\\app\\domain\\category-enum.ts": {"path":"D:\\NTT DATA\\feature-testing\\BOOTCAMPFRONTEND-REACT-NTT\\src\\app\\domain\\category-enum.ts","statementMap":{"0":{"start":{"line":1,"column":0},"end":{"line":1,"column":null}},"1":{"start":{"line":2,"column":4},"end":{"line":2,"column":null}},"2":{"start":{"line":3,"column":4},"end":{"line":3,"column":null}},"3":{"start":{"line":4,"column":4},"end":{"line":4,"column":null}},"4":{"start":{"line":5,"column":4},"end":{"line":5,"column":null}},"5":{"start":{"line":6,"column":4},"end":{"line":6,"column":null}},"6":{"start":{"line":7,"column":4},"end":{"line":7,"column":null}},"7":{"start":{"line":8,"column":4},"end":{"line":8,"column":null}},"8":{"start":{"line":9,"column":4},"end":{"line":9,"column":null}},"9":{"start":{"line":10,"column":4},"end":{"line":10,"column":null}},"10":{"start":{"line":11,"column":4},"end":{"line":11,"column":null}},"11":{"start":{"line":12,"column":4},"end":{"line":12,"column":null}},"12":{"start":{"line":13,"column":4},"end":{"line":13,"column":null}},"13":{"start":{"line":14,"column":4},"end":{"line":14,"column":null}},"14":{"start":{"line":15,"column":4},"end":{"line":15,"column":null}},"15":{"start":{"line":16,"column":4},"end":{"line":16,"column":null}},"16":{"start":{"line":17,"column":4},"end":{"line":17,"column":null}},"17":{"start":{"line":18,"column":4},"end":{"line":18,"column":null}},"18":{"start":{"line":19,"column":4},"end":{"line":19,"column":null}},"19":{"start":{"line":20,"column":4},"end":{"line":20,"column":null}},"20":{"start":{"line":21,"column":4},"end":{"line":21,"column":null}},"21":{"start":{"line":22,"column":4},"end":{"line":22,"column":null}},"22":{"start":{"line":23,"column":4},"end":{"line":23,"column":null}},"23":{"start":{"line":24,"column":4},"end":{"line":24,"column":null}},"24":{"start":{"line":25,"column":4},"end":{"line":25,"column":null}},"25":{"start":{"line":26,"column":4},"end":{"line":26,"column":null}},"26":{"start":{"line":27,"column":4},"end":{"line":27,"column":null}}},"fnMap":{"0":{"name":"(anonymous_0)","decl":{"start":{"line":1,"column":0},"end":{"line":1,"column":12}},"loc":{"start":{"line":1,"column":20},"end":{"line":28,"column":3}}}},"branchMap":{"0":{"loc":{"start":{"line":1,"column":12},"end":{"line":1,"column":null}},"type":"binary-expr","locations":[{"start":{"line":1,"column":12},"end":{"line":1,"column":20}},{"start":{"line":1,"column":20},"end":{"line":1,"column":null}}]}},"s":{"0":1,"1":1,"2":1,"3":1,"4":1,"5":1,"6":1,"7":1,"8":1,"9":1,"10":1,"11":1,"12":1,"13":1,"14":1,"15":1,"16":1,"17":1,"18":1,"19":1,"20":1,"21":1,"22":1,"23":1,"24":1,"25":1,"26":1},"f":{"0":1},"b":{"0":[1,1]}}
,"D:\\NTT DATA\\feature-testing\\BOOTCAMPFRONTEND-REACT-NTT\\src\\app\\domain\\validation-rules.ts": {"path":"D:\\NTT DATA\\feature-testing\\BOOTCAMPFRONTEND-REACT-NTT\\src\\app\\domain\\validation-rules.ts","statementMap":{"0":{"start":{"line":1,"column":0},"end":{"line":1,"column":null}},"1":{"start":{"line":2,"column":4},"end":{"line":2,"column":null}},"2":{"start":{"line":3,"column":4},"end":{"line":3,"column":null}},"3":{"start":{"line":4,"column":4},"end":{"line":4,"column":null}},"4":{"start":{"line":5,"column":4},"end":{"line":5,"column":null}}},"fnMap":{"0":{"name":"(anonymous_0)","decl":{"start":{"line":1,"column":0},"end":{"line":1,"column":12}},"loc":{"start":{"line":1,"column":27},"end":{"line":6,"column":3}}}},"branchMap":{"0":{"loc":{"start":{"line":1,"column":12},"end":{"line":1,"column":null}},"type":"binary-expr","locations":[{"start":{"line":1,"column":12},"end":{"line":1,"column":27}},{"start":{"line":1,"column":27},"end":{"line":1,"column":null}}]}},"s":{"0":1,"1":1,"2":1,"3":1,"4":1},"f":{"0":1},"b":{"0":[1,1]}}
,"D:\\NTT DATA\\feature-testing\\BOOTCAMPFRONTEND-REACT-NTT\\src\\app\\hooks\\useClearCart.ts": {"path":"D:\\NTT DATA\\feature-testing\\BOOTCAMPFRONTEND-REACT-NTT\\src\\app\\hooks\\useClearCart.ts","statementMap":{"0":{"start":{"line":2,"column":0},"end":{"line":2,"column":62}},"1":{"start":{"line":3,"column":0},"end":{"line":3,"column":52}},"2":{"start":{"line":5,"column":21},"end":{"line":13,"column":1}},"3":{"start":{"line":6,"column":19},"end":{"line":6,"column":41}},"4":{"start":{"line":8,"column":20},"end":{"line":10,"column":3}},"5":{"start":{"line":9,"column":4},"end":{"line":9,"column":45}},"6":{"start":{"line":12,"column":2},"end":{"line":12,"column":19}},"7":{"start":{"line":15,"column":0},"end":{"line":15,"column":28}}},"fnMap":{"0":{"name":"(anonymous_0)","decl":{"start":{"line":5,"column":21},"end":{"line":5,"column":24}},"loc":{"start":{"line":5,"column":26},"end":{"line":13,"column":1}}},"1":{"name":"(anonymous_1)","decl":{"start":{"line":8,"column":20},"end":{"line":8,"column":23}},"loc":{"start":{"line":8,"column":25},"end":{"line":10,"column":3}}}},"branchMap":{},"s":{"0":3,"1":3,"2":3,"3":2,"4":2,"5":1,"6":2,"7":3},"f":{"0":2,"1":1},"b":{}}
,"D:\\NTT DATA\\feature-testing\\BOOTCAMPFRONTEND-REACT-NTT\\src\\app\\hooks\\useDistrict.ts": {"path":"D:\\NTT DATA\\feature-testing\\BOOTCAMPFRONTEND-REACT-NTT\\src\\app\\hooks\\useDistrict.ts","statementMap":{"0":{"start":{"line":1,"column":0},"end":{"line":1,"column":44}},"1":{"start":{"line":8,"column":21},"end":{"line":34,"column":1}},"2":{"start":{"line":9,"column":36},"end":{"line":9,"column":60}},"3":{"start":{"line":10,"column":32},"end":{"line":10,"column":55}},"4":{"start":{"line":11,"column":28},"end":{"line":11,"column":57}},"5":{"start":{"line":13,"column":2},"end":{"line":31,"column":9}},"6":{"start":{"line":15,"column":27},"end":{"line":28,"column":5}},"7":{"start":{"line":16,"column":6},"end":{"line":27,"column":7}},"8":{"start":{"line":17,"column":25},"end":{"line":17,"column":60}},"9":{"start":{"line":18,"column":8},"end":{"line":20,"column":9}},"10":{"start":{"line":19,"column":10},"end":{"line":19,"column":72}},"11":{"start":{"line":21,"column":21},"end":{"line":21,"column":42}},"12":{"start":{"line":22,"column":8},"end":{"line":22,"column":37}},"13":{"start":{"line":24,"column":8},"end":{"line":24,"column":46}},"14":{"start":{"line":26,"column":8},"end":{"line":26,"column":26}},"15":{"start":{"line":30,"column":4},"end":{"line":30,"column":21}},"16":{"start":{"line":33,"column":2},"end":{"line":33,"column":39}},"17":{"start":{"line":36,"column":0},"end":{"line":36,"column":28}}},"fnMap":{"0":{"name":"(anonymous_0)","decl":{"start":{"line":8,"column":21},"end":{"line":8,"column":24}},"loc":{"start":{"line":8,"column":26},"end":{"line":34,"column":1}}},"1":{"name":"(anonymous_1)","decl":{"start":{"line":13,"column":12},"end":{"line":13,"column":15}},"loc":{"start":{"line":13,"column":17},"end":{"line":31,"column":3}}},"2":{"name":"(anonymous_2)","decl":{"start":{"line":15,"column":27},"end":{"line":15,"column":32}},"loc":{"start":{"line":15,"column":38},"end":{"line":28,"column":5}}}},"branchMap":{"0":{"loc":{"start":{"line":18,"column":8},"end":{"line":20,"column":9}},"type":"if","locations":[{"start":{"line":18,"column":8},"end":{"line":20,"column":9}}]}},"s":{"0":1,"1":1,"2":7,"3":7,"4":7,"5":7,"6":4,"7":4,"8":4,"9":3,"10":1,"11":1,"12":1,"13":3,"14":4,"15":4,"16":7,"17":1},"f":{"0":7,"1":4,"2":4},"b":{"0":[1]}}
,"D:\\NTT DATA\\feature-testing\\BOOTCAMPFRONTEND-REACT-NTT\\src\\app\\hooks\\useModal.ts": {"path":"D:\\NTT DATA\\feature-testing\\BOOTCAMPFRONTEND-REACT-NTT\\src\\app\\hooks\\useModal.ts","statementMap":{"0":{"start":{"line":1,"column":0},"end":{"line":1,"column":33}},"1":{"start":{"line":3,"column":24},"end":{"line":24,"column":1}},"2":{"start":{"line":4,"column":46},"end":{"line":4,"column":61}},"3":{"start":{"line":6,"column":20},"end":{"line":8,"column":3}},"4":{"start":{"line":7,"column":4},"end":{"line":7,"column":28}},"5":{"start":{"line":10,"column":22},"end":{"line":12,"column":3}},"6":{"start":{"line":11,"column":4},"end":{"line":11,"column":39}},"7":{"start":{"line":14,"column":21},"end":{"line":16,"column":3}},"8":{"start":{"line":15,"column":4},"end":{"line":15,"column":29}},"9":{"start":{"line":18,"column":2},"end":{"line":23,"column":4}},"10":{"start":{"line":3,"column":13},"end":{"line":3,"column":24}}},"fnMap":{"0":{"name":"(anonymous_0)","decl":{"start":{"line":3,"column":24},"end":{"line":3,"column":27}},"loc":{"start":{"line":3,"column":29},"end":{"line":24,"column":1}}},"1":{"name":"(anonymous_1)","decl":{"start":{"line":6,"column":20},"end":{"line":6,"column":23}},"loc":{"start":{"line":6,"column":25},"end":{"line":8,"column":3}}},"2":{"name":"(anonymous_2)","decl":{"start":{"line":10,"column":22},"end":{"line":10,"column":25}},"loc":{"start":{"line":10,"column":27},"end":{"line":12,"column":3}}},"3":{"name":"(anonymous_3)","decl":{"start":{"line":14,"column":21},"end":{"line":14,"column":24}},"loc":{"start":{"line":14,"column":26},"end":{"line":16,"column":3}}}},"branchMap":{},"s":{"0":2,"1":2,"2":29,"3":29,"4":5,"5":29,"6":2,"7":29,"8":2,"9":29,"10":2},"f":{"0":29,"1":5,"2":2,"3":2},"b":{}}
,"D:\\NTT DATA\\feature-testing\\BOOTCAMPFRONTEND-REACT-NTT\\src\\app\\pages\\home-page\\HomePage.tsx": {"path":"D:\\NTT DATA\\feature-testing\\BOOTCAMPFRONTEND-REACT-NTT\\src\\app\\pages\\home-page\\HomePage.tsx","statementMap":{"0":{"start":{"line":1,"column":0},"end":{"line":1,"column":48}},"1":{"start":{"line":3,"column":0},"end":{"line":3,"column":52}},"2":{"start":{"line":4,"column":0},"end":{"line":4,"column":63}},"3":{"start":{"line":6,"column":0},"end":{"line":6,"column":61}},"4":{"start":{"line":8,"column":0},"end":{"line":8,"column":70}},"5":{"start":{"line":10,"column":0},"end":{"line":10,"column":52}},"6":{"start":{"line":11,"column":0},"end":{"line":11,"column":64}},"7":{"start":{"line":12,"column":0},"end":{"line":12,"column":54}},"8":{"start":{"line":16,"column":21},"end":{"line":106,"column":1}},"9":{"start":{"line":18,"column":34},"end":{"line":18,"column":65}},"10":{"start":{"line":19,"column":50},"end":{"line":19,"column":81}},"11":{"start":{"line":20,"column":38},"end":{"line":20,"column":70}},"12":{"start":{"line":22,"column":50},"end":{"line":22,"column":82}},"13":{"start":{"line":23,"column":40},"end":{"line":23,"column":52}},"14":{"start":{"line":26,"column":23},"end":{"line":34,"column":3}},"15":{"start":{"line":27,"column":4},"end":{"line":33,"column":5}},"16":{"start":{"line":28,"column":19},"end":{"line":28,"column":38}},"17":{"start":{"line":29,"column":6},"end":{"line":29,"column":24}},"18":{"start":{"line":30,"column":6},"end":{"line":30,"column":32}},"19":{"start":{"line":32,"column":6},"end":{"line":32,"column":67}},"20":{"start":{"line":37,"column":25},"end":{"line":44,"column":3}},"21":{"start":{"line":38,"column":4},"end":{"line":43,"column":5}},"22":{"start":{"line":39,"column":32},"end":{"line":39,"column":53}},"23":{"start":{"line":40,"column":6},"end":{"line":40,"column":39}},"24":{"start":{"line":42,"column":6},"end":{"line":42,"column":61}},"25":{"start":{"line":47,"column":25},"end":{"line":65,"column":3}},"26":{"start":{"line":48,"column":19},"end":{"line":48,"column":32}},"27":{"start":{"line":51,"column":4},"end":{"line":55,"column":5}},"28":{"start":{"line":52,"column":6},"end":{"line":54,"column":8}},"29":{"start":{"line":53,"column":21},"end":{"line":53,"column":58}},"30":{"start":{"line":57,"column":4},"end":{"line":62,"column":5}},"31":{"start":{"line":58,"column":26},"end":{"line":58,"column":51}},"32":{"start":{"line":59,"column":6},"end":{"line":61,"column":8}},"33":{"start":{"line":60,"column":8},"end":{"line":60,"column":57}},"34":{"start":{"line":64,"column":4},"end":{"line":64,"column":34}},"35":{"start":{"line":68,"column":2},"end":{"line":71,"column":9}},"36":{"start":{"line":69,"column":4},"end":{"line":69,"column":19}},"37":{"start":{"line":70,"column":4},"end":{"line":70,"column":21}},"38":{"start":{"line":73,"column":2},"end":{"line":75,"column":48}},"39":{"start":{"line":74,"column":4},"end":{"line":74,"column":21}},"40":{"start":{"line":78,"column":2},"end":{"line":105,"column":4}},"41":{"start":{"line":86,"column":48},"end":{"line":86,"column":89}},"42":{"start":{"line":93,"column":12},"end":{"line":94,"column":null}},"43":{"start":{"line":108,"column":0},"end":{"line":108,"column":24}}},"fnMap":{"0":{"name":"(anonymous_1)","decl":{"start":{"line":16,"column":21},"end":{"line":16,"column":24}},"loc":{"start":{"line":16,"column":26},"end":{"line":106,"column":1}}},"1":{"name":"(anonymous_2)","decl":{"start":{"line":26,"column":23},"end":{"line":26,"column":28}},"loc":{"start":{"line":26,"column":34},"end":{"line":34,"column":3}}},"2":{"name":"(anonymous_3)","decl":{"start":{"line":37,"column":25},"end":{"line":37,"column":30}},"loc":{"start":{"line":37,"column":36},"end":{"line":44,"column":3}}},"3":{"name":"(anonymous_4)","decl":{"start":{"line":47,"column":25},"end":{"line":47,"column":28}},"loc":{"start":{"line":47,"column":30},"end":{"line":65,"column":3}}},"4":{"name":"(anonymous_5)","decl":{"start":{"line":53,"column":8},"end":{"line":53,"column":9}},"loc":{"start":{"line":53,"column":21},"end":{"line":53,"column":58}}},"5":{"name":"(anonymous_6)","decl":{"start":{"line":59,"column":33},"end":{"line":59,"column":34}},"loc":{"start":{"line":60,"column":8},"end":{"line":60,"column":57}}},"6":{"name":"(anonymous_7)","decl":{"start":{"line":68,"column":12},"end":{"line":68,"column":15}},"loc":{"start":{"line":68,"column":17},"end":{"line":71,"column":3}}},"7":{"name":"(anonymous_8)","decl":{"start":{"line":73,"column":12},"end":{"line":73,"column":15}},"loc":{"start":{"line":73,"column":17},"end":{"line":75,"column":3}}},"8":{"name":"(anonymous_9)","decl":{"start":{"line":86,"column":26},"end":{"line":86,"column":27}},"loc":{"start":{"line":86,"column":48},"end":{"line":86,"column":89}}},"9":{"name":"(anonymous_10)","decl":{"start":{"line":92,"column":31},"end":{"line":92,"column":32}},"loc":{"start":{"line":93,"column":12},"end":{"line":94,"column":null}}}},"branchMap":{"0":{"loc":{"start":{"line":51,"column":4},"end":{"line":55,"column":5}},"type":"if","locations":[{"start":{"line":51,"column":4},"end":{"line":55,"column":5}}]},"1":{"loc":{"start":{"line":57,"column":4},"end":{"line":62,"column":5}},"type":"if","locations":[{"start":{"line":57,"column":4},"end":{"line":62,"column":5}}]},"2":{"loc":{"start":{"line":91,"column":9},"end":{"line":99,"column":null}},"type":"cond-expr","locations":[{"start":{"line":92,"column":10},"end":{"line":97,"column":12}},{"start":{"line":99,"column":10},"end":{"line":99,"column":45}}]}},"s":{"0":1,"1":1,"2":1,"3":1,"4":1,"5":1,"6":1,"7":1,"8":1,"9":45,"10":45,"11":45,"12":45,"13":45,"14":45,"15":9,"16":9,"17":8,"18":8,"19":1,"20":45,"21":9,"22":9,"23":8,"24":1,"25":45,"26":22,"27":22,"28":3,"29":6,"30":22,"31":3,"32":3,"33":6,"34":22,"35":45,"36":9,"37":9,"38":45,"39":22,"40":45,"41":2,"42":48,"43":1},"f":{"0":45,"1":9,"2":9,"3":22,"4":6,"5":6,"6":9,"7":22,"8":2,"9":48},"b":{"0":[3],"1":[3],"2":[25,20]}}
,"D:\\NTT DATA\\feature-testing\\BOOTCAMPFRONTEND-REACT-NTT\\src\\app\\pages\\shopping-page\\ShoppingPage.tsx": {"path":"D:\\NTT DATA\\feature-testing\\BOOTCAMPFRONTEND-REACT-NTT\\src\\app\\pages\\shopping-page\\ShoppingPage.tsx","statementMap":{"0":{"start":{"line":1,"column":0},"end":{"line":1,"column":37}},"1":{"start":{"line":2,"column":0},"end":{"line":2,"column":47}},"2":{"start":{"line":3,"column":0},"end":{"line":3,"column":48}},"3":{"start":{"line":4,"column":0},"end":{"line":4,"column":84}},"4":{"start":{"line":5,"column":0},"end":{"line":5,"column":55}},"5":{"start":{"line":6,"column":0},"end":{"line":6,"column":59}},"6":{"start":{"line":7,"column":0},"end":{"line":7,"column":71}},"7":{"start":{"line":8,"column":0},"end":{"line":8,"column":52}},"8":{"start":{"line":9,"column":0},"end":{"line":9,"column":46}},"9":{"start":{"line":10,"column":0},"end":{"line":10,"column":28}},"10":{"start":{"line":22,"column":34},"end":{"line":29,"column":2}},"11":{"start":{"line":31,"column":22},"end":{"line":38,"column":2}},"12":{"start":{"line":40,"column":25},"end":{"line":137,"column":1}},"13":{"start":{"line":41,"column":19},"end":{"line":41,"column":38}},"14":{"start":{"line":42,"column":19},"end":{"line":42,"column":41}},"15":{"start":{"line":43,"column":19},"end":{"line":43,"column":32}},"16":{"start":{"line":44,"column":52},"end":{"line":44,"column":62}},"17":{"start":{"line":46,"column":34},"end":{"line":46,"column":69}},"18":{"start":{"line":47,"column":30},"end":{"line":47,"column":53}},"19":{"start":{"line":49,"column":27},"end":{"line":51,"column":3}},"20":{"start":{"line":50,"column":4},"end":{"line":50,"column":43}},"21":{"start":{"line":53,"column":25},"end":{"line":54,"column":79}},"22":{"start":{"line":54,"column":4},"end":{"line":54,"column":79}},"23":{"start":{"line":54,"column":33},"end":{"line":54,"column":75}},"24":{"start":{"line":57,"column":23},"end":{"line":68,"column":1}},"25":{"start":{"line":58,"column":28},"end":{"line":58,"column":36}},"26":{"start":{"line":59,"column":25},"end":{"line":59,"column":42}},"27":{"start":{"line":61,"column":22},"end":{"line":61,"column":44}},"28":{"start":{"line":63,"column":28},"end":{"line":63,"column":70}},"29":{"start":{"line":64,"column":4},"end":{"line":64,"column":33}},"30":{"start":{"line":66,"column":29},"end":{"line":66,"column":60}},"31":{"start":{"line":67,"column":4},"end":{"line":67,"column":79}},"32":{"start":{"line":67,"column":23},"end":{"line":67,"column":76}},"33":{"start":{"line":70,"column":23},"end":{"line":105,"column":3}},"34":{"start":{"line":71,"column":4},"end":{"line":71,"column":23}},"35":{"start":{"line":74,"column":41},"end":{"line":81,"column":6}},"36":{"start":{"line":84,"column":29},"end":{"line":84,"column":75}},"37":{"start":{"line":85,"column":4},"end":{"line":85,"column":32}},"38":{"start":{"line":88,"column":20},"end":{"line":88,"column":76}},"39":{"start":{"line":88,"column":65},"end":{"line":88,"column":75}},"40":{"start":{"line":90,"column":4},"end":{"line":104,"column":5}},"41":{"start":{"line":91,"column":6},"end":{"line":100,"column":9}},"42":{"start":{"line":102,"column":6},"end":{"line":102,"column":18}},"43":{"start":{"line":103,"column":6},"end":{"line":103,"column":35}},"44":{"start":{"line":108,"column":2},"end":{"line":136,"column":4}},"45":{"start":{"line":115,"column":37},"end":{"line":115,"column":86}},"46":{"start":{"line":116,"column":37},"end":{"line":116,"column":86}},"47":{"start":{"line":117,"column":34},"end":{"line":117,"column":80}},"48":{"start":{"line":129,"column":14},"end":{"line":129,"column":27}},"49":{"start":{"line":130,"column":14},"end":{"line":130,"column":28}},"50":{"start":{"line":139,"column":0},"end":{"line":139,"column":28}}},"fnMap":{"0":{"name":"(anonymous_1)","decl":{"start":{"line":40,"column":25},"end":{"line":40,"column":28}},"loc":{"start":{"line":40,"column":30},"end":{"line":137,"column":1}}},"1":{"name":"(anonymous_2)","decl":{"start":{"line":49,"column":27},"end":{"line":49,"column":28}},"loc":{"start":{"line":49,"column":67},"end":{"line":51,"column":3}}},"2":{"name":"(anonymous_3)","decl":{"start":{"line":53,"column":25},"end":{"line":53,"column":36}},"loc":{"start":{"line":54,"column":4},"end":{"line":54,"column":79}}},"3":{"name":"(anonymous_4)","decl":{"start":{"line":54,"column":16},"end":{"line":54,"column":17}},"loc":{"start":{"line":54,"column":33},"end":{"line":54,"column":75}}},"4":{"name":"(anonymous_5)","decl":{"start":{"line":57,"column":23},"end":{"line":57,"column":24}},"loc":{"start":{"line":57,"column":86},"end":{"line":68,"column":1}}},"5":{"name":"(anonymous_6)","decl":{"start":{"line":67,"column":14},"end":{"line":67,"column":18}},"loc":{"start":{"line":67,"column":23},"end":{"line":67,"column":76}}},"6":{"name":"(anonymous_7)","decl":{"start":{"line":70,"column":23},"end":{"line":70,"column":24}},"loc":{"start":{"line":70,"column":46},"end":{"line":105,"column":3}}},"7":{"name":"(anonymous_8)","decl":{"start":{"line":88,"column":58},"end":{"line":88,"column":61}},"loc":{"start":{"line":88,"column":65},"end":{"line":88,"column":75}}},"8":{"name":"(anonymous_9)","decl":{"start":{"line":115,"column":29},"end":{"line":115,"column":30}},"loc":{"start":{"line":115,"column":37},"end":{"line":115,"column":86}}},"9":{"name":"(anonymous_10)","decl":{"start":{"line":116,"column":29},"end":{"line":116,"column":30}},"loc":{"start":{"line":116,"column":37},"end":{"line":116,"column":86}}},"10":{"name":"(anonymous_11)","decl":{"start":{"line":117,"column":26},"end":{"line":117,"column":27}},"loc":{"start":{"line":117,"column":34},"end":{"line":117,"column":80}}},"11":{"name":"(anonymous_12)","decl":{"start":{"line":128,"column":26},"end":{"line":128,"column":29}},"loc":{"start":{"line":128,"column":31},"end":{"line":131,"column":13}}}},"branchMap":{"0":{"loc":{"start":{"line":90,"column":4},"end":{"line":104,"column":5}},"type":"if","locations":[{"start":{"line":90,"column":4},"end":{"line":104,"column":5}}]}},"s":{"0":1,"1":1,"2":1,"3":1,"4":1,"5":1,"6":1,"7":1,"8":1,"9":1,"10":1,"11":1,"12":1,"13":20,"14":20,"15":20,"16":20,"17":20,"18":20,"19":20,"20":3,"21":20,"22":23,"23":46,"24":20,"25":12,"26":12,"27":12,"28":12,"29":12,"30":12,"31":12,"32":12,"33":20,"34":3,"35":3,"36":3,"37":3,"38":3,"39":18,"40":3,"41":3,"42":3,"43":3,"44":20,"45":1,"46":1,"47":1,"48":1,"49":1,"50":1},"f":{"0":20,"1":3,"2":23,"3":46,"4":12,"5":12,"6":3,"7":18,"8":1,"9":1,"10":1,"11":1},"b":{"0":[3]}}
,"D:\\NTT DATA\\feature-testing\\BOOTCAMPFRONTEND-REACT-NTT\\src\\app\\routes\\routes.ts": {"path":"D:\\NTT DATA\\feature-testing\\BOOTCAMPFRONTEND-REACT-NTT\\src\\app\\routes\\routes.ts","statementMap":{"0":{"start":{"line":1,"column":0},"end":{"line":1,"column":null}},"1":{"start":{"line":2,"column":4},"end":{"line":2,"column":null}},"2":{"start":{"line":3,"column":4},"end":{"line":3,"column":null}}},"fnMap":{"0":{"name":"(anonymous_0)","decl":{"start":{"line":1,"column":0},"end":{"line":1,"column":18}},"loc":{"start":{"line":1,"column":30},"end":{"line":4,"column":3}}}},"branchMap":{"0":{"loc":{"start":{"line":1,"column":18},"end":{"line":1,"column":null}},"type":"binary-expr","locations":[{"start":{"line":1,"column":18},"end":{"line":1,"column":30}},{"start":{"line":1,"column":30},"end":{"line":1,"column":null}}]}},"s":{"0":2,"1":2,"2":2},"f":{"0":2},"b":{"0":[2,2]}}
,"D:\\NTT DATA\\feature-testing\\BOOTCAMPFRONTEND-REACT-NTT\\src\\app\\services\\category-request.ts": {"path":"D:\\NTT DATA\\feature-testing\\BOOTCAMPFRONTEND-REACT-NTT\\src\\app\\services\\category-request.ts","statementMap":{"0":{"start":{"line":2,"column":0},"end":{"line":2,"column":52}},"1":{"start":{"line":5,"column":29},"end":{"line":16,"column":1}},"2":{"start":{"line":6,"column":2},"end":{"line":15,"column":3}},"3":{"start":{"line":7,"column":21},"end":{"line":7,"column":74}},"4":{"start":{"line":8,"column":4},"end":{"line":10,"column":5}},"5":{"start":{"line":9,"column":6},"end":{"line":9,"column":58}},"6":{"start":{"line":11,"column":37},"end":{"line":11,"column":58}},"7":{"start":{"line":12,"column":4},"end":{"line":12,"column":16}},"8":{"start":{"line":14,"column":4},"end":{"line":14,"column":67}},"9":{"start":{"line":5,"column":13},"end":{"line":5,"column":29}}},"fnMap":{"0":{"name":"(anonymous_0)","decl":{"start":{"line":5,"column":29},"end":{"line":5,"column":34}},"loc":{"start":{"line":5,"column":69},"end":{"line":16,"column":1}}}},"branchMap":{"0":{"loc":{"start":{"line":8,"column":4},"end":{"line":10,"column":5}},"type":"if","locations":[{"start":{"line":8,"column":4},"end":{"line":10,"column":5}}]}},"s":{"0":2,"1":2,"2":3,"3":3,"4":2,"5":1,"6":1,"7":1,"8":2,"9":2},"f":{"0":3},"b":{"0":[1]}}
,"D:\\NTT DATA\\feature-testing\\BOOTCAMPFRONTEND-REACT-NTT\\src\\app\\services\\product-request.ts": {"path":"D:\\NTT DATA\\feature-testing\\BOOTCAMPFRONTEND-REACT-NTT\\src\\app\\services\\product-request.ts","statementMap":{"0":{"start":{"line":1,"column":0},"end":{"line":1,"column":52}},"1":{"start":{"line":5,"column":27},"end":{"line":16,"column":3}},"2":{"start":{"line":6,"column":4},"end":{"line":15,"column":5}},"3":{"start":{"line":7,"column":23},"end":{"line":7,"column":62}},"4":{"start":{"line":8,"column":19},"end":{"line":8,"column":40}},"5":{"start":{"line":9,"column":6},"end":{"line":11,"column":7}},"6":{"start":{"line":10,"column":8},"end":{"line":10,"column":59}},"7":{"start":{"line":12,"column":6},"end":{"line":12,"column":27}},"8":{"start":{"line":14,"column":6},"end":{"line":14,"column":66}},"9":{"start":{"line":5,"column":13},"end":{"line":5,"column":27}}},"fnMap":{"0":{"name":"(anonymous_0)","decl":{"start":{"line":5,"column":27},"end":{"line":5,"column":32}},"loc":{"start":{"line":5,"column":66},"end":{"line":16,"column":3}}}},"branchMap":{"0":{"loc":{"start":{"line":9,"column":6},"end":{"line":11,"column":7}},"type":"if","locations":[{"start":{"line":9,"column":6},"end":{"line":11,"column":7}}]}},"s":{"0":2,"1":2,"2":3,"3":3,"4":2,"5":2,"6":1,"7":1,"8":2,"9":2},"f":{"0":3},"b":{"0":[1]}}
,"D:\\NTT DATA\\feature-testing\\BOOTCAMPFRONTEND-REACT-NTT\\src\\utils\\formatNumber.ts": {"path":"D:\\NTT DATA\\feature-testing\\BOOTCAMPFRONTEND-REACT-NTT\\src\\utils\\formatNumber.ts","statementMap":{"0":{"start":{"line":2,"column":30},"end":{"line":4,"column":3}},"1":{"start":{"line":3,"column":4},"end":{"line":3,"column":32}},"2":{"start":{"line":2,"column":13},"end":{"line":2,"column":30}}},"fnMap":{"0":{"name":"(anonymous_0)","decl":{"start":{"line":2,"column":30},"end":{"line":2,"column":31}},"loc":{"start":{"line":2,"column":59},"end":{"line":4,"column":3}}}},"branchMap":{},"s":{"0":1,"1":3,"2":1},"f":{"0":3},"b":{}}
,"D:\\NTT DATA\\feature-testing\\BOOTCAMPFRONTEND-REACT-NTT\\src\\utils\\validation.ts": {"path":"D:\\NTT DATA\\feature-testing\\BOOTCAMPFRONTEND-REACT-NTT\\src\\utils\\validation.ts","statementMap":{"0":{"start":{"line":2,"column":0},"end":{"line":2,"column":65}},"1":{"start":{"line":5,"column":30},"end":{"line":11,"column":1}},"2":{"start":{"line":6,"column":2},"end":{"line":6,"column":40}},"3":{"start":{"line":6,"column":13},"end":{"line":6,"column":40}},"4":{"start":{"line":7,"column":2},"end":{"line":7,"column":82}},"5":{"start":{"line":7,"column":30},"end":{"line":7,"column":82}},"6":{"start":{"line":8,"column":2},"end":{"line":8,"column":101}},"7":{"start":{"line":8,"column":57},"end":{"line":8,"column":101}},"8":{"start":{"line":9,"column":2},"end":{"line":9,"column":104}},"9":{"start":{"line":9,"column":59},"end":{"line":9,"column":104}},"10":{"start":{"line":10,"column":2},"end":{"line":10,"column":12}},"11":{"start":{"line":5,"column":13},"end":{"line":5,"column":30}},"12":{"start":{"line":13,"column":34},"end":{"line":19,"column":1}},"13":{"start":{"line":14,"column":2},"end":{"line":14,"column":44}},"14":{"start":{"line":14,"column":17},"end":{"line":14,"column":44}},"15":{"start":{"line":15,"column":2},"end":{"line":15,"column":88}},"16":{"start":{"line":15,"column":34},"end":{"line":15,"column":88}},"17":{"start":{"line":16,"column":2},"end":{"line":16,"column":107}},"18":{"start":{"line":16,"column":61},"end":{"line":16,"column":107}},"19":{"start":{"line":17,"column":2},"end":{"line":17,"column":110}},"20":{"start":{"line":17,"column":63},"end":{"line":17,"column":110}},"21":{"start":{"line":18,"column":2},"end":{"line":18,"column":12}},"22":{"start":{"line":13,"column":13},"end":{"line":13,"column":34}},"23":{"start":{"line":21,"column":34},"end":{"line":25,"column":1}},"24":{"start":{"line":22,"column":2},"end":{"line":22,"column":44}},"25":{"start":{"line":22,"column":17},"end":{"line":22,"column":44}},"26":{"start":{"line":23,"column":2},"end":{"line":23,"column":73}},"27":{"start":{"line":23,"column":34},"end":{"line":23,"column":73}},"28":{"start":{"line":24,"column":2},"end":{"line":24,"column":12}},"29":{"start":{"line":21,"column":13},"end":{"line":21,"column":34}},"30":{"start":{"line":27,"column":33},"end":{"line":32,"column":1}},"31":{"start":{"line":28,"column":2},"end":{"line":28,"column":43}},"32":{"start":{"line":28,"column":16},"end":{"line":28,"column":43}},"33":{"start":{"line":29,"column":2},"end":{"line":29,"column":88}},"34":{"start":{"line":29,"column":33},"end":{"line":29,"column":88}},"35":{"start":{"line":30,"column":2},"end":{"line":30,"column":110}},"36":{"start":{"line":30,"column":58},"end":{"line":30,"column":110}},"37":{"start":{"line":31,"column":2},"end":{"line":31,"column":12}},"38":{"start":{"line":27,"column":13},"end":{"line":27,"column":33}},"39":{"start":{"line":34,"column":35},"end":{"line":39,"column":1}},"40":{"start":{"line":35,"column":2},"end":{"line":35,"column":45}},"41":{"start":{"line":35,"column":18},"end":{"line":35,"column":45}},"42":{"start":{"line":36,"column":2},"end":{"line":36,"column":91}},"43":{"start":{"line":36,"column":35},"end":{"line":36,"column":91}},"44":{"start":{"line":37,"column":2},"end":{"line":37,"column":113}},"45":{"start":{"line":37,"column":60},"end":{"line":37,"column":113}},"46":{"start":{"line":38,"column":2},"end":{"line":38,"column":12}},"47":{"start":{"line":34,"column":13},"end":{"line":34,"column":35}},"48":{"start":{"line":41,"column":31},"end":{"line":66,"column":1}},"49":{"start":{"line":42,"column":2},"end":{"line":42,"column":41}},"50":{"start":{"line":42,"column":14},"end":{"line":42,"column":41}},"51":{"start":{"line":43,"column":21},"end":{"line":43,"column":55}},"52":{"start":{"line":45,"column":2},"end":{"line":59,"column":3}},"53":{"start":{"line":46,"column":4},"end":{"line":48,"column":5}},"54":{"start":{"line":47,"column":6},"end":{"line":47,"column":61}},"55":{"start":{"line":49,"column":4},"end":{"line":51,"column":5}},"56":{"start":{"line":50,"column":6},"end":{"line":50,"column":73}},"57":{"start":{"line":53,"column":4},"end":{"line":55,"column":5}},"58":{"start":{"line":54,"column":6},"end":{"line":54,"column":44}},"59":{"start":{"line":56,"column":4},"end":{"line":58,"column":5}},"60":{"start":{"line":57,"column":6},"end":{"line":57,"column":46}},"61":{"start":{"line":61,"column":2},"end":{"line":63,"column":3}},"62":{"start":{"line":62,"column":4},"end":{"line":62,"column":50}},"63":{"start":{"line":65,"column":2},"end":{"line":65,"column":12}},"64":{"start":{"line":41,"column":13},"end":{"line":41,"column":31}},"65":{"start":{"line":68,"column":30},"end":{"line":79,"column":1}},"66":{"start":{"line":69,"column":49},"end":{"line":76,"column":4}},"67":{"start":{"line":78,"column":2},"end":{"line":78,"column":16}},"68":{"start":{"line":68,"column":13},"end":{"line":68,"column":30}}},"fnMap":{"0":{"name":"(anonymous_0)","decl":{"start":{"line":5,"column":30},"end":{"line":5,"column":31}},"loc":{"start":{"line":5,"column":55},"end":{"line":11,"column":1}}},"1":{"name":"(anonymous_1)","decl":{"start":{"line":13,"column":34},"end":{"line":13,"column":35}},"loc":{"start":{"line":13,"column":63},"end":{"line":19,"column":1}}},"2":{"name":"(anonymous_2)","decl":{"start":{"line":21,"column":34},"end":{"line":21,"column":35}},"loc":{"start":{"line":21,"column":63},"end":{"line":25,"column":1}}},"3":{"name":"(anonymous_3)","decl":{"start":{"line":27,"column":33},"end":{"line":27,"column":34}},"loc":{"start":{"line":27,"column":61},"end":{"line":32,"column":1}}},"4":{"name":"(anonymous_4)","decl":{"start":{"line":34,"column":35},"end":{"line":34,"column":36}},"loc":{"start":{"line":34,"column":65},"end":{"line":39,"column":1}}},"5":{"name":"(anonymous_5)","decl":{"start":{"line":41,"column":31},"end":{"line":41,"column":32}},"loc":{"start":{"line":41,"column":57},"end":{"line":66,"column":1}}},"6":{"name":"(anonymous_6)","decl":{"start":{"line":68,"column":30},"end":{"line":68,"column":31}},"loc":{"start":{"line":68,"column":85},"end":{"line":79,"column":1}}}},"branchMap":{"0":{"loc":{"start":{"line":6,"column":2},"end":{"line":6,"column":40}},"type":"if","locations":[{"start":{"line":6,"column":2},"end":{"line":6,"column":40}}]},"1":{"loc":{"start":{"line":7,"column":2},"end":{"line":7,"column":82}},"type":"if","locations":[{"start":{"line":7,"column":2},"end":{"line":7,"column":82}}]},"2":{"loc":{"start":{"line":8,"column":2},"end":{"line":8,"column":101}},"type":"if","locations":[{"start":{"line":8,"column":2},"end":{"line":8,"column":101}}]},"3":{"loc":{"start":{"line":9,"column":2},"end":{"line":9,"column":104}},"type":"if","locations":[{"start":{"line":9,"column":2},"end":{"line":9,"column":104}}]},"4":{"loc":{"start":{"line":14,"column":2},"end":{"line":14,"column":44}},"type":"if","locations":[{"start":{"line":14,"column":2},"end":{"line":14,"column":44}}]},"5":{"loc":{"start":{"line":15,"column":2},"end":{"line":15,"column":88}},"type":"if","locations":[{"start":{"line":15,"column":2},"end":{"line":15,"column":88}}]},"6":{"loc":{"start":{"line":16,"column":2},"end":{"line":16,"column":107}},"type":"if","locations":[{"start":{"line":16,"column":2},"end":{"line":16,"column":107}}]},"7":{"loc":{"start":{"line":17,"column":2},"end":{"line":17,"column":110}},"type":"if","locations":[{"start":{"line":17,"column":2},"end":{"line":17,"column":110}}]},"8":{"loc":{"start":{"line":22,"column":2},"end":{"line":22,"column":44}},"type":"if","locations":[{"start":{"line":22,"column":2},"end":{"line":22,"column":44}}]},"9":{"loc":{"start":{"line":23,"column":2},"end":{"line":23,"column":73}},"type":"if","locations":[{"start":{"line":23,"column":2},"end":{"line":23,"column":73}}]},"10":{"loc":{"start":{"line":28,"column":2},"end":{"line":28,"column":43}},"type":"if","locations":[{"start":{"line":28,"column":2},"end":{"line":28,"column":43}}]},"11":{"loc":{"start":{"line":29,"column":2},"end":{"line":29,"column":88}},"type":"if","locations":[{"start":{"line":29,"column":2},"end":{"line":29,"column":88}}]},"12":{"loc":{"start":{"line":30,"column":2},"end":{"line":30,"column":110}},"type":"if","locations":[{"start":{"line":30,"column":2},"end":{"line":30,"column":110}}]},"13":{"loc":{"start":{"line":35,"column":2},"end":{"line":35,"column":45}},"type":"if","locations":[{"start":{"line":35,"column":2},"end":{"line":35,"column":45}}]},"14":{"loc":{"start":{"line":36,"column":2},"end":{"line":36,"column":91}},"type":"if","locations":[{"start":{"line":36,"column":2},"end":{"line":36,"column":91}}]},"15":{"loc":{"start":{"line":37,"column":2},"end":{"line":37,"column":113}},"type":"if","locations":[{"start":{"line":37,"column":2},"end":{"line":37,"column":113}}]},"16":{"loc":{"start":{"line":42,"column":2},"end":{"line":42,"column":41}},"type":"if","locations":[{"start":{"line":42,"column":2},"end":{"line":42,"column":41}}]},"17":{"loc":{"start":{"line":45,"column":2},"end":{"line":59,"column":3}},"type":"if","locations":[{"start":{"line":45,"column":2},"end":{"line":59,"column":3}},{"start":{"line":52,"column":9},"end":{"line":59,"column":3}}]},"18":{"loc":{"start":{"line":46,"column":4},"end":{"line":48,"column":5}},"type":"if","locations":[{"start":{"line":46,"column":4},"end":{"line":48,"column":5}}]},"19":{"loc":{"start":{"line":49,"column":4},"end":{"line":51,"column":5}},"type":"if","locations":[{"start":{"line":49,"column":4},"end":{"line":51,"column":5}}]},"20":{"loc":{"start":{"line":53,"column":4},"end":{"line":55,"column":5}},"type":"if","locations":[{"start":{"line":53,"column":4},"end":{"line":55,"column":5}}]},"21":{"loc":{"start":{"line":56,"column":4},"end":{"line":58,"column":5}},"type":"if","locations":[{"start":{"line":56,"column":4},"end":{"line":58,"column":5}}]},"22":{"loc":{"start":{"line":61,"column":2},"end":{"line":63,"column":3}},"type":"if","locations":[{"start":{"line":61,"column":2},"end":{"line":63,"column":3}}]}},"s":{"0":1,"1":1,"2":8,"3":2,"4":6,"5":1,"6":5,"7":1,"8":4,"9":1,"10":3,"11":1,"12":1,"13":8,"14":2,"15":6,"16":1,"17":5,"18":2,"19":3,"20":1,"21":2,"22":1,"23":1,"24":6,"25":2,"26":4,"27":1,"28":3,"29":1,"30":1,"31":7,"32":2,"33":5,"34":2,"35":3,"36":1,"37":2,"38":1,"39":1,"40":7,"41":2,"42":5,"43":2,"44":3,"45":1,"46":2,"47":1,"48":1,"49":11,"50":2,"51":9,"52":9,"53":3,"54":1,"55":2,"56":1,"57":6,"58":2,"59":4,"60":1,"61":4,"62":1,"63":3,"64":1,"65":1,"66":3,"67":3,"68":1},"f":{"0":8,"1":8,"2":6,"3":7,"4":7,"5":11,"6":3},"b":{"0":[2],"1":[1],"2":[1],"3":[1],"4":[2],"5":[1],"6":[2],"7":[1],"8":[2],"9":[1],"10":[2],"11":[2],"12":[1],"13":[2],"14":[2],"15":[1],"16":[2],"17":[3,6],"18":[1],"19":[1],"20":[2],"21":[1],"22":[1]}}
}
