{"D:\\NTT DATA\\Cod\\proyecto-final\\proyecto-final-impl\\src\\app\\components\\footer\\Footer.tsx": {"path":"D:\\NTT DATA\\Cod\\proyecto-final\\proyecto-final-impl\\src\\app\\components\\footer\\Footer.tsx","statementMap":{"0":{"start":{"line":2,"column":0},"end":{"line":2,"column":69}},"1":{"start":{"line":3,"column":0},"end":{"line":3,"column":22}},"2":{"start":{"line":6,"column":19},"end":{"line":54,"column":1}},"3":{"start":{"line":7,"column":2},"end":{"line":53,"column":4}},"4":{"start":{"line":56,"column":0},"end":{"line":56,"column":22}}},"fnMap":{"0":{"name":"(anonymous_0)","decl":{"start":{"line":6,"column":19},"end":{"line":6,"column":22}},"loc":{"start":{"line":6,"column":24},"end":{"line":54,"column":1}}}},"branchMap":{},"s":{"0":1,"1":1,"2":1,"3":6,"4":1},"f":{"0":6},"b":{}}
,"D:\\NTT DATA\\Cod\\proyecto-final\\proyecto-final-impl\\src\\app\\components\\forgot-password\\ForgotPassword.tsx": {"path":"D:\\NTT DATA\\Cod\\proyecto-final\\proyecto-final-impl\\src\\app\\components\\forgot-password\\ForgotPassword.tsx","statementMap":{"0":{"start":{"line":1,"column":0},"end":{"line":1,"column":37}},"1":{"start":{"line":2,"column":0},"end":{"line":2,"column":30}},"2":{"start":{"line":3,"column":0},"end":{"line":3,"column":64}},"3":{"start":{"line":11,"column":58},"end":{"line":67,"column":1}},"4":{"start":{"line":12,"column":28},"end":{"line":12,"column":40}},"5":{"start":{"line":13,"column":28},"end":{"line":13,"column":40}},"6":{"start":{"line":15,"column":2},"end":{"line":15,"column":30}},"7":{"start":{"line":15,"column":18},"end":{"line":15,"column":30}},"8":{"start":{"line":17,"column":19},"end":{"line":31,"column":3}},"9":{"start":{"line":18,"column":4},"end":{"line":18,"column":23}},"10":{"start":{"line":19,"column":4},"end":{"line":22,"column":5}},"11":{"start":{"line":20,"column":6},"end":{"line":20,"column":65}},"12":{"start":{"line":21,"column":6},"end":{"line":21,"column":13}},"13":{"start":{"line":24,"column":4},"end":{"line":30,"column":5}},"14":{"start":{"line":25,"column":6},"end":{"line":25,"column":39}},"15":{"start":{"line":26,"column":6},"end":{"line":26,"column":19}},"16":{"start":{"line":27,"column":6},"end":{"line":27,"column":19}},"17":{"start":{"line":29,"column":6},"end":{"line":29,"column":98}},"18":{"start":{"line":33,"column":2},"end":{"line":66,"column":4}},"19":{"start":{"line":47,"column":29},"end":{"line":47,"column":53}},"20":{"start":{"line":69,"column":0},"end":{"line":69,"column":35}}},"fnMap":{"0":{"name":"(anonymous_0)","decl":{"start":{"line":11,"column":58},"end":{"line":11,"column":59}},"loc":{"start":{"line":11,"column":109},"end":{"line":67,"column":1}}},"1":{"name":"(anonymous_1)","decl":{"start":{"line":17,"column":19},"end":{"line":17,"column":24}},"loc":{"start":{"line":17,"column":48},"end":{"line":31,"column":3}}},"2":{"name":"(anonymous_2)","decl":{"start":{"line":47,"column":22},"end":{"line":47,"column":23}},"loc":{"start":{"line":47,"column":29},"end":{"line":47,"column":53}}}},"branchMap":{"0":{"loc":{"start":{"line":15,"column":2},"end":{"line":15,"column":30}},"type":"if","locations":[{"start":{"line":15,"column":2},"end":{"line":15,"column":30}}]},"1":{"loc":{"start":{"line":19,"column":4},"end":{"line":22,"column":5}},"type":"if","locations":[{"start":{"line":19,"column":4},"end":{"line":22,"column":5}}]},"2":{"loc":{"start":{"line":34,"column":29},"end":{"line":34,"column":52}},"type":"cond-expr","locations":[{"start":{"line":34,"column":41},"end":{"line":34,"column":47}},{"start":{"line":34,"column":50},"end":{"line":34,"column":52}}]},"3":{"loc":{"start":{"line":50,"column":11},"end":{"line":50,"column":65}},"type":"binary-expr","locations":[{"start":{"line":50,"column":11},"end":{"line":50,"column":16}},{"start":{"line":50,"column":20},"end":{"line":50,"column":65}}]}},"s":{"0":2,"1":2,"2":2,"3":2,"4":15,"5":15,"6":15,"7":7,"8":8,"9":2,"10":2,"11":0,"12":0,"13":2,"14":2,"15":1,"16":1,"17":1,"18":8,"19":2,"20":2},"f":{"0":15,"1":2,"2":2},"b":{"0":[7],"1":[0],"2":[8,0],"3":[8,1]}}
,"D:\\NTT DATA\\Cod\\proyecto-final\\proyecto-final-impl\\src\\app\\components\\form\\Form.tsx": {"path":"D:\\NTT DATA\\Cod\\proyecto-final\\proyecto-final-impl\\src\\app\\components\\form\\Form.tsx","statementMap":{"0":{"start":{"line":2,"column":0},"end":{"line":2,"column":51}},"1":{"start":{"line":3,"column":0},"end":{"line":3,"column":35}},"2":{"start":{"line":4,"column":0},"end":{"line":4,"column":20}},"3":{"start":{"line":29,"column":28},"end":{"line":141,"column":1}},"4":{"start":{"line":37,"column":40},"end":{"line":37,"column":54}},"5":{"start":{"line":39,"column":2},"end":{"line":39,"column":54}},"6":{"start":{"line":39,"column":15},"end":{"line":39,"column":54}},"7":{"start":{"line":40,"column":2},"end":{"line":40,"column":39}},"8":{"start":{"line":40,"column":13},"end":{"line":40,"column":39}},"9":{"start":{"line":42,"column":2},"end":{"line":140,"column":4}},"10":{"start":{"line":83,"column":14},"end":{"line":83,"column":40}},"11":{"start":{"line":143,"column":0},"end":{"line":143,"column":20}}},"fnMap":{"0":{"name":"(anonymous_1)","decl":{"start":{"line":29,"column":28},"end":{"line":29,"column":29}},"loc":{"start":{"line":36,"column":5},"end":{"line":141,"column":1}}},"1":{"name":"(anonymous_2)","decl":{"start":{"line":82,"column":27},"end":{"line":82,"column":28}},"loc":{"start":{"line":83,"column":14},"end":{"line":83,"column":40}}}},"branchMap":{"0":{"loc":{"start":{"line":39,"column":2},"end":{"line":39,"column":54}},"type":"if","locations":[{"start":{"line":39,"column":2},"end":{"line":39,"column":54}}]},"1":{"loc":{"start":{"line":40,"column":2},"end":{"line":40,"column":39}},"type":"if","locations":[{"start":{"line":40,"column":2},"end":{"line":40,"column":39}}]},"2":{"loc":{"start":{"line":56,"column":11},"end":{"line":56,"column":70}},"type":"binary-expr","locations":[{"start":{"line":56,"column":11},"end":{"line":56,"column":22}},{"start":{"line":56,"column":26},"end":{"line":56,"column":70}}]},"3":{"loc":{"start":{"line":69,"column":11},"end":{"line":69,"column":78}},"type":"binary-expr","locations":[{"start":{"line":69,"column":11},"end":{"line":69,"column":26}},{"start":{"line":69,"column":30},"end":{"line":69,"column":78}}]},"4":{"loc":{"start":{"line":88,"column":11},"end":{"line":88,"column":78}},"type":"binary-expr","locations":[{"start":{"line":88,"column":11},"end":{"line":88,"column":26}},{"start":{"line":88,"column":30},"end":{"line":88,"column":78}}]},"5":{"loc":{"start":{"line":101,"column":11},"end":{"line":101,"column":76}},"type":"binary-expr","locations":[{"start":{"line":101,"column":11},"end":{"line":101,"column":25}},{"start":{"line":101,"column":29},"end":{"line":101,"column":76}}]},"6":{"loc":{"start":{"line":114,"column":11},"end":{"line":114,"column":80}},"type":"binary-expr","locations":[{"start":{"line":114,"column":11},"end":{"line":114,"column":27}},{"start":{"line":114,"column":31},"end":{"line":114,"column":80}}]},"7":{"loc":{"start":{"line":127,"column":11},"end":{"line":127,"column":72}},"type":"binary-expr","locations":[{"start":{"line":127,"column":11},"end":{"line":127,"column":23}},{"start":{"line":127,"column":27},"end":{"line":127,"column":72}}]},"8":{"loc":{"start":{"line":133,"column":7},"end":{"line":137,"column":null}},"type":"binary-expr","locations":[{"start":{"line":133,"column":7},"end":{"line":133,"column":21}},{"start":{"line":134,"column":8},"end":{"line":136,"column":null}}]}},"s":{"0":1,"1":1,"2":1,"3":1,"4":7,"5":7,"6":1,"7":6,"8":1,"9":5,"10":10,"11":1},"f":{"0":7,"1":10},"b":{"0":[1],"1":[1],"2":[5,2],"3":[5,1],"4":[5,1],"5":[5,2],"6":[5,1],"7":[5,1],"8":[5,1]}}
,"D:\\NTT DATA\\Cod\\proyecto-final\\proyecto-final-impl\\src\\app\\components\\header\\Header.tsx": {"path":"D:\\NTT DATA\\Cod\\proyecto-final\\proyecto-final-impl\\src\\app\\components\\header\\Header.tsx","statementMap":{"0":{"start":{"line":2,"column":0},"end":{"line":2,"column":48}},"1":{"start":{"line":3,"column":0},"end":{"line":3,"column":63}},"2":{"start":{"line":4,"column":0},"end":{"line":4,"column":22}},"3":{"start":{"line":5,"column":0},"end":{"line":5,"column":84}},"4":{"start":{"line":6,"column":0},"end":{"line":6,"column":51}},"5":{"start":{"line":7,"column":0},"end":{"line":7,"column":53}},"6":{"start":{"line":8,"column":0},"end":{"line":8,"column":55}},"7":{"start":{"line":10,"column":19},"end":{"line":54,"column":1}},"8":{"start":{"line":11,"column":25},"end":{"line":11,"column":44}},"9":{"start":{"line":12,"column":19},"end":{"line":12,"column":41}},"10":{"start":{"line":13,"column":19},"end":{"line":13,"column":32}},"11":{"start":{"line":14,"column":21},"end":{"line":14,"column":75}},"12":{"start":{"line":14,"column":50},"end":{"line":14,"column":71}},"13":{"start":{"line":16,"column":23},"end":{"line":21,"column":3}},"14":{"start":{"line":17,"column":4},"end":{"line":17,"column":25}},"15":{"start":{"line":18,"column":4},"end":{"line":18,"column":27}},"16":{"start":{"line":19,"column":4},"end":{"line":19,"column":42}},"17":{"start":{"line":20,"column":4},"end":{"line":20,"column":23}},"18":{"start":{"line":23,"column":2},"end":{"line":53,"column":4}},"19":{"start":{"line":56,"column":0},"end":{"line":56,"column":22}}},"fnMap":{"0":{"name":"(anonymous_0)","decl":{"start":{"line":10,"column":19},"end":{"line":10,"column":22}},"loc":{"start":{"line":10,"column":24},"end":{"line":54,"column":1}}},"1":{"name":"(anonymous_1)","decl":{"start":{"line":14,"column":33},"end":{"line":14,"column":34}},"loc":{"start":{"line":14,"column":50},"end":{"line":14,"column":71}}},"2":{"name":"(anonymous_2)","decl":{"start":{"line":16,"column":23},"end":{"line":16,"column":26}},"loc":{"start":{"line":16,"column":28},"end":{"line":21,"column":3}}}},"branchMap":{"0":{"loc":{"start":{"line":29,"column":7},"end":{"line":34,"column":null}},"type":"binary-expr","locations":[{"start":{"line":29,"column":7},"end":{"line":29,"column":11}},{"start":{"line":30,"column":8},"end":{"line":33,"column":null}}]},"1":{"loc":{"start":{"line":45,"column":9},"end":{"line":49,"column":null}},"type":"binary-expr","locations":[{"start":{"line":45,"column":9},"end":{"line":45,"column":13}},{"start":{"line":46,"column":10},"end":{"line":48,"column":null}}]}},"s":{"0":1,"1":1,"2":1,"3":1,"4":1,"5":1,"6":1,"7":1,"8":6,"9":6,"10":6,"11":6,"12":10,"13":6,"14":1,"15":1,"16":1,"17":1,"18":6,"19":1},"f":{"0":6,"1":10,"2":1},"b":{"0":[6,6],"1":[6,6]}}
,"D:\\NTT DATA\\Cod\\proyecto-final\\proyecto-final-impl\\src\\app\\components\\modal\\Modal.tsx": {"path":"D:\\NTT DATA\\Cod\\proyecto-final\\proyecto-final-impl\\src\\app\\components\\modal\\Modal.tsx","statementMap":{"0":{"start":{"line":2,"column":0},"end":{"line":2,"column":21}},"1":{"start":{"line":3,"column":0},"end":{"line":3,"column":52}},"2":{"start":{"line":10,"column":26},"end":{"line":28,"column":1}},"3":{"start":{"line":11,"column":20},"end":{"line":11,"column":34}},"4":{"start":{"line":13,"column":22},"end":{"line":16,"column":3}},"5":{"start":{"line":14,"column":4},"end":{"line":14,"column":16}},"6":{"start":{"line":15,"column":4},"end":{"line":15,"column":17}},"7":{"start":{"line":18,"column":2},"end":{"line":27,"column":4}},"8":{"start":{"line":30,"column":0},"end":{"line":30,"column":21}}},"fnMap":{"0":{"name":"(anonymous_1)","decl":{"start":{"line":10,"column":26},"end":{"line":10,"column":27}},"loc":{"start":{"line":10,"column":56},"end":{"line":28,"column":1}}},"1":{"name":"(anonymous_2)","decl":{"start":{"line":13,"column":22},"end":{"line":13,"column":25}},"loc":{"start":{"line":13,"column":27},"end":{"line":16,"column":3}}}},"branchMap":{"0":{"loc":{"start":{"line":19,"column":29},"end":{"line":19,"column":52}},"type":"cond-expr","locations":[{"start":{"line":19,"column":41},"end":{"line":19,"column":47}},{"start":{"line":19,"column":50},"end":{"line":19,"column":52}}]}},"s":{"0":2,"1":2,"2":2,"3":3,"4":3,"5":1,"6":1,"7":3,"8":2},"f":{"0":3,"1":1},"b":{"0":[2,1]}}
,"D:\\NTT DATA\\Cod\\proyecto-final\\proyecto-final-impl\\src\\app\\components\\pagination\\CircularPagination.tsx": {"path":"D:\\NTT DATA\\Cod\\proyecto-final\\proyecto-final-impl\\src\\app\\components\\pagination\\CircularPagination.tsx","statementMap":{"0":{"start":{"line":1,"column":0},"end":{"line":1,"column":26}},"1":{"start":{"line":3,"column":0},"end":{"line":3,"column":59}},"2":{"start":{"line":4,"column":0},"end":{"line":4,"column":34}},"3":{"start":{"line":5,"column":0},"end":{"line":5,"column":54}},"4":{"start":{"line":13,"column":62},"end":{"line":69,"column":1}},"5":{"start":{"line":18,"column":26},"end":{"line":18,"column":68}},"6":{"start":{"line":20,"column":4},"end":{"line":68,"column":6}},"7":{"start":{"line":23,"column":31},"end":{"line":23,"column":60}},"8":{"start":{"line":34,"column":37},"end":{"line":34,"column":80}},"9":{"start":{"line":36,"column":16},"end":{"line":52,"column":18}},"10":{"start":{"line":42,"column":43},"end":{"line":42,"column":64}},"11":{"start":{"line":56,"column":31},"end":{"line":56,"column":60}},"12":{"start":{"line":71,"column":0},"end":{"line":71,"column":34}}},"fnMap":{"0":{"name":"(anonymous_1)","decl":{"start":{"line":13,"column":62},"end":{"line":13,"column":63}},"loc":{"start":{"line":17,"column":5},"end":{"line":69,"column":1}}},"1":{"name":"(anonymous_2)","decl":{"start":{"line":23,"column":25},"end":{"line":23,"column":28}},"loc":{"start":{"line":23,"column":31},"end":{"line":23,"column":60}}},"2":{"name":"(anonymous_3)","decl":{"start":{"line":33,"column":27},"end":{"line":33,"column":28}},"loc":{"start":{"line":33,"column":53},"end":{"line":53,"column":13}}},"3":{"name":"(anonymous_4)","decl":{"start":{"line":42,"column":37},"end":{"line":42,"column":40}},"loc":{"start":{"line":42,"column":43},"end":{"line":42,"column":64}}},"4":{"name":"(anonymous_5)","decl":{"start":{"line":56,"column":25},"end":{"line":56,"column":28}},"loc":{"start":{"line":56,"column":31},"end":{"line":56,"column":60}}}},"branchMap":{"0":{"loc":{"start":{"line":27,"column":20},"end":{"line":27,"column":null}},"type":"cond-expr","locations":[{"start":{"line":27,"column":40},"end":{"line":27,"column":70}},{"start":{"line":27,"column":73},"end":{"line":27,"column":null}}]},"1":{"loc":{"start":{"line":34,"column":37},"end":{"line":34,"column":80}},"type":"binary-expr","locations":[{"start":{"line":34,"column":37},"end":{"line":34,"column":46}},{"start":{"line":34,"column":50},"end":{"line":34,"column":80}}]},"2":{"loc":{"start":{"line":38,"column":25},"end":{"line":39,"column":null}},"type":"binary-expr","locations":[{"start":{"line":38,"column":25},"end":{"line":38,"column":37}},{"start":{"line":39,"column":28},"end":{"line":39,"column":77}}]},"3":{"loc":{"start":{"line":44,"column":32},"end":{"line":46,"column":null}},"type":"cond-expr","locations":[{"start":{"line":45,"column":38},"end":{"line":45,"column":66}},{"start":{"line":46,"column":38},"end":{"line":46,"column":null}}]},"4":{"loc":{"start":{"line":60,"column":20},"end":{"line":62,"column":null}},"type":"cond-expr","locations":[{"start":{"line":61,"column":26},"end":{"line":61,"column":56}},{"start":{"line":62,"column":26},"end":{"line":62,"column":null}}]}},"s":{"0":1,"1":1,"2":1,"3":1,"4":1,"5":8,"6":8,"7":1,"8":40,"9":40,"10":1,"11":1,"12":1},"f":{"0":8,"1":1,"2":40,"3":1,"4":1},"b":{"0":[3,5],"1":[40,32],"2":[40,1],"3":[8,32],"4":[1,7]}}
,"D:\\NTT DATA\\Cod\\proyecto-final\\proyecto-final-impl\\src\\app\\components\\product\\ProductCard.tsx": {"path":"D:\\NTT DATA\\Cod\\proyecto-final\\proyecto-final-impl\\src\\app\\components\\product\\ProductCard.tsx","statementMap":{"0":{"start":{"line":3,"column":0},"end":{"line":3,"column":27}},"1":{"start":{"line":4,"column":0},"end":{"line":4,"column":65}},"2":{"start":{"line":5,"column":0},"end":{"line":5,"column":55}},"3":{"start":{"line":6,"column":0},"end":{"line":6,"column":61}},"4":{"start":{"line":12,"column":38},"end":{"line":56,"column":1}},"5":{"start":{"line":21,"column":6},"end":{"line":21,"column":13}},"6":{"start":{"line":23,"column":19},"end":{"line":23,"column":41}},"7":{"start":{"line":25,"column":20},"end":{"line":27,"column":3}},"8":{"start":{"line":26,"column":4},"end":{"line":26,"column":63}},"9":{"start":{"line":28,"column":2},"end":{"line":55,"column":4}},"10":{"start":{"line":58,"column":0},"end":{"line":58,"column":27}}},"fnMap":{"0":{"name":"(anonymous_0)","decl":{"start":{"line":12,"column":38},"end":{"line":12,"column":39}},"loc":{"start":{"line":12,"column":54},"end":{"line":56,"column":1}}},"1":{"name":"(anonymous_1)","decl":{"start":{"line":25,"column":20},"end":{"line":25,"column":23}},"loc":{"start":{"line":25,"column":25},"end":{"line":27,"column":3}}}},"branchMap":{"0":{"loc":{"start":{"line":30,"column":7},"end":{"line":33,"column":null}},"type":"binary-expr","locations":[{"start":{"line":30,"column":7},"end":{"line":30,"column":29}},{"start":{"line":31,"column":8},"end":{"line":32,"column":null}}]}},"s":{"0":2,"1":2,"2":2,"3":2,"4":2,"5":4,"6":4,"7":4,"8":1,"9":4,"10":2},"f":{"0":4,"1":1},"b":{"0":[4,3]}}
,"D:\\NTT DATA\\Cod\\proyecto-final\\proyecto-final-impl\\src\\app\\components\\search\\SearchContainer.tsx": {"path":"D:\\NTT DATA\\Cod\\proyecto-final\\proyecto-final-impl\\src\\app\\components\\search\\SearchContainer.tsx","statementMap":{"0":{"start":{"line":2,"column":0},"end":{"line":2,"column":31}},"1":{"start":{"line":14,"column":50},"end":{"line":47,"column":1}},"2":{"start":{"line":22,"column":2},"end":{"line":46,"column":4}},"3":{"start":{"line":27,"column":25},"end":{"line":27,"column":57}},"4":{"start":{"line":31,"column":10},"end":{"line":31,"column":33}},"5":{"start":{"line":42,"column":27},"end":{"line":42,"column":62}},"6":{"start":{"line":49,"column":0},"end":{"line":49,"column":31}}},"fnMap":{"0":{"name":"(anonymous_0)","decl":{"start":{"line":14,"column":50},"end":{"line":14,"column":51}},"loc":{"start":{"line":21,"column":5},"end":{"line":47,"column":1}}},"1":{"name":"(anonymous_1)","decl":{"start":{"line":27,"column":18},"end":{"line":27,"column":19}},"loc":{"start":{"line":27,"column":25},"end":{"line":27,"column":57}}},"2":{"name":"(anonymous_2)","decl":{"start":{"line":30,"column":24},"end":{"line":30,"column":25}},"loc":{"start":{"line":31,"column":10},"end":{"line":31,"column":33}}},"3":{"name":"(anonymous_3)","decl":{"start":{"line":42,"column":20},"end":{"line":42,"column":21}},"loc":{"start":{"line":42,"column":27},"end":{"line":42,"column":62}}}},"branchMap":{"0":{"loc":{"start":{"line":20,"column":2},"end":{"line":20,"column":27}},"type":"default-arg","locations":[{"start":{"line":20,"column":16},"end":{"line":20,"column":27}}]}},"s":{"0":2,"1":2,"2":7,"3":1,"4":144,"5":1,"6":2},"f":{"0":7,"1":1,"2":144,"3":1},"b":{"0":[0]}}
,"D:\\NTT DATA\\Cod\\proyecto-final\\proyecto-final-impl\\src\\app\\components\\shopping-cart\\ShoppingCart.tsx": {"path":"D:\\NTT DATA\\Cod\\proyecto-final\\proyecto-final-impl\\src\\app\\components\\shopping-cart\\ShoppingCart.tsx","statementMap":{"0":{"start":{"line":3,"column":0},"end":{"line":3,"column":28}},"1":{"start":{"line":5,"column":0},"end":{"line":5,"column":41}},"2":{"start":{"line":15,"column":44},"end":{"line":97,"column":1}},"3":{"start":{"line":22,"column":2},"end":{"line":96,"column":4}},"4":{"start":{"line":43,"column":12},"end":{"line":43,"column":39}},"5":{"start":{"line":62,"column":33},"end":{"line":62,"column":65}},"6":{"start":{"line":69,"column":33},"end":{"line":69,"column":65}},"7":{"start":{"line":78,"column":33},"end":{"line":78,"column":62}},"8":{"start":{"line":99,"column":0},"end":{"line":99,"column":28}}},"fnMap":{"0":{"name":"(anonymous_0)","decl":{"start":{"line":15,"column":44},"end":{"line":15,"column":45}},"loc":{"start":{"line":21,"column":5},"end":{"line":97,"column":1}}},"1":{"name":"(anonymous_1)","decl":{"start":{"line":42,"column":20},"end":{"line":42,"column":21}},"loc":{"start":{"line":43,"column":12},"end":{"line":43,"column":39}}},"2":{"name":"(anonymous_2)","decl":{"start":{"line":62,"column":27},"end":{"line":62,"column":30}},"loc":{"start":{"line":62,"column":33},"end":{"line":62,"column":65}}},"3":{"name":"(anonymous_3)","decl":{"start":{"line":69,"column":27},"end":{"line":69,"column":30}},"loc":{"start":{"line":69,"column":33},"end":{"line":69,"column":65}}},"4":{"name":"(anonymous_4)","decl":{"start":{"line":78,"column":27},"end":{"line":78,"column":30}},"loc":{"start":{"line":78,"column":33},"end":{"line":78,"column":62}}}},"branchMap":{"0":{"loc":{"start":{"line":38,"column":7},"end":{"line":85,"column":null}},"type":"cond-expr","locations":[{"start":{"line":39,"column":8},"end":{"line":39,"column":61}},{"start":{"line":41,"column":8},"end":{"line":84,"column":null}}]},"1":{"loc":{"start":{"line":88,"column":7},"end":{"line":93,"column":null}},"type":"binary-expr","locations":[{"start":{"line":88,"column":7},"end":{"line":88,"column":22}},{"start":{"line":89,"column":8},"end":{"line":92,"column":null}}]}},"s":{"0":1,"1":1,"2":1,"3":6,"4":10,"5":2,"6":2,"7":1,"8":1},"f":{"0":6,"1":10,"2":2,"3":2,"4":1},"b":{"0":[1,5],"1":[6,5]}}
,"D:\\NTT DATA\\Cod\\proyecto-final\\proyecto-final-impl\\src\\app\\config\\api-config.ts": {"path":"D:\\NTT DATA\\Cod\\proyecto-final\\proyecto-final-impl\\src\\app\\config\\api-config.ts","statementMap":{"0":{"start":{"line":1,"column":13},"end":{"line":1,"column":52}}},"fnMap":{},"branchMap":{},"s":{"0":2},"f":{},"b":{}}
,"D:\\NTT DATA\\Cod\\proyecto-final\\proyecto-final-impl\\src\\app\\context\\app-context.tsx": {"path":"D:\\NTT DATA\\Cod\\proyecto-final\\proyecto-final-impl\\src\\app\\context\\app-context.tsx","statementMap":{"0":{"start":{"line":1,"column":0},"end":{"line":1,"column":69}},"1":{"start":{"line":2,"column":0},"end":{"line":2,"column":79}},"2":{"start":{"line":4,"column":24},"end":{"line":4,"column":70}},"3":{"start":{"line":5,"column":27},"end":{"line":7,"column":12}},"4":{"start":{"line":9,"column":68},"end":{"line":19,"column":1}},"5":{"start":{"line":10,"column":28},"end":{"line":10,"column":64}},"6":{"start":{"line":12,"column":2},"end":{"line":18,"column":4}},"7":{"start":{"line":9,"column":13},"end":{"line":9,"column":68}},"8":{"start":{"line":21,"column":33},"end":{"line":27,"column":1}},"9":{"start":{"line":22,"column":18},"end":{"line":22,"column":45}},"10":{"start":{"line":23,"column":2},"end":{"line":25,"column":3}},"11":{"start":{"line":24,"column":4},"end":{"line":24,"column":76}},"12":{"start":{"line":26,"column":2},"end":{"line":26,"column":17}},"13":{"start":{"line":21,"column":13},"end":{"line":21,"column":33}},"14":{"start":{"line":29,"column":36},"end":{"line":35,"column":1}},"15":{"start":{"line":30,"column":18},"end":{"line":30,"column":48}},"16":{"start":{"line":31,"column":2},"end":{"line":33,"column":3}},"17":{"start":{"line":32,"column":4},"end":{"line":32,"column":79}},"18":{"start":{"line":34,"column":2},"end":{"line":34,"column":17}},"19":{"start":{"line":29,"column":13},"end":{"line":29,"column":36}}},"fnMap":{"0":{"name":"(anonymous_0)","decl":{"start":{"line":9,"column":68},"end":{"line":9,"column":69}},"loc":{"start":{"line":9,"column":85},"end":{"line":19,"column":1}}},"1":{"name":"(anonymous_1)","decl":{"start":{"line":21,"column":33},"end":{"line":21,"column":46}},"loc":{"start":{"line":21,"column":48},"end":{"line":27,"column":1}}},"2":{"name":"(anonymous_2)","decl":{"start":{"line":29,"column":36},"end":{"line":29,"column":71}},"loc":{"start":{"line":29,"column":73},"end":{"line":35,"column":1}}}},"branchMap":{"0":{"loc":{"start":{"line":23,"column":2},"end":{"line":25,"column":3}},"type":"if","locations":[{"start":{"line":23,"column":2},"end":{"line":25,"column":3}}]},"1":{"loc":{"start":{"line":31,"column":2},"end":{"line":33,"column":3}},"type":"if","locations":[{"start":{"line":31,"column":2},"end":{"line":33,"column":3}}]}},"s":{"0":3,"1":3,"2":3,"3":3,"4":3,"5":8,"6":8,"7":3,"8":3,"9":6,"10":6,"11":4,"12":2,"13":3,"14":3,"15":13,"16":13,"17":4,"18":9,"19":3},"f":{"0":8,"1":6,"2":13},"b":{"0":[4],"1":[4]}}
,"D:\\NTT DATA\\Cod\\proyecto-final\\proyecto-final-impl\\src\\app\\context\\app-initializer.tsx": {"path":"D:\\NTT DATA\\Cod\\proyecto-final\\proyecto-final-impl\\src\\app\\context\\app-initializer.tsx","statementMap":{"0":{"start":{"line":1,"column":0},"end":{"line":1,"column":34}},"1":{"start":{"line":2,"column":0},"end":{"line":2,"column":53}},"2":{"start":{"line":3,"column":0},"end":{"line":3,"column":52}},"3":{"start":{"line":5,"column":23},"end":{"line":16,"column":3}},"4":{"start":{"line":6,"column":21},"end":{"line":6,"column":43}},"5":{"start":{"line":8,"column":4},"end":{"line":13,"column":11}},"6":{"start":{"line":9,"column":24},"end":{"line":9,"column":52}},"7":{"start":{"line":10,"column":6},"end":{"line":12,"column":7}},"8":{"start":{"line":11,"column":8},"end":{"line":11,"column":67}},"9":{"start":{"line":15,"column":4},"end":{"line":15,"column":16}},"10":{"start":{"line":18,"column":2},"end":{"line":18,"column":32}}},"fnMap":{"0":{"name":"(anonymous_0)","decl":{"start":{"line":5,"column":23},"end":{"line":5,"column":26}},"loc":{"start":{"line":5,"column":28},"end":{"line":16,"column":3}}},"1":{"name":"(anonymous_1)","decl":{"start":{"line":8,"column":14},"end":{"line":8,"column":17}},"loc":{"start":{"line":8,"column":19},"end":{"line":13,"column":5}}}},"branchMap":{"0":{"loc":{"start":{"line":10,"column":6},"end":{"line":12,"column":7}},"type":"if","locations":[{"start":{"line":10,"column":6},"end":{"line":12,"column":7}}]}},"s":{"0":1,"1":1,"2":1,"3":1,"4":2,"5":2,"6":2,"7":2,"8":1,"9":2,"10":1},"f":{"0":2,"1":2},"b":{"0":[1]}}
,"D:\\NTT DATA\\Cod\\proyecto-final\\proyecto-final-impl\\src\\app\\context\\reducer.ts": {"path":"D:\\NTT DATA\\Cod\\proyecto-final\\proyecto-final-impl\\src\\app\\context\\reducer.ts","statementMap":{"0":{"start":{"line":1,"column":0},"end":{"line":1,"column":52}},"1":{"start":{"line":12,"column":13},"end":{"line":15,"column":2}},"2":{"start":{"line":22,"column":26},"end":{"line":89,"column":1}},"3":{"start":{"line":26,"column":2},"end":{"line":88,"column":3}},"4":{"start":{"line":28,"column":35},"end":{"line":29,"column":null}},"5":{"start":{"line":29,"column":18},"end":{"line":29,"column":55}},"6":{"start":{"line":31,"column":6},"end":{"line":35,"column":7}},"7":{"start":{"line":32,"column":28},"end":{"line":32,"column":43}},"8":{"start":{"line":33,"column":8},"end":{"line":33,"column":56}},"9":{"start":{"line":34,"column":8},"end":{"line":34,"column":47}},"10":{"start":{"line":36,"column":6},"end":{"line":39,"column":8}},"11":{"start":{"line":42,"column":6},"end":{"line":50,"column":8}},"12":{"start":{"line":45,"column":10},"end":{"line":47,"column":11}},"13":{"start":{"line":46,"column":12},"end":{"line":46,"column":60}},"14":{"start":{"line":48,"column":10},"end":{"line":48,"column":22}},"15":{"start":{"line":53,"column":6},"end":{"line":63,"column":8}},"16":{"start":{"line":57,"column":12},"end":{"line":59,"column":13}},"17":{"start":{"line":58,"column":14},"end":{"line":58,"column":62}},"18":{"start":{"line":60,"column":12},"end":{"line":60,"column":24}},"19":{"start":{"line":62,"column":28},"end":{"line":62,"column":45}},"20":{"start":{"line":66,"column":6},"end":{"line":69,"column":8}},"21":{"start":{"line":68,"column":42},"end":{"line":68,"column":76}},"22":{"start":{"line":71,"column":6},"end":{"line":74,"column":8}},"23":{"start":{"line":76,"column":6},"end":{"line":79,"column":8}},"24":{"start":{"line":82,"column":6},"end":{"line":82,"column":27}},"25":{"start":{"line":83,"column":6},"end":{"line":85,"column":8}},"26":{"start":{"line":87,"column":6},"end":{"line":87,"column":19}},"27":{"start":{"line":22,"column":13},"end":{"line":22,"column":26}}},"fnMap":{"0":{"name":"(anonymous_0)","decl":{"start":{"line":22,"column":26},"end":{"line":22,"column":null}},"loc":{"start":{"line":25,"column":14},"end":{"line":89,"column":1}}},"1":{"name":"(anonymous_1)","decl":{"start":{"line":29,"column":8},"end":{"line":29,"column":9}},"loc":{"start":{"line":29,"column":18},"end":{"line":29,"column":55}}},"2":{"name":"(anonymous_2)","decl":{"start":{"line":44,"column":29},"end":{"line":44,"column":30}},"loc":{"start":{"line":44,"column":38},"end":{"line":49,"column":9}}},"3":{"name":"(anonymous_3)","decl":{"start":{"line":56,"column":15},"end":{"line":56,"column":16}},"loc":{"start":{"line":56,"column":24},"end":{"line":61,"column":11}}},"4":{"name":"(anonymous_4)","decl":{"start":{"line":62,"column":18},"end":{"line":62,"column":19}},"loc":{"start":{"line":62,"column":28},"end":{"line":62,"column":45}}},"5":{"name":"(anonymous_5)","decl":{"start":{"line":68,"column":32},"end":{"line":68,"column":33}},"loc":{"start":{"line":68,"column":42},"end":{"line":68,"column":76}}}},"branchMap":{"0":{"loc":{"start":{"line":26,"column":2},"end":{"line":88,"column":3}},"type":"switch","locations":[{"start":{"line":27,"column":4},"end":{"line":39,"column":8}},{"start":{"line":41,"column":4},"end":{"line":50,"column":8}},{"start":{"line":52,"column":4},"end":{"line":63,"column":8}},{"start":{"line":65,"column":4},"end":{"line":69,"column":8}},{"start":{"line":70,"column":4},"end":{"line":74,"column":8}},{"start":{"line":75,"column":4},"end":{"line":79,"column":8}},{"start":{"line":81,"column":4},"end":{"line":85,"column":8}},{"start":{"line":86,"column":4},"end":{"line":87,"column":19}}]},"1":{"loc":{"start":{"line":31,"column":6},"end":{"line":35,"column":7}},"type":"if","locations":[{"start":{"line":31,"column":6},"end":{"line":35,"column":7}}]},"2":{"loc":{"start":{"line":45,"column":10},"end":{"line":47,"column":11}},"type":"if","locations":[{"start":{"line":45,"column":10},"end":{"line":47,"column":11}}]},"3":{"loc":{"start":{"line":57,"column":12},"end":{"line":59,"column":13}},"type":"if","locations":[{"start":{"line":57,"column":12},"end":{"line":59,"column":13}}]}},"s":{"0":4,"1":4,"2":4,"3":16,"4":2,"5":1,"6":2,"7":1,"8":1,"9":1,"10":1,"11":3,"12":4,"13":2,"14":2,"15":4,"16":5,"17":3,"18":2,"19":5,"20":1,"21":2,"22":1,"23":2,"24":2,"25":2,"26":1,"27":4},"f":{"0":16,"1":1,"2":4,"3":5,"4":5,"5":2},"b":{"0":[2,3,4,1,1,2,2,1],"1":[1],"2":[2],"3":[3]}}
,"D:\\NTT DATA\\Cod\\proyecto-final\\proyecto-final-impl\\src\\app\\domain\\actions-type.ts": {"path":"D:\\NTT DATA\\Cod\\proyecto-final\\proyecto-final-impl\\src\\app\\domain\\actions-type.ts","statementMap":{"0":{"start":{"line":6,"column":0},"end":{"line":6,"column":null}},"1":{"start":{"line":7,"column":2},"end":{"line":7,"column":null}},"2":{"start":{"line":8,"column":2},"end":{"line":8,"column":null}},"3":{"start":{"line":9,"column":2},"end":{"line":9,"column":null}},"4":{"start":{"line":10,"column":2},"end":{"line":10,"column":null}},"5":{"start":{"line":11,"column":2},"end":{"line":11,"column":null}},"6":{"start":{"line":12,"column":2},"end":{"line":12,"column":null}},"7":{"start":{"line":13,"column":2},"end":{"line":13,"column":null}},"8":{"start":{"line":14,"column":2},"end":{"line":14,"column":null}}},"fnMap":{"0":{"name":"(anonymous_0)","decl":{"start":{"line":6,"column":0},"end":{"line":6,"column":18}},"loc":{"start":{"line":6,"column":28},"end":{"line":15,"column":1}}}},"branchMap":{"0":{"loc":{"start":{"line":6,"column":18},"end":{"line":6,"column":null}},"type":"binary-expr","locations":[{"start":{"line":6,"column":18},"end":{"line":6,"column":28}},{"start":{"line":6,"column":28},"end":{"line":6,"column":null}}]}},"s":{"0":13,"1":13,"2":13,"3":13,"4":13,"5":13,"6":13,"7":13,"8":13},"f":{"0":13},"b":{"0":[13,13]}}
,"D:\\NTT DATA\\Cod\\proyecto-final\\proyecto-final-impl\\src\\app\\domain\\category-enum.ts": {"path":"D:\\NTT DATA\\Cod\\proyecto-final\\proyecto-final-impl\\src\\app\\domain\\category-enum.ts","statementMap":{"0":{"start":{"line":1,"column":0},"end":{"line":1,"column":null}},"1":{"start":{"line":2,"column":4},"end":{"line":2,"column":null}},"2":{"start":{"line":3,"column":4},"end":{"line":3,"column":null}},"3":{"start":{"line":4,"column":4},"end":{"line":4,"column":null}},"4":{"start":{"line":5,"column":4},"end":{"line":5,"column":null}},"5":{"start":{"line":6,"column":4},"end":{"line":6,"column":null}},"6":{"start":{"line":7,"column":4},"end":{"line":7,"column":null}},"7":{"start":{"line":8,"column":4},"end":{"line":8,"column":null}},"8":{"start":{"line":9,"column":4},"end":{"line":9,"column":null}},"9":{"start":{"line":10,"column":4},"end":{"line":10,"column":null}},"10":{"start":{"line":11,"column":4},"end":{"line":11,"column":null}},"11":{"start":{"line":12,"column":4},"end":{"line":12,"column":null}},"12":{"start":{"line":13,"column":4},"end":{"line":13,"column":null}},"13":{"start":{"line":14,"column":4},"end":{"line":14,"column":null}},"14":{"start":{"line":15,"column":4},"end":{"line":15,"column":null}},"15":{"start":{"line":16,"column":4},"end":{"line":16,"column":null}},"16":{"start":{"line":17,"column":4},"end":{"line":17,"column":null}},"17":{"start":{"line":18,"column":4},"end":{"line":18,"column":null}},"18":{"start":{"line":19,"column":4},"end":{"line":19,"column":null}},"19":{"start":{"line":20,"column":4},"end":{"line":20,"column":null}},"20":{"start":{"line":21,"column":4},"end":{"line":21,"column":null}},"21":{"start":{"line":22,"column":4},"end":{"line":22,"column":null}},"22":{"start":{"line":23,"column":4},"end":{"line":23,"column":null}},"23":{"start":{"line":24,"column":4},"end":{"line":24,"column":null}},"24":{"start":{"line":25,"column":4},"end":{"line":25,"column":null}},"25":{"start":{"line":26,"column":4},"end":{"line":26,"column":null}},"26":{"start":{"line":27,"column":4},"end":{"line":27,"column":null}}},"fnMap":{"0":{"name":"(anonymous_0)","decl":{"start":{"line":1,"column":0},"end":{"line":1,"column":12}},"loc":{"start":{"line":1,"column":20},"end":{"line":28,"column":3}}}},"branchMap":{"0":{"loc":{"start":{"line":1,"column":12},"end":{"line":1,"column":null}},"type":"binary-expr","locations":[{"start":{"line":1,"column":12},"end":{"line":1,"column":20}},{"start":{"line":1,"column":20},"end":{"line":1,"column":null}}]}},"s":{"0":1,"1":1,"2":1,"3":1,"4":1,"5":1,"6":1,"7":1,"8":1,"9":1,"10":1,"11":1,"12":1,"13":1,"14":1,"15":1,"16":1,"17":1,"18":1,"19":1,"20":1,"21":1,"22":1,"23":1,"24":1,"25":1,"26":1},"f":{"0":1},"b":{"0":[1,1]}}
,"D:\\NTT DATA\\Cod\\proyecto-final\\proyecto-final-impl\\src\\app\\domain\\validation-rules.ts": {"path":"D:\\NTT DATA\\Cod\\proyecto-final\\proyecto-final-impl\\src\\app\\domain\\validation-rules.ts","statementMap":{"0":{"start":{"line":1,"column":0},"end":{"line":1,"column":null}},"1":{"start":{"line":2,"column":4},"end":{"line":2,"column":null}},"2":{"start":{"line":3,"column":4},"end":{"line":3,"column":null}},"3":{"start":{"line":4,"column":4},"end":{"line":4,"column":null}},"4":{"start":{"line":5,"column":4},"end":{"line":5,"column":null}},"5":{"start":{"line":6,"column":4},"end":{"line":6,"column":null}}},"fnMap":{"0":{"name":"(anonymous_0)","decl":{"start":{"line":1,"column":0},"end":{"line":1,"column":12}},"loc":{"start":{"line":1,"column":27},"end":{"line":7,"column":3}}}},"branchMap":{"0":{"loc":{"start":{"line":1,"column":12},"end":{"line":1,"column":null}},"type":"binary-expr","locations":[{"start":{"line":1,"column":12},"end":{"line":1,"column":27}},{"start":{"line":1,"column":27},"end":{"line":1,"column":null}}]}},"s":{"0":3,"1":3,"2":3,"3":3,"4":3,"5":3},"f":{"0":3},"b":{"0":[3,3]}}
,"D:\\NTT DATA\\Cod\\proyecto-final\\proyecto-final-impl\\src\\app\\hooks\\useAuth.ts": {"path":"D:\\NTT DATA\\Cod\\proyecto-final\\proyecto-final-impl\\src\\app\\hooks\\useAuth.ts","statementMap":{"0":{"start":{"line":1,"column":0},"end":{"line":1,"column":81}},"1":{"start":{"line":2,"column":0},"end":{"line":2,"column":52}},"2":{"start":{"line":4,"column":23},"end":{"line":19,"column":3}},"3":{"start":{"line":5,"column":21},"end":{"line":5,"column":43}},"4":{"start":{"line":6,"column":21},"end":{"line":6,"column":40}},"5":{"start":{"line":8,"column":18},"end":{"line":11,"column":5}},"6":{"start":{"line":9,"column":6},"end":{"line":9,"column":45}},"7":{"start":{"line":10,"column":6},"end":{"line":10,"column":64}},"8":{"start":{"line":13,"column":19},"end":{"line":16,"column":5}},"9":{"start":{"line":14,"column":6},"end":{"line":14,"column":44}},"10":{"start":{"line":15,"column":6},"end":{"line":15,"column":38}},"11":{"start":{"line":18,"column":4},"end":{"line":18,"column":35}},"12":{"start":{"line":4,"column":13},"end":{"line":4,"column":23}}},"fnMap":{"0":{"name":"(anonymous_0)","decl":{"start":{"line":4,"column":23},"end":{"line":4,"column":26}},"loc":{"start":{"line":4,"column":28},"end":{"line":19,"column":3}}},"1":{"name":"(anonymous_1)","decl":{"start":{"line":8,"column":18},"end":{"line":8,"column":19}},"loc":{"start":{"line":8,"column":39},"end":{"line":11,"column":5}}},"2":{"name":"(anonymous_2)","decl":{"start":{"line":13,"column":19},"end":{"line":13,"column":22}},"loc":{"start":{"line":13,"column":24},"end":{"line":16,"column":5}}}},"branchMap":{},"s":{"0":1,"1":1,"2":1,"3":2,"4":2,"5":2,"6":1,"7":1,"8":2,"9":1,"10":1,"11":2,"12":1},"f":{"0":2,"1":1,"2":1},"b":{}}
,"D:\\NTT DATA\\Cod\\proyecto-final\\proyecto-final-impl\\src\\app\\hooks\\useClearCart.ts": {"path":"D:\\NTT DATA\\Cod\\proyecto-final\\proyecto-final-impl\\src\\app\\hooks\\useClearCart.ts","statementMap":{"0":{"start":{"line":2,"column":0},"end":{"line":2,"column":62}},"1":{"start":{"line":3,"column":0},"end":{"line":3,"column":52}},"2":{"start":{"line":5,"column":21},"end":{"line":13,"column":1}},"3":{"start":{"line":6,"column":19},"end":{"line":6,"column":41}},"4":{"start":{"line":8,"column":20},"end":{"line":10,"column":3}},"5":{"start":{"line":9,"column":4},"end":{"line":9,"column":45}},"6":{"start":{"line":12,"column":2},"end":{"line":12,"column":19}},"7":{"start":{"line":15,"column":0},"end":{"line":15,"column":28}}},"fnMap":{"0":{"name":"(anonymous_0)","decl":{"start":{"line":5,"column":21},"end":{"line":5,"column":24}},"loc":{"start":{"line":5,"column":26},"end":{"line":13,"column":1}}},"1":{"name":"(anonymous_1)","decl":{"start":{"line":8,"column":20},"end":{"line":8,"column":23}},"loc":{"start":{"line":8,"column":25},"end":{"line":10,"column":3}}}},"branchMap":{},"s":{"0":3,"1":3,"2":3,"3":2,"4":2,"5":1,"6":2,"7":3},"f":{"0":2,"1":1},"b":{}}
,"D:\\NTT DATA\\Cod\\proyecto-final\\proyecto-final-impl\\src\\app\\hooks\\useDistrict.ts": {"path":"D:\\NTT DATA\\Cod\\proyecto-final\\proyecto-final-impl\\src\\app\\hooks\\useDistrict.ts","statementMap":{"0":{"start":{"line":1,"column":0},"end":{"line":1,"column":44}},"1":{"start":{"line":8,"column":21},"end":{"line":34,"column":1}},"2":{"start":{"line":9,"column":36},"end":{"line":9,"column":60}},"3":{"start":{"line":10,"column":32},"end":{"line":10,"column":55}},"4":{"start":{"line":11,"column":28},"end":{"line":11,"column":57}},"5":{"start":{"line":13,"column":2},"end":{"line":31,"column":9}},"6":{"start":{"line":15,"column":27},"end":{"line":28,"column":5}},"7":{"start":{"line":16,"column":6},"end":{"line":27,"column":7}},"8":{"start":{"line":17,"column":25},"end":{"line":17,"column":60}},"9":{"start":{"line":18,"column":8},"end":{"line":20,"column":9}},"10":{"start":{"line":19,"column":10},"end":{"line":19,"column":72}},"11":{"start":{"line":21,"column":21},"end":{"line":21,"column":42}},"12":{"start":{"line":22,"column":8},"end":{"line":22,"column":37}},"13":{"start":{"line":24,"column":8},"end":{"line":24,"column":46}},"14":{"start":{"line":26,"column":8},"end":{"line":26,"column":26}},"15":{"start":{"line":30,"column":4},"end":{"line":30,"column":21}},"16":{"start":{"line":33,"column":2},"end":{"line":33,"column":39}},"17":{"start":{"line":36,"column":0},"end":{"line":36,"column":28}}},"fnMap":{"0":{"name":"(anonymous_0)","decl":{"start":{"line":8,"column":21},"end":{"line":8,"column":24}},"loc":{"start":{"line":8,"column":26},"end":{"line":34,"column":1}}},"1":{"name":"(anonymous_1)","decl":{"start":{"line":13,"column":12},"end":{"line":13,"column":15}},"loc":{"start":{"line":13,"column":17},"end":{"line":31,"column":3}}},"2":{"name":"(anonymous_2)","decl":{"start":{"line":15,"column":27},"end":{"line":15,"column":32}},"loc":{"start":{"line":15,"column":38},"end":{"line":28,"column":5}}}},"branchMap":{"0":{"loc":{"start":{"line":18,"column":8},"end":{"line":20,"column":9}},"type":"if","locations":[{"start":{"line":18,"column":8},"end":{"line":20,"column":9}}]}},"s":{"0":1,"1":1,"2":7,"3":7,"4":7,"5":7,"6":4,"7":4,"8":4,"9":3,"10":1,"11":1,"12":1,"13":3,"14":4,"15":4,"16":7,"17":1},"f":{"0":7,"1":4,"2":4},"b":{"0":[1]}}
,"D:\\NTT DATA\\Cod\\proyecto-final\\proyecto-final-impl\\src\\app\\hooks\\useLocalStorage.ts": {"path":"D:\\NTT DATA\\Cod\\proyecto-final\\proyecto-final-impl\\src\\app\\hooks\\useLocalStorage.ts","statementMap":{"0":{"start":{"line":4,"column":0},"end":{"line":4,"column":16}},"1":{"start":{"line":1,"column":0},"end":{"line":1,"column":33}},"2":{"start":{"line":6,"column":22},"end":{"line":6,"column":47}},"3":{"start":{"line":7,"column":22},"end":{"line":7,"column":74}},"4":{"start":{"line":9,"column":28},"end":{"line":9,"column":52}},"5":{"start":{"line":12,"column":31},"end":{"line":15,"column":3}},"6":{"start":{"line":13,"column":4},"end":{"line":13,"column":23}},"7":{"start":{"line":14,"column":4},"end":{"line":14,"column":56}},"8":{"start":{"line":17,"column":2},"end":{"line":17,"column":48}}},"fnMap":{"0":{"name":"useLocalStorage","decl":{"start":{"line":4,"column":16},"end":{"line":4,"column":31}},"loc":{"start":{"line":4,"column":63},"end":{"line":18,"column":1}}},"1":{"name":"(anonymous_1)","decl":{"start":{"line":12,"column":31},"end":{"line":12,"column":32}},"loc":{"start":{"line":12,"column":47},"end":{"line":15,"column":3}}}},"branchMap":{"0":{"loc":{"start":{"line":7,"column":22},"end":{"line":7,"column":74}},"type":"cond-expr","locations":[{"start":{"line":7,"column":36},"end":{"line":7,"column":59}},{"start":{"line":7,"column":62},"end":{"line":7,"column":74}}]}},"s":{"0":1,"1":1,"2":7,"3":7,"4":7,"5":7,"6":3,"7":3,"8":7},"f":{"0":7,"1":3},"b":{"0":[4,3]}}
,"D:\\NTT DATA\\Cod\\proyecto-final\\proyecto-final-impl\\src\\app\\hooks\\useModal.ts": {"path":"D:\\NTT DATA\\Cod\\proyecto-final\\proyecto-final-impl\\src\\app\\hooks\\useModal.ts","statementMap":{"0":{"start":{"line":1,"column":0},"end":{"line":1,"column":33}},"1":{"start":{"line":3,"column":24},"end":{"line":24,"column":1}},"2":{"start":{"line":4,"column":46},"end":{"line":4,"column":61}},"3":{"start":{"line":6,"column":20},"end":{"line":8,"column":3}},"4":{"start":{"line":7,"column":4},"end":{"line":7,"column":28}},"5":{"start":{"line":10,"column":22},"end":{"line":12,"column":3}},"6":{"start":{"line":11,"column":4},"end":{"line":11,"column":39}},"7":{"start":{"line":14,"column":21},"end":{"line":16,"column":3}},"8":{"start":{"line":15,"column":4},"end":{"line":15,"column":29}},"9":{"start":{"line":18,"column":2},"end":{"line":23,"column":4}},"10":{"start":{"line":3,"column":13},"end":{"line":3,"column":24}}},"fnMap":{"0":{"name":"(anonymous_0)","decl":{"start":{"line":3,"column":24},"end":{"line":3,"column":27}},"loc":{"start":{"line":3,"column":29},"end":{"line":24,"column":1}}},"1":{"name":"(anonymous_1)","decl":{"start":{"line":6,"column":20},"end":{"line":6,"column":23}},"loc":{"start":{"line":6,"column":25},"end":{"line":8,"column":3}}},"2":{"name":"(anonymous_2)","decl":{"start":{"line":10,"column":22},"end":{"line":10,"column":25}},"loc":{"start":{"line":10,"column":27},"end":{"line":12,"column":3}}},"3":{"name":"(anonymous_3)","decl":{"start":{"line":14,"column":21},"end":{"line":14,"column":24}},"loc":{"start":{"line":14,"column":26},"end":{"line":16,"column":3}}}},"branchMap":{},"s":{"0":2,"1":2,"2":9,"3":9,"4":2,"5":9,"6":2,"7":9,"8":1,"9":9,"10":2},"f":{"0":9,"1":2,"2":2,"3":1},"b":{}}
,"D:\\NTT DATA\\Cod\\proyecto-final\\proyecto-final-impl\\src\\app\\hooks\\usePagination.ts": {"path":"D:\\NTT DATA\\Cod\\proyecto-final\\proyecto-final-impl\\src\\app\\hooks\\usePagination.ts","statementMap":{"0":{"start":{"line":1,"column":0},"end":{"line":1,"column":32}},"1":{"start":{"line":8,"column":22},"end":{"line":33,"column":1}},"2":{"start":{"line":9,"column":22},"end":{"line":30,"column":33}},"3":{"start":{"line":10,"column":22},"end":{"line":10,"column":24}},"4":{"start":{"line":11,"column":32},"end":{"line":11,"column":33}},"5":{"start":{"line":13,"column":8},"end":{"line":27,"column":9}},"6":{"start":{"line":14,"column":12},"end":{"line":16,"column":13}},"7":{"start":{"line":14,"column":25},"end":{"line":14,"column":26}},"8":{"start":{"line":15,"column":16},"end":{"line":15,"column":30}},"9":{"start":{"line":18,"column":12},"end":{"line":18,"column":26}},"10":{"start":{"line":19,"column":12},"end":{"line":25,"column":13}},"11":{"start":{"line":20,"column":16},"end":{"line":20,"column":36}},"12":{"start":{"line":21,"column":19},"end":{"line":25,"column":13}},"13":{"start":{"line":22,"column":16},"end":{"line":22,"column":75}},"14":{"start":{"line":24,"column":16},"end":{"line":24,"column":74}},"15":{"start":{"line":26,"column":12},"end":{"line":26,"column":35}},"16":{"start":{"line":29,"column":8},"end":{"line":29,"column":21}},"17":{"start":{"line":32,"column":4},"end":{"line":32,"column":25}},"18":{"start":{"line":35,"column":0},"end":{"line":35,"column":29}}},"fnMap":{"0":{"name":"(anonymous_0)","decl":{"start":{"line":8,"column":22},"end":{"line":8,"column":23}},"loc":{"start":{"line":8,"column":74},"end":{"line":33,"column":1}}},"1":{"name":"(anonymous_1)","decl":{"start":{"line":9,"column":30},"end":{"line":9,"column":33}},"loc":{"start":{"line":9,"column":35},"end":{"line":30,"column":5}}}},"branchMap":{"0":{"loc":{"start":{"line":13,"column":8},"end":{"line":27,"column":9}},"type":"if","locations":[{"start":{"line":13,"column":8},"end":{"line":27,"column":9}},{"start":{"line":17,"column":15},"end":{"line":27,"column":9}}]},"1":{"loc":{"start":{"line":19,"column":12},"end":{"line":25,"column":13}},"type":"if","locations":[{"start":{"line":19,"column":12},"end":{"line":25,"column":13}},{"start":{"line":21,"column":19},"end":{"line":25,"column":13}}]},"2":{"loc":{"start":{"line":21,"column":19},"end":{"line":25,"column":13}},"type":"if","locations":[{"start":{"line":21,"column":19},"end":{"line":25,"column":13}},{"start":{"line":23,"column":19},"end":{"line":25,"column":13}}]}},"s":{"0":2,"1":2,"2":13,"3":13,"4":13,"5":13,"6":8,"7":8,"8":38,"9":5,"10":5,"11":2,"12":3,"13":2,"14":1,"15":5,"16":13,"17":13,"18":2},"f":{"0":13,"1":13},"b":{"0":[8,5],"1":[2,3],"2":[2,1]}}
,"D:\\NTT DATA\\Cod\\proyecto-final\\proyecto-final-impl\\src\\app\\pages\\home-page\\HomePage.tsx": {"path":"D:\\NTT DATA\\Cod\\proyecto-final\\proyecto-final-impl\\src\\app\\pages\\home-page\\HomePage.tsx","statementMap":{"0":{"start":{"line":1,"column":0},"end":{"line":1,"column":48}},"1":{"start":{"line":2,"column":0},"end":{"line":2,"column":52}},"2":{"start":{"line":3,"column":0},"end":{"line":3,"column":63}},"3":{"start":{"line":5,"column":0},"end":{"line":5,"column":61}},"4":{"start":{"line":6,"column":0},"end":{"line":6,"column":70}},"5":{"start":{"line":8,"column":0},"end":{"line":8,"column":52}},"6":{"start":{"line":9,"column":0},"end":{"line":9,"column":64}},"7":{"start":{"line":10,"column":0},"end":{"line":10,"column":54}},"8":{"start":{"line":11,"column":0},"end":{"line":11,"column":42}},"9":{"start":{"line":12,"column":0},"end":{"line":12,"column":80}},"10":{"start":{"line":14,"column":21},"end":{"line":126,"column":1}},"11":{"start":{"line":16,"column":34},"end":{"line":16,"column":65}},"12":{"start":{"line":17,"column":50},"end":{"line":17,"column":81}},"13":{"start":{"line":18,"column":38},"end":{"line":18,"column":70}},"14":{"start":{"line":20,"column":50},"end":{"line":20,"column":82}},"15":{"start":{"line":21,"column":40},"end":{"line":21,"column":52}},"16":{"start":{"line":23,"column":40},"end":{"line":23,"column":51}},"17":{"start":{"line":24,"column":28},"end":{"line":24,"column":39}},"18":{"start":{"line":27,"column":23},"end":{"line":35,"column":3}},"19":{"start":{"line":28,"column":4},"end":{"line":34,"column":5}},"20":{"start":{"line":29,"column":19},"end":{"line":29,"column":38}},"21":{"start":{"line":30,"column":6},"end":{"line":30,"column":24}},"22":{"start":{"line":31,"column":6},"end":{"line":31,"column":32}},"23":{"start":{"line":33,"column":6},"end":{"line":33,"column":67}},"24":{"start":{"line":38,"column":25},"end":{"line":45,"column":3}},"25":{"start":{"line":39,"column":4},"end":{"line":44,"column":5}},"26":{"start":{"line":40,"column":32},"end":{"line":40,"column":53}},"27":{"start":{"line":41,"column":6},"end":{"line":41,"column":39}},"28":{"start":{"line":43,"column":6},"end":{"line":43,"column":61}},"29":{"start":{"line":48,"column":25},"end":{"line":65,"column":3}},"30":{"start":{"line":49,"column":19},"end":{"line":49,"column":32}},"31":{"start":{"line":51,"column":4},"end":{"line":55,"column":5}},"32":{"start":{"line":52,"column":6},"end":{"line":54,"column":8}},"33":{"start":{"line":53,"column":21},"end":{"line":53,"column":58}},"34":{"start":{"line":57,"column":4},"end":{"line":62,"column":5}},"35":{"start":{"line":58,"column":26},"end":{"line":58,"column":51}},"36":{"start":{"line":59,"column":6},"end":{"line":61,"column":8}},"37":{"start":{"line":60,"column":8},"end":{"line":60,"column":57}},"38":{"start":{"line":64,"column":4},"end":{"line":64,"column":34}},"39":{"start":{"line":68,"column":27},"end":{"line":72,"column":3}},"40":{"start":{"line":69,"column":4},"end":{"line":69,"column":27}},"41":{"start":{"line":69,"column":18},"end":{"line":69,"column":27}},"42":{"start":{"line":70,"column":4},"end":{"line":70,"column":45}},"43":{"start":{"line":70,"column":27},"end":{"line":70,"column":45}},"44":{"start":{"line":71,"column":4},"end":{"line":71,"column":25}},"45":{"start":{"line":75,"column":21},"end":{"line":75,"column":73}},"46":{"start":{"line":78,"column":2},"end":{"line":81,"column":9}},"47":{"start":{"line":79,"column":4},"end":{"line":79,"column":19}},"48":{"start":{"line":80,"column":4},"end":{"line":80,"column":21}},"49":{"start":{"line":83,"column":2},"end":{"line":85,"column":48}},"50":{"start":{"line":84,"column":4},"end":{"line":84,"column":21}},"51":{"start":{"line":88,"column":29},"end":{"line":88,"column":58}},"52":{"start":{"line":89,"column":30},"end":{"line":89,"column":66}},"53":{"start":{"line":90,"column":26},"end":{"line":90,"column":89}},"54":{"start":{"line":92,"column":2},"end":{"line":125,"column":4}},"55":{"start":{"line":100,"column":48},"end":{"line":100,"column":89}},"56":{"start":{"line":107,"column":12},"end":{"line":107,"column":42}},"57":{"start":{"line":128,"column":0},"end":{"line":128,"column":34}}},"fnMap":{"0":{"name":"(anonymous_1)","decl":{"start":{"line":14,"column":21},"end":{"line":14,"column":24}},"loc":{"start":{"line":14,"column":26},"end":{"line":126,"column":1}}},"1":{"name":"(anonymous_2)","decl":{"start":{"line":27,"column":23},"end":{"line":27,"column":28}},"loc":{"start":{"line":27,"column":34},"end":{"line":35,"column":3}}},"2":{"name":"(anonymous_3)","decl":{"start":{"line":38,"column":25},"end":{"line":38,"column":30}},"loc":{"start":{"line":38,"column":36},"end":{"line":45,"column":3}}},"3":{"name":"(anonymous_4)","decl":{"start":{"line":48,"column":25},"end":{"line":48,"column":28}},"loc":{"start":{"line":48,"column":30},"end":{"line":65,"column":3}}},"4":{"name":"(anonymous_5)","decl":{"start":{"line":53,"column":8},"end":{"line":53,"column":9}},"loc":{"start":{"line":53,"column":21},"end":{"line":53,"column":58}}},"5":{"name":"(anonymous_6)","decl":{"start":{"line":59,"column":33},"end":{"line":59,"column":34}},"loc":{"start":{"line":60,"column":8},"end":{"line":60,"column":57}}},"6":{"name":"(anonymous_7)","decl":{"start":{"line":68,"column":27},"end":{"line":68,"column":28}},"loc":{"start":{"line":68,"column":44},"end":{"line":72,"column":3}}},"7":{"name":"(anonymous_8)","decl":{"start":{"line":78,"column":12},"end":{"line":78,"column":15}},"loc":{"start":{"line":78,"column":17},"end":{"line":81,"column":3}}},"8":{"name":"(anonymous_9)","decl":{"start":{"line":83,"column":12},"end":{"line":83,"column":15}},"loc":{"start":{"line":83,"column":17},"end":{"line":85,"column":3}}},"9":{"name":"(anonymous_10)","decl":{"start":{"line":100,"column":26},"end":{"line":100,"column":27}},"loc":{"start":{"line":100,"column":48},"end":{"line":100,"column":89}}},"10":{"name":"(anonymous_11)","decl":{"start":{"line":106,"column":30},"end":{"line":106,"column":31}},"loc":{"start":{"line":107,"column":12},"end":{"line":107,"column":42}}}},"branchMap":{"0":{"loc":{"start":{"line":51,"column":4},"end":{"line":55,"column":5}},"type":"if","locations":[{"start":{"line":51,"column":4},"end":{"line":55,"column":5}}]},"1":{"loc":{"start":{"line":57,"column":4},"end":{"line":62,"column":5}},"type":"if","locations":[{"start":{"line":57,"column":4},"end":{"line":62,"column":5}}]},"2":{"loc":{"start":{"line":69,"column":4},"end":{"line":69,"column":27}},"type":"if","locations":[{"start":{"line":69,"column":4},"end":{"line":69,"column":27}}]},"3":{"loc":{"start":{"line":70,"column":4},"end":{"line":70,"column":45}},"type":"if","locations":[{"start":{"line":70,"column":4},"end":{"line":70,"column":45}}]},"4":{"loc":{"start":{"line":105,"column":9},"end":{"line":110,"column":null}},"type":"cond-expr","locations":[{"start":{"line":106,"column":10},"end":{"line":108,"column":12}},{"start":{"line":110,"column":10},"end":{"line":110,"column":45}}]},"5":{"loc":{"start":{"line":115,"column":7},"end":{"line":120,"column":null}},"type":"binary-expr","locations":[{"start":{"line":115,"column":7},"end":{"line":115,"column":21}},{"start":{"line":116,"column":8},"end":{"line":119,"column":null}}]}},"s":{"0":1,"1":1,"2":1,"3":1,"4":1,"5":1,"6":1,"7":1,"8":1,"9":1,"10":1,"11":0,"12":0,"13":0,"14":0,"15":0,"16":0,"17":0,"18":0,"19":0,"20":0,"21":0,"22":0,"23":0,"24":0,"25":0,"26":0,"27":0,"28":0,"29":0,"30":0,"31":0,"32":0,"33":0,"34":0,"35":0,"36":0,"37":0,"38":0,"39":0,"40":0,"41":0,"42":0,"43":0,"44":0,"45":0,"46":0,"47":0,"48":0,"49":0,"50":0,"51":0,"52":0,"53":0,"54":0,"55":0,"56":0,"57":1},"f":{"0":0,"1":0,"2":0,"3":0,"4":0,"5":0,"6":0,"7":0,"8":0,"9":0,"10":0},"b":{"0":[0],"1":[0],"2":[0],"3":[0],"4":[0,0],"5":[0,0]}}
,"D:\\NTT DATA\\Cod\\proyecto-final\\proyecto-final-impl\\src\\app\\pages\\login-page\\LoginPage.tsx": {"path":"D:\\NTT DATA\\Cod\\proyecto-final\\proyecto-final-impl\\src\\app\\pages\\login-page\\LoginPage.tsx","statementMap":{"0":{"start":{"line":1,"column":0},"end":{"line":1,"column":47}},"1":{"start":{"line":2,"column":0},"end":{"line":2,"column":48}},"2":{"start":{"line":3,"column":0},"end":{"line":3,"column":69}},"3":{"start":{"line":4,"column":0},"end":{"line":4,"column":25}},"4":{"start":{"line":5,"column":0},"end":{"line":5,"column":58}},"5":{"start":{"line":6,"column":0},"end":{"line":6,"column":62}},"6":{"start":{"line":7,"column":0},"end":{"line":7,"column":48}},"7":{"start":{"line":8,"column":0},"end":{"line":8,"column":82}},"8":{"start":{"line":9,"column":0},"end":{"line":9,"column":40}},"9":{"start":{"line":10,"column":0},"end":{"line":10,"column":31}},"10":{"start":{"line":11,"column":0},"end":{"line":11,"column":55}},"11":{"start":{"line":12,"column":0},"end":{"line":12,"column":65}},"12":{"start":{"line":19,"column":28},"end":{"line":144,"column":1}},"13":{"start":{"line":20,"column":19},"end":{"line":20,"column":32}},"14":{"start":{"line":21,"column":28},"end":{"line":21,"column":40}},"15":{"start":{"line":22,"column":52},"end":{"line":22,"column":62}},"16":{"start":{"line":23,"column":40},"end":{"line":23,"column":82}},"17":{"start":{"line":24,"column":19},"end":{"line":24,"column":41}},"18":{"start":{"line":25,"column":2},"end":{"line":29,"column":30}},"19":{"start":{"line":26,"column":4},"end":{"line":28,"column":5}},"20":{"start":{"line":27,"column":6},"end":{"line":27,"column":20}},"21":{"start":{"line":35,"column":6},"end":{"line":35,"column":30}},"22":{"start":{"line":37,"column":49},"end":{"line":61,"column":3}},"23":{"start":{"line":38,"column":4},"end":{"line":38,"column":17}},"24":{"start":{"line":39,"column":4},"end":{"line":60,"column":5}},"25":{"start":{"line":40,"column":26},"end":{"line":43,"column":8}},"26":{"start":{"line":45,"column":60},"end":{"line":45,"column":120}},"27":{"start":{"line":47,"column":6},"end":{"line":47,"column":37}},"28":{"start":{"line":48,"column":6},"end":{"line":48,"column":57}},"29":{"start":{"line":49,"column":6},"end":{"line":49,"column":50}},"30":{"start":{"line":50,"column":6},"end":{"line":50,"column":69}},"31":{"start":{"line":51,"column":6},"end":{"line":51,"column":20}},"32":{"start":{"line":54,"column":6},"end":{"line":59,"column":9}},"33":{"start":{"line":63,"column":26},"end":{"line":66,"column":3}},"34":{"start":{"line":64,"column":4},"end":{"line":64,"column":23}},"35":{"start":{"line":65,"column":4},"end":{"line":65,"column":16}},"36":{"start":{"line":68,"column":30},"end":{"line":80,"column":3}},"37":{"start":{"line":69,"column":4},"end":{"line":79,"column":5}},"38":{"start":{"line":71,"column":6},"end":{"line":76,"column":9}},"39":{"start":{"line":78,"column":6},"end":{"line":78,"column":73}},"40":{"start":{"line":82,"column":2},"end":{"line":143,"column":4}},"41":{"start":{"line":97,"column":16},"end":{"line":102,"column":null}},"42":{"start":{"line":118,"column":16},"end":{"line":123,"column":null}},"43":{"start":{"line":146,"column":0},"end":{"line":146,"column":25}}},"fnMap":{"0":{"name":"(anonymous_7)","decl":{"start":{"line":19,"column":28},"end":{"line":19,"column":31}},"loc":{"start":{"line":19,"column":33},"end":{"line":144,"column":1}}},"1":{"name":"(anonymous_8)","decl":{"start":{"line":25,"column":18},"end":{"line":25,"column":21}},"loc":{"start":{"line":25,"column":23},"end":{"line":29,"column":3}}},"2":{"name":"(anonymous_9)","decl":{"start":{"line":37,"column":49},"end":{"line":37,"column":54}},"loc":{"start":{"line":37,"column":64},"end":{"line":61,"column":3}}},"3":{"name":"(anonymous_10)","decl":{"start":{"line":63,"column":26},"end":{"line":63,"column":27}},"loc":{"start":{"line":63,"column":50},"end":{"line":66,"column":3}}},"4":{"name":"(anonymous_11)","decl":{"start":{"line":68,"column":30},"end":{"line":68,"column":35}},"loc":{"start":{"line":68,"column":41},"end":{"line":80,"column":3}}},"5":{"name":"(anonymous_12)","decl":{"start":{"line":96,"column":22},"end":{"line":96,"column":23}},"loc":{"start":{"line":97,"column":16},"end":{"line":102,"column":null}}},"6":{"name":"(anonymous_13)","decl":{"start":{"line":117,"column":22},"end":{"line":117,"column":23}},"loc":{"start":{"line":118,"column":16},"end":{"line":123,"column":null}}}},"branchMap":{"0":{"loc":{"start":{"line":26,"column":4},"end":{"line":28,"column":5}},"type":"if","locations":[{"start":{"line":26,"column":4},"end":{"line":28,"column":5}}]},"1":{"loc":{"start":{"line":57,"column":14},"end":{"line":57,"column":113}},"type":"cond-expr","locations":[{"start":{"line":57,"column":39},"end":{"line":57,"column":52}},{"start":{"line":57,"column":55},"end":{"line":57,"column":113}}]},"2":{"loc":{"start":{"line":106,"column":13},"end":{"line":106,"column":95}},"type":"binary-expr","locations":[{"start":{"line":106,"column":13},"end":{"line":106,"column":28}},{"start":{"line":106,"column":32},"end":{"line":106,"column":95}}]},"3":{"loc":{"start":{"line":127,"column":13},"end":{"line":127,"column":95}},"type":"binary-expr","locations":[{"start":{"line":127,"column":13},"end":{"line":127,"column":28}},{"start":{"line":127,"column":32},"end":{"line":127,"column":95}}]},"4":{"loc":{"start":{"line":131,"column":9},"end":{"line":131,"column":69}},"type":"binary-expr","locations":[{"start":{"line":131,"column":9},"end":{"line":131,"column":14}},{"start":{"line":131,"column":18},"end":{"line":131,"column":69}}]}},"s":{"0":1,"1":1,"2":1,"3":1,"4":1,"5":1,"6":1,"7":1,"8":1,"9":1,"10":1,"11":1,"12":1,"13":6,"14":6,"15":6,"16":6,"17":6,"18":6,"19":5,"20":0,"21":6,"22":6,"23":1,"24":1,"25":1,"26":1,"27":0,"28":0,"29":0,"30":0,"31":0,"32":1,"33":6,"34":1,"35":1,"36":6,"37":0,"38":0,"39":0,"40":6,"41":8,"42":8,"43":1},"f":{"0":6,"1":5,"2":1,"3":1,"4":0,"5":8,"6":8},"b":{"0":[0],"1":[1,0],"2":[6,1],"3":[6,1],"4":[6,0]}}
,"D:\\NTT DATA\\Cod\\proyecto-final\\proyecto-final-impl\\src\\app\\pages\\shopping-page\\ShoppingPage.tsx": {"path":"D:\\NTT DATA\\Cod\\proyecto-final\\proyecto-final-impl\\src\\app\\pages\\shopping-page\\ShoppingPage.tsx","statementMap":{"0":{"start":{"line":1,"column":0},"end":{"line":1,"column":37}},"1":{"start":{"line":2,"column":0},"end":{"line":2,"column":47}},"2":{"start":{"line":3,"column":0},"end":{"line":3,"column":48}},"3":{"start":{"line":4,"column":0},"end":{"line":4,"column":84}},"4":{"start":{"line":5,"column":0},"end":{"line":5,"column":55}},"5":{"start":{"line":6,"column":0},"end":{"line":6,"column":59}},"6":{"start":{"line":7,"column":0},"end":{"line":7,"column":71}},"7":{"start":{"line":8,"column":0},"end":{"line":8,"column":52}},"8":{"start":{"line":9,"column":0},"end":{"line":9,"column":46}},"9":{"start":{"line":10,"column":0},"end":{"line":10,"column":28}},"10":{"start":{"line":11,"column":0},"end":{"line":11,"column":42}},"11":{"start":{"line":23,"column":34},"end":{"line":30,"column":2}},"12":{"start":{"line":32,"column":22},"end":{"line":39,"column":2}},"13":{"start":{"line":41,"column":25},"end":{"line":138,"column":1}},"14":{"start":{"line":42,"column":19},"end":{"line":42,"column":38}},"15":{"start":{"line":43,"column":19},"end":{"line":43,"column":41}},"16":{"start":{"line":44,"column":19},"end":{"line":44,"column":32}},"17":{"start":{"line":45,"column":52},"end":{"line":45,"column":62}},"18":{"start":{"line":47,"column":34},"end":{"line":47,"column":69}},"19":{"start":{"line":48,"column":30},"end":{"line":48,"column":53}},"20":{"start":{"line":50,"column":27},"end":{"line":52,"column":3}},"21":{"start":{"line":51,"column":4},"end":{"line":51,"column":43}},"22":{"start":{"line":54,"column":25},"end":{"line":55,"column":79}},"23":{"start":{"line":55,"column":4},"end":{"line":55,"column":79}},"24":{"start":{"line":55,"column":33},"end":{"line":55,"column":75}},"25":{"start":{"line":58,"column":23},"end":{"line":69,"column":1}},"26":{"start":{"line":59,"column":28},"end":{"line":59,"column":36}},"27":{"start":{"line":60,"column":25},"end":{"line":60,"column":42}},"28":{"start":{"line":62,"column":22},"end":{"line":62,"column":44}},"29":{"start":{"line":64,"column":28},"end":{"line":64,"column":70}},"30":{"start":{"line":65,"column":4},"end":{"line":65,"column":33}},"31":{"start":{"line":67,"column":29},"end":{"line":67,"column":60}},"32":{"start":{"line":68,"column":4},"end":{"line":68,"column":79}},"33":{"start":{"line":68,"column":23},"end":{"line":68,"column":76}},"34":{"start":{"line":71,"column":23},"end":{"line":106,"column":3}},"35":{"start":{"line":72,"column":4},"end":{"line":72,"column":23}},"36":{"start":{"line":75,"column":41},"end":{"line":82,"column":6}},"37":{"start":{"line":85,"column":29},"end":{"line":85,"column":75}},"38":{"start":{"line":86,"column":4},"end":{"line":86,"column":32}},"39":{"start":{"line":89,"column":20},"end":{"line":89,"column":76}},"40":{"start":{"line":89,"column":65},"end":{"line":89,"column":75}},"41":{"start":{"line":91,"column":4},"end":{"line":105,"column":5}},"42":{"start":{"line":92,"column":6},"end":{"line":101,"column":9}},"43":{"start":{"line":103,"column":6},"end":{"line":103,"column":18}},"44":{"start":{"line":104,"column":6},"end":{"line":104,"column":35}},"45":{"start":{"line":109,"column":2},"end":{"line":137,"column":4}},"46":{"start":{"line":116,"column":37},"end":{"line":116,"column":86}},"47":{"start":{"line":117,"column":37},"end":{"line":117,"column":86}},"48":{"start":{"line":118,"column":34},"end":{"line":118,"column":80}},"49":{"start":{"line":130,"column":14},"end":{"line":130,"column":27}},"50":{"start":{"line":131,"column":14},"end":{"line":131,"column":28}},"51":{"start":{"line":140,"column":0},"end":{"line":140,"column":38}}},"fnMap":{"0":{"name":"(anonymous_1)","decl":{"start":{"line":41,"column":25},"end":{"line":41,"column":28}},"loc":{"start":{"line":41,"column":30},"end":{"line":138,"column":1}}},"1":{"name":"(anonymous_2)","decl":{"start":{"line":50,"column":27},"end":{"line":50,"column":28}},"loc":{"start":{"line":50,"column":67},"end":{"line":52,"column":3}}},"2":{"name":"(anonymous_3)","decl":{"start":{"line":54,"column":25},"end":{"line":54,"column":36}},"loc":{"start":{"line":55,"column":4},"end":{"line":55,"column":79}}},"3":{"name":"(anonymous_4)","decl":{"start":{"line":55,"column":16},"end":{"line":55,"column":17}},"loc":{"start":{"line":55,"column":33},"end":{"line":55,"column":75}}},"4":{"name":"(anonymous_5)","decl":{"start":{"line":58,"column":23},"end":{"line":58,"column":24}},"loc":{"start":{"line":58,"column":86},"end":{"line":69,"column":1}}},"5":{"name":"(anonymous_6)","decl":{"start":{"line":68,"column":14},"end":{"line":68,"column":18}},"loc":{"start":{"line":68,"column":23},"end":{"line":68,"column":76}}},"6":{"name":"(anonymous_7)","decl":{"start":{"line":71,"column":23},"end":{"line":71,"column":24}},"loc":{"start":{"line":71,"column":46},"end":{"line":106,"column":3}}},"7":{"name":"(anonymous_8)","decl":{"start":{"line":89,"column":58},"end":{"line":89,"column":61}},"loc":{"start":{"line":89,"column":65},"end":{"line":89,"column":75}}},"8":{"name":"(anonymous_9)","decl":{"start":{"line":116,"column":29},"end":{"line":116,"column":30}},"loc":{"start":{"line":116,"column":37},"end":{"line":116,"column":86}}},"9":{"name":"(anonymous_10)","decl":{"start":{"line":117,"column":29},"end":{"line":117,"column":30}},"loc":{"start":{"line":117,"column":37},"end":{"line":117,"column":86}}},"10":{"name":"(anonymous_11)","decl":{"start":{"line":118,"column":26},"end":{"line":118,"column":27}},"loc":{"start":{"line":118,"column":34},"end":{"line":118,"column":80}}},"11":{"name":"(anonymous_12)","decl":{"start":{"line":129,"column":26},"end":{"line":129,"column":29}},"loc":{"start":{"line":129,"column":31},"end":{"line":132,"column":13}}}},"branchMap":{"0":{"loc":{"start":{"line":91,"column":4},"end":{"line":105,"column":5}},"type":"if","locations":[{"start":{"line":91,"column":4},"end":{"line":105,"column":5}}]}},"s":{"0":1,"1":1,"2":1,"3":1,"4":1,"5":1,"6":1,"7":1,"8":1,"9":1,"10":1,"11":1,"12":1,"13":1,"14":0,"15":0,"16":0,"17":0,"18":0,"19":0,"20":0,"21":0,"22":0,"23":0,"24":0,"25":0,"26":0,"27":0,"28":0,"29":0,"30":0,"31":0,"32":0,"33":0,"34":0,"35":0,"36":0,"37":0,"38":0,"39":0,"40":0,"41":0,"42":0,"43":0,"44":0,"45":0,"46":0,"47":0,"48":0,"49":0,"50":0,"51":1},"f":{"0":0,"1":0,"2":0,"3":0,"4":0,"5":0,"6":0,"7":0,"8":0,"9":0,"10":0,"11":0},"b":{"0":[0]}}
,"D:\\NTT DATA\\Cod\\proyecto-final\\proyecto-final-impl\\src\\app\\routes\\routes.ts": {"path":"D:\\NTT DATA\\Cod\\proyecto-final\\proyecto-final-impl\\src\\app\\routes\\routes.ts","statementMap":{"0":{"start":{"line":1,"column":0},"end":{"line":1,"column":null}},"1":{"start":{"line":2,"column":4},"end":{"line":2,"column":null}},"2":{"start":{"line":3,"column":4},"end":{"line":3,"column":null}},"3":{"start":{"line":4,"column":4},"end":{"line":4,"column":null}}},"fnMap":{"0":{"name":"(anonymous_0)","decl":{"start":{"line":1,"column":0},"end":{"line":1,"column":18}},"loc":{"start":{"line":1,"column":30},"end":{"line":6,"column":3}}}},"branchMap":{"0":{"loc":{"start":{"line":1,"column":18},"end":{"line":1,"column":null}},"type":"binary-expr","locations":[{"start":{"line":1,"column":18},"end":{"line":1,"column":30}},{"start":{"line":1,"column":30},"end":{"line":1,"column":null}}]}},"s":{"0":2,"1":2,"2":2,"3":2},"f":{"0":2},"b":{"0":[2,2]}}
,"D:\\NTT DATA\\Cod\\proyecto-final\\proyecto-final-impl\\src\\app\\routes\\private-route\\private-route.tsx": {"path":"D:\\NTT DATA\\Cod\\proyecto-final\\proyecto-final-impl\\src\\app\\routes\\private-route\\private-route.tsx","statementMap":{"0":{"start":{"line":2,"column":0},"end":{"line":2,"column":44}},"1":{"start":{"line":8,"column":50},"end":{"line":12,"column":1}},"2":{"start":{"line":9,"column":16},"end":{"line":9,"column":51}},"3":{"start":{"line":11,"column":2},"end":{"line":11,"column":60}},"4":{"start":{"line":14,"column":0},"end":{"line":14,"column":28}}},"fnMap":{"0":{"name":"(anonymous_0)","decl":{"start":{"line":8,"column":50},"end":{"line":8,"column":51}},"loc":{"start":{"line":8,"column":66},"end":{"line":12,"column":1}}}},"branchMap":{"0":{"loc":{"start":{"line":11,"column":9},"end":{"line":11,"column":59}},"type":"cond-expr","locations":[{"start":{"line":11,"column":17},"end":{"line":11,"column":24}},{"start":{"line":11,"column":27},"end":{"line":11,"column":59}}]}},"s":{"0":1,"1":1,"2":1,"3":1,"4":1},"f":{"0":1},"b":{"0":[1,0]}}
,"D:\\NTT DATA\\Cod\\proyecto-final\\proyecto-final-impl\\src\\app\\services\\category-request.ts": {"path":"D:\\NTT DATA\\Cod\\proyecto-final\\proyecto-final-impl\\src\\app\\services\\category-request.ts","statementMap":{"0":{"start":{"line":2,"column":0},"end":{"line":2,"column":52}},"1":{"start":{"line":5,"column":29},"end":{"line":16,"column":1}},"2":{"start":{"line":6,"column":2},"end":{"line":15,"column":3}},"3":{"start":{"line":7,"column":21},"end":{"line":7,"column":74}},"4":{"start":{"line":8,"column":4},"end":{"line":10,"column":5}},"5":{"start":{"line":9,"column":6},"end":{"line":9,"column":58}},"6":{"start":{"line":11,"column":37},"end":{"line":11,"column":58}},"7":{"start":{"line":12,"column":4},"end":{"line":12,"column":16}},"8":{"start":{"line":14,"column":4},"end":{"line":14,"column":67}},"9":{"start":{"line":5,"column":13},"end":{"line":5,"column":29}}},"fnMap":{"0":{"name":"(anonymous_0)","decl":{"start":{"line":5,"column":29},"end":{"line":5,"column":34}},"loc":{"start":{"line":5,"column":69},"end":{"line":16,"column":1}}}},"branchMap":{"0":{"loc":{"start":{"line":8,"column":4},"end":{"line":10,"column":5}},"type":"if","locations":[{"start":{"line":8,"column":4},"end":{"line":10,"column":5}}]}},"s":{"0":1,"1":1,"2":3,"3":3,"4":2,"5":1,"6":1,"7":1,"8":2,"9":1},"f":{"0":3},"b":{"0":[1]}}
,"D:\\NTT DATA\\Cod\\proyecto-final\\proyecto-final-impl\\src\\app\\services\\product-request.ts": {"path":"D:\\NTT DATA\\Cod\\proyecto-final\\proyecto-final-impl\\src\\app\\services\\product-request.ts","statementMap":{"0":{"start":{"line":1,"column":0},"end":{"line":1,"column":52}},"1":{"start":{"line":5,"column":27},"end":{"line":16,"column":3}},"2":{"start":{"line":6,"column":4},"end":{"line":15,"column":5}},"3":{"start":{"line":7,"column":23},"end":{"line":7,"column":62}},"4":{"start":{"line":8,"column":19},"end":{"line":8,"column":40}},"5":{"start":{"line":9,"column":6},"end":{"line":11,"column":7}},"6":{"start":{"line":10,"column":8},"end":{"line":10,"column":59}},"7":{"start":{"line":12,"column":6},"end":{"line":12,"column":27}},"8":{"start":{"line":14,"column":6},"end":{"line":14,"column":66}},"9":{"start":{"line":5,"column":13},"end":{"line":5,"column":27}}},"fnMap":{"0":{"name":"(anonymous_0)","decl":{"start":{"line":5,"column":27},"end":{"line":5,"column":32}},"loc":{"start":{"line":5,"column":66},"end":{"line":16,"column":3}}}},"branchMap":{"0":{"loc":{"start":{"line":9,"column":6},"end":{"line":11,"column":7}},"type":"if","locations":[{"start":{"line":9,"column":6},"end":{"line":11,"column":7}}]}},"s":{"0":1,"1":1,"2":3,"3":3,"4":2,"5":2,"6":1,"7":1,"8":2,"9":1},"f":{"0":3},"b":{"0":[1]}}
,"D:\\NTT DATA\\Cod\\proyecto-final\\proyecto-final-impl\\src\\hoc\\auth\\authHoc.tsx": {"path":"D:\\NTT DATA\\Cod\\proyecto-final\\proyecto-final-impl\\src\\hoc\\auth\\authHoc.tsx","statementMap":{"0":{"start":{"line":2,"column":0},"end":{"line":2,"column":26}},"1":{"start":{"line":3,"column":0},"end":{"line":3,"column":47}},"2":{"start":{"line":5,"column":17},"end":{"line":20,"column":1}},"3":{"start":{"line":6,"column":28},"end":{"line":17,"column":3}},"4":{"start":{"line":7,"column":21},"end":{"line":7,"column":34}},"5":{"start":{"line":8,"column":18},"end":{"line":8,"column":53}},"6":{"start":{"line":10,"column":4},"end":{"line":14,"column":26}},"7":{"start":{"line":11,"column":6},"end":{"line":13,"column":7}},"8":{"start":{"line":12,"column":8},"end":{"line":12,"column":27}},"9":{"start":{"line":16,"column":4},"end":{"line":16,"column":47}},"10":{"start":{"line":19,"column":2},"end":{"line":19,"column":17}},"11":{"start":{"line":22,"column":0},"end":{"line":22,"column":24}}},"fnMap":{"0":{"name":"(anonymous_1)","decl":{"start":{"line":5,"column":17},"end":{"line":5,"column":18}},"loc":{"start":{"line":5,"column":59},"end":{"line":20,"column":1}}},"1":{"name":"(anonymous_2)","decl":{"start":{"line":6,"column":28},"end":{"line":6,"column":31}},"loc":{"start":{"line":6,"column":33},"end":{"line":17,"column":3}}},"2":{"name":"(anonymous_3)","decl":{"start":{"line":10,"column":20},"end":{"line":10,"column":23}},"loc":{"start":{"line":10,"column":25},"end":{"line":14,"column":5}}}},"branchMap":{"0":{"loc":{"start":{"line":11,"column":6},"end":{"line":13,"column":7}},"type":"if","locations":[{"start":{"line":11,"column":6},"end":{"line":13,"column":7}}]},"1":{"loc":{"start":{"line":16,"column":11},"end":{"line":16,"column":46}},"type":"cond-expr","locations":[{"start":{"line":16,"column":19},"end":{"line":16,"column":39}},{"start":{"line":16,"column":42},"end":{"line":16,"column":46}}]}},"s":{"0":3,"1":3,"2":3,"3":4,"4":6,"5":6,"6":6,"7":5,"8":4,"9":5,"10":4,"11":3},"f":{"0":4,"1":6,"2":5},"b":{"0":[4],"1":[1,4]}}
,"D:\\NTT DATA\\Cod\\proyecto-final\\proyecto-final-impl\\src\\utils\\formatNumber.ts": {"path":"D:\\NTT DATA\\Cod\\proyecto-final\\proyecto-final-impl\\src\\utils\\formatNumber.ts","statementMap":{"0":{"start":{"line":2,"column":30},"end":{"line":4,"column":3}},"1":{"start":{"line":3,"column":4},"end":{"line":3,"column":32}},"2":{"start":{"line":2,"column":13},"end":{"line":2,"column":30}}},"fnMap":{"0":{"name":"(anonymous_0)","decl":{"start":{"line":2,"column":30},"end":{"line":2,"column":31}},"loc":{"start":{"line":2,"column":59},"end":{"line":4,"column":3}}}},"branchMap":{},"s":{"0":2,"1":3,"2":2},"f":{"0":3},"b":{}}
,"D:\\NTT DATA\\Cod\\proyecto-final\\proyecto-final-impl\\src\\utils\\validation.ts": {"path":"D:\\NTT DATA\\Cod\\proyecto-final\\proyecto-final-impl\\src\\utils\\validation.ts","statementMap":{"0":{"start":{"line":2,"column":0},"end":{"line":2,"column":65}},"1":{"start":{"line":5,"column":30},"end":{"line":11,"column":1}},"2":{"start":{"line":6,"column":2},"end":{"line":6,"column":40}},"3":{"start":{"line":6,"column":13},"end":{"line":6,"column":40}},"4":{"start":{"line":7,"column":2},"end":{"line":7,"column":82}},"5":{"start":{"line":7,"column":30},"end":{"line":7,"column":82}},"6":{"start":{"line":8,"column":2},"end":{"line":8,"column":101}},"7":{"start":{"line":8,"column":57},"end":{"line":8,"column":101}},"8":{"start":{"line":9,"column":2},"end":{"line":9,"column":104}},"9":{"start":{"line":9,"column":59},"end":{"line":9,"column":104}},"10":{"start":{"line":10,"column":2},"end":{"line":10,"column":12}},"11":{"start":{"line":5,"column":13},"end":{"line":5,"column":30}},"12":{"start":{"line":13,"column":34},"end":{"line":19,"column":1}},"13":{"start":{"line":14,"column":2},"end":{"line":14,"column":44}},"14":{"start":{"line":14,"column":17},"end":{"line":14,"column":44}},"15":{"start":{"line":15,"column":2},"end":{"line":15,"column":88}},"16":{"start":{"line":15,"column":34},"end":{"line":15,"column":88}},"17":{"start":{"line":16,"column":2},"end":{"line":16,"column":107}},"18":{"start":{"line":16,"column":61},"end":{"line":16,"column":107}},"19":{"start":{"line":17,"column":2},"end":{"line":17,"column":110}},"20":{"start":{"line":17,"column":63},"end":{"line":17,"column":110}},"21":{"start":{"line":18,"column":2},"end":{"line":18,"column":12}},"22":{"start":{"line":13,"column":13},"end":{"line":13,"column":34}},"23":{"start":{"line":21,"column":34},"end":{"line":25,"column":1}},"24":{"start":{"line":22,"column":2},"end":{"line":22,"column":44}},"25":{"start":{"line":22,"column":17},"end":{"line":22,"column":44}},"26":{"start":{"line":23,"column":2},"end":{"line":23,"column":73}},"27":{"start":{"line":23,"column":34},"end":{"line":23,"column":73}},"28":{"start":{"line":24,"column":2},"end":{"line":24,"column":12}},"29":{"start":{"line":21,"column":13},"end":{"line":21,"column":34}},"30":{"start":{"line":27,"column":33},"end":{"line":32,"column":1}},"31":{"start":{"line":28,"column":2},"end":{"line":28,"column":43}},"32":{"start":{"line":28,"column":16},"end":{"line":28,"column":43}},"33":{"start":{"line":29,"column":2},"end":{"line":29,"column":88}},"34":{"start":{"line":29,"column":33},"end":{"line":29,"column":88}},"35":{"start":{"line":30,"column":2},"end":{"line":30,"column":110}},"36":{"start":{"line":30,"column":58},"end":{"line":30,"column":110}},"37":{"start":{"line":31,"column":2},"end":{"line":31,"column":12}},"38":{"start":{"line":27,"column":13},"end":{"line":27,"column":33}},"39":{"start":{"line":34,"column":35},"end":{"line":39,"column":1}},"40":{"start":{"line":35,"column":2},"end":{"line":35,"column":45}},"41":{"start":{"line":35,"column":18},"end":{"line":35,"column":45}},"42":{"start":{"line":36,"column":2},"end":{"line":36,"column":91}},"43":{"start":{"line":36,"column":35},"end":{"line":36,"column":91}},"44":{"start":{"line":37,"column":2},"end":{"line":37,"column":113}},"45":{"start":{"line":37,"column":60},"end":{"line":37,"column":113}},"46":{"start":{"line":38,"column":2},"end":{"line":38,"column":12}},"47":{"start":{"line":34,"column":13},"end":{"line":34,"column":35}},"48":{"start":{"line":41,"column":31},"end":{"line":66,"column":1}},"49":{"start":{"line":42,"column":2},"end":{"line":42,"column":41}},"50":{"start":{"line":42,"column":14},"end":{"line":42,"column":41}},"51":{"start":{"line":43,"column":21},"end":{"line":43,"column":55}},"52":{"start":{"line":45,"column":2},"end":{"line":59,"column":3}},"53":{"start":{"line":46,"column":4},"end":{"line":48,"column":5}},"54":{"start":{"line":47,"column":6},"end":{"line":47,"column":61}},"55":{"start":{"line":49,"column":4},"end":{"line":51,"column":5}},"56":{"start":{"line":50,"column":6},"end":{"line":50,"column":73}},"57":{"start":{"line":53,"column":4},"end":{"line":55,"column":5}},"58":{"start":{"line":54,"column":6},"end":{"line":54,"column":44}},"59":{"start":{"line":56,"column":4},"end":{"line":58,"column":5}},"60":{"start":{"line":57,"column":6},"end":{"line":57,"column":46}},"61":{"start":{"line":61,"column":2},"end":{"line":63,"column":3}},"62":{"start":{"line":62,"column":4},"end":{"line":62,"column":50}},"63":{"start":{"line":65,"column":2},"end":{"line":65,"column":12}},"64":{"start":{"line":41,"column":13},"end":{"line":41,"column":31}},"65":{"start":{"line":68,"column":31},"end":{"line":74,"column":1}},"66":{"start":{"line":69,"column":2},"end":{"line":69,"column":41}},"67":{"start":{"line":69,"column":14},"end":{"line":69,"column":41}},"68":{"start":{"line":70,"column":2},"end":{"line":72,"column":3}},"69":{"start":{"line":71,"column":4},"end":{"line":71,"column":60}},"70":{"start":{"line":73,"column":2},"end":{"line":73,"column":12}},"71":{"start":{"line":68,"column":13},"end":{"line":68,"column":31}},"72":{"start":{"line":77,"column":30},"end":{"line":88,"column":1}},"73":{"start":{"line":78,"column":49},"end":{"line":85,"column":4}},"74":{"start":{"line":87,"column":2},"end":{"line":87,"column":16}},"75":{"start":{"line":77,"column":13},"end":{"line":77,"column":30}}},"fnMap":{"0":{"name":"(anonymous_0)","decl":{"start":{"line":5,"column":30},"end":{"line":5,"column":31}},"loc":{"start":{"line":5,"column":55},"end":{"line":11,"column":1}}},"1":{"name":"(anonymous_1)","decl":{"start":{"line":13,"column":34},"end":{"line":13,"column":35}},"loc":{"start":{"line":13,"column":63},"end":{"line":19,"column":1}}},"2":{"name":"(anonymous_2)","decl":{"start":{"line":21,"column":34},"end":{"line":21,"column":35}},"loc":{"start":{"line":21,"column":63},"end":{"line":25,"column":1}}},"3":{"name":"(anonymous_3)","decl":{"start":{"line":27,"column":33},"end":{"line":27,"column":34}},"loc":{"start":{"line":27,"column":61},"end":{"line":32,"column":1}}},"4":{"name":"(anonymous_4)","decl":{"start":{"line":34,"column":35},"end":{"line":34,"column":36}},"loc":{"start":{"line":34,"column":65},"end":{"line":39,"column":1}}},"5":{"name":"(anonymous_5)","decl":{"start":{"line":41,"column":31},"end":{"line":41,"column":32}},"loc":{"start":{"line":41,"column":57},"end":{"line":66,"column":1}}},"6":{"name":"(anonymous_6)","decl":{"start":{"line":68,"column":31},"end":{"line":68,"column":32}},"loc":{"start":{"line":68,"column":57},"end":{"line":74,"column":1}}},"7":{"name":"(anonymous_7)","decl":{"start":{"line":77,"column":30},"end":{"line":77,"column":31}},"loc":{"start":{"line":77,"column":85},"end":{"line":88,"column":1}}}},"branchMap":{"0":{"loc":{"start":{"line":6,"column":2},"end":{"line":6,"column":40}},"type":"if","locations":[{"start":{"line":6,"column":2},"end":{"line":6,"column":40}}]},"1":{"loc":{"start":{"line":7,"column":2},"end":{"line":7,"column":82}},"type":"if","locations":[{"start":{"line":7,"column":2},"end":{"line":7,"column":82}}]},"2":{"loc":{"start":{"line":8,"column":2},"end":{"line":8,"column":101}},"type":"if","locations":[{"start":{"line":8,"column":2},"end":{"line":8,"column":101}}]},"3":{"loc":{"start":{"line":9,"column":2},"end":{"line":9,"column":104}},"type":"if","locations":[{"start":{"line":9,"column":2},"end":{"line":9,"column":104}}]},"4":{"loc":{"start":{"line":14,"column":2},"end":{"line":14,"column":44}},"type":"if","locations":[{"start":{"line":14,"column":2},"end":{"line":14,"column":44}}]},"5":{"loc":{"start":{"line":15,"column":2},"end":{"line":15,"column":88}},"type":"if","locations":[{"start":{"line":15,"column":2},"end":{"line":15,"column":88}}]},"6":{"loc":{"start":{"line":16,"column":2},"end":{"line":16,"column":107}},"type":"if","locations":[{"start":{"line":16,"column":2},"end":{"line":16,"column":107}}]},"7":{"loc":{"start":{"line":17,"column":2},"end":{"line":17,"column":110}},"type":"if","locations":[{"start":{"line":17,"column":2},"end":{"line":17,"column":110}}]},"8":{"loc":{"start":{"line":22,"column":2},"end":{"line":22,"column":44}},"type":"if","locations":[{"start":{"line":22,"column":2},"end":{"line":22,"column":44}}]},"9":{"loc":{"start":{"line":23,"column":2},"end":{"line":23,"column":73}},"type":"if","locations":[{"start":{"line":23,"column":2},"end":{"line":23,"column":73}}]},"10":{"loc":{"start":{"line":28,"column":2},"end":{"line":28,"column":43}},"type":"if","locations":[{"start":{"line":28,"column":2},"end":{"line":28,"column":43}}]},"11":{"loc":{"start":{"line":29,"column":2},"end":{"line":29,"column":88}},"type":"if","locations":[{"start":{"line":29,"column":2},"end":{"line":29,"column":88}}]},"12":{"loc":{"start":{"line":30,"column":2},"end":{"line":30,"column":110}},"type":"if","locations":[{"start":{"line":30,"column":2},"end":{"line":30,"column":110}}]},"13":{"loc":{"start":{"line":35,"column":2},"end":{"line":35,"column":45}},"type":"if","locations":[{"start":{"line":35,"column":2},"end":{"line":35,"column":45}}]},"14":{"loc":{"start":{"line":36,"column":2},"end":{"line":36,"column":91}},"type":"if","locations":[{"start":{"line":36,"column":2},"end":{"line":36,"column":91}}]},"15":{"loc":{"start":{"line":37,"column":2},"end":{"line":37,"column":113}},"type":"if","locations":[{"start":{"line":37,"column":2},"end":{"line":37,"column":113}}]},"16":{"loc":{"start":{"line":42,"column":2},"end":{"line":42,"column":41}},"type":"if","locations":[{"start":{"line":42,"column":2},"end":{"line":42,"column":41}}]},"17":{"loc":{"start":{"line":45,"column":2},"end":{"line":59,"column":3}},"type":"if","locations":[{"start":{"line":45,"column":2},"end":{"line":59,"column":3}},{"start":{"line":52,"column":9},"end":{"line":59,"column":3}}]},"18":{"loc":{"start":{"line":46,"column":4},"end":{"line":48,"column":5}},"type":"if","locations":[{"start":{"line":46,"column":4},"end":{"line":48,"column":5}}]},"19":{"loc":{"start":{"line":49,"column":4},"end":{"line":51,"column":5}},"type":"if","locations":[{"start":{"line":49,"column":4},"end":{"line":51,"column":5}}]},"20":{"loc":{"start":{"line":53,"column":4},"end":{"line":55,"column":5}},"type":"if","locations":[{"start":{"line":53,"column":4},"end":{"line":55,"column":5}}]},"21":{"loc":{"start":{"line":56,"column":4},"end":{"line":58,"column":5}},"type":"if","locations":[{"start":{"line":56,"column":4},"end":{"line":58,"column":5}}]},"22":{"loc":{"start":{"line":61,"column":2},"end":{"line":63,"column":3}},"type":"if","locations":[{"start":{"line":61,"column":2},"end":{"line":63,"column":3}}]},"23":{"loc":{"start":{"line":69,"column":2},"end":{"line":69,"column":41}},"type":"if","locations":[{"start":{"line":69,"column":2},"end":{"line":69,"column":41}}]},"24":{"loc":{"start":{"line":70,"column":2},"end":{"line":72,"column":3}},"type":"if","locations":[{"start":{"line":70,"column":2},"end":{"line":72,"column":3}}]}},"s":{"0":1,"1":1,"2":8,"3":2,"4":6,"5":1,"6":5,"7":1,"8":4,"9":1,"10":3,"11":1,"12":1,"13":8,"14":2,"15":6,"16":1,"17":5,"18":2,"19":3,"20":1,"21":2,"22":1,"23":1,"24":6,"25":2,"26":4,"27":1,"28":3,"29":1,"30":1,"31":7,"32":2,"33":5,"34":2,"35":3,"36":1,"37":2,"38":1,"39":1,"40":7,"41":2,"42":5,"43":2,"44":3,"45":1,"46":2,"47":1,"48":1,"49":11,"50":2,"51":9,"52":9,"53":3,"54":1,"55":2,"56":1,"57":6,"58":2,"59":4,"60":1,"61":4,"62":1,"63":3,"64":1,"65":1,"66":6,"67":1,"68":5,"69":3,"70":2,"71":1,"72":1,"73":3,"74":3,"75":1},"f":{"0":8,"1":8,"2":6,"3":7,"4":7,"5":11,"6":6,"7":3},"b":{"0":[2],"1":[1],"2":[1],"3":[1],"4":[2],"5":[1],"6":[2],"7":[1],"8":[2],"9":[1],"10":[2],"11":[2],"12":[1],"13":[2],"14":[2],"15":[1],"16":[2],"17":[3,6],"18":[1],"19":[1],"20":[2],"21":[1],"22":[1],"23":[1],"24":[3]}}
}
