TN:
SF:src\app\components\footer\Footer.tsx
FN:6,(anonymous_0)
FNF:1
FNH:1
FNDA:6,(anonymous_0)
DA:2,1
DA:3,1
DA:6,1
DA:7,6
DA:56,1
LF:5
LH:5
BRF:0
BRH:0
end_of_record
TN:
SF:src\app\components\forgot-password\ForgotPassword.tsx
FN:11,(anonymous_0)
FN:17,(anonymous_1)
FN:47,(anonymous_2)
FNF:3
FNH:3
FNDA:15,(anonymous_0)
FNDA:2,(anonymous_1)
FNDA:2,(anonymous_2)
DA:1,2
DA:2,2
DA:3,2
DA:11,2
DA:12,15
DA:13,15
DA:15,15
DA:17,8
DA:18,2
DA:19,2
DA:20,0
DA:21,0
DA:24,2
DA:25,2
DA:26,1
DA:27,1
DA:29,1
DA:33,8
DA:47,2
DA:69,2
LF:20
LH:18
BRDA:15,0,0,7
BRDA:19,1,0,0
BRDA:34,2,0,8
BRDA:34,2,1,0
BRDA:50,3,0,8
BRDA:50,3,1,1
BRF:6
BRH:4
end_of_record
TN:
SF:src\app\components\form\Form.tsx
FN:29,(anonymous_1)
FN:82,(anonymous_2)
FNF:2
FNH:2
FNDA:7,(anonymous_1)
FNDA:10,(anonymous_2)
DA:2,1
DA:3,1
DA:4,1
DA:29,1
DA:37,7
DA:39,7
DA:40,6
DA:42,5
DA:83,10
DA:143,1
LF:10
LH:10
BRDA:39,0,0,1
BRDA:40,1,0,1
BRDA:56,2,0,5
BRDA:56,2,1,2
BRDA:69,3,0,5
BRDA:69,3,1,1
BRDA:88,4,0,5
BRDA:88,4,1,1
BRDA:101,5,0,5
BRDA:101,5,1,2
BRDA:114,6,0,5
BRDA:114,6,1,1
BRDA:127,7,0,5
BRDA:127,7,1,1
BRDA:133,8,0,5
BRDA:133,8,1,1
BRF:16
BRH:16
end_of_record
TN:
SF:src\app\components\header\Header.tsx
FN:10,(anonymous_0)
FN:14,(anonymous_1)
FN:16,(anonymous_2)
FNF:3
FNH:3
FNDA:6,(anonymous_0)
FNDA:10,(anonymous_1)
FNDA:1,(anonymous_2)
DA:2,1
DA:3,1
DA:4,1
DA:5,1
DA:6,1
DA:7,1
DA:8,1
DA:10,1
DA:11,6
DA:12,6
DA:13,6
DA:14,10
DA:16,6
DA:17,1
DA:18,1
DA:19,1
DA:20,1
DA:23,6
DA:56,1
LF:19
LH:19
BRDA:29,0,0,6
BRDA:29,0,1,6
BRDA:45,1,0,6
BRDA:45,1,1,6
BRF:4
BRH:4
end_of_record
TN:
SF:src\app\components\modal\Modal.tsx
FN:10,(anonymous_1)
FN:13,(anonymous_2)
FNF:2
FNH:2
FNDA:3,(anonymous_1)
FNDA:1,(anonymous_2)
DA:2,2
DA:3,2
DA:10,2
DA:11,3
DA:13,3
DA:14,1
DA:15,1
DA:18,3
DA:30,2
LF:9
LH:9
BRDA:19,0,0,2
BRDA:19,0,1,1
BRF:2
BRH:2
end_of_record
TN:
SF:src\app\components\pagination\CircularPagination.tsx
FN:13,(anonymous_1)
FN:23,(anonymous_2)
FN:33,(anonymous_3)
FN:42,(anonymous_4)
FN:56,(anonymous_5)
FNF:5
FNH:5
FNDA:8,(anonymous_1)
FNDA:1,(anonymous_2)
FNDA:40,(anonymous_3)
FNDA:1,(anonymous_4)
FNDA:1,(anonymous_5)
DA:1,1
DA:3,1
DA:4,1
DA:5,1
DA:13,1
DA:18,8
DA:20,8
DA:23,1
DA:34,40
DA:36,40
DA:42,1
DA:56,1
DA:71,1
LF:13
LH:13
BRDA:27,0,0,3
BRDA:27,0,1,5
BRDA:34,1,0,40
BRDA:34,1,1,32
BRDA:38,2,0,40
BRDA:38,2,1,1
BRDA:44,3,0,8
BRDA:44,3,1,32
BRDA:60,4,0,1
BRDA:60,4,1,7
BRF:10
BRH:10
end_of_record
TN:
SF:src\app\components\product\ProductCard.tsx
FN:12,(anonymous_0)
FN:25,(anonymous_1)
FNF:2
FNH:2
FNDA:4,(anonymous_0)
FNDA:1,(anonymous_1)
DA:3,2
DA:4,2
DA:5,2
DA:6,2
DA:12,2
DA:21,4
DA:23,4
DA:25,4
DA:26,1
DA:28,4
DA:58,2
LF:11
LH:11
BRDA:30,0,0,4
BRDA:30,0,1,3
BRF:2
BRH:2
end_of_record
TN:
SF:src\app\components\search\SearchContainer.tsx
FN:14,(anonymous_0)
FN:27,(anonymous_1)
FN:30,(anonymous_2)
FN:42,(anonymous_3)
FNF:4
FNH:4
FNDA:7,(anonymous_0)
FNDA:1,(anonymous_1)
FNDA:144,(anonymous_2)
FNDA:1,(anonymous_3)
DA:2,2
DA:14,2
DA:22,7
DA:27,1
DA:31,144
DA:42,1
DA:49,2
LF:7
LH:7
BRDA:20,0,0,0
BRF:1
BRH:0
end_of_record
TN:
SF:src\app\components\shopping-cart\ShoppingCart.tsx
FN:15,(anonymous_0)
FN:42,(anonymous_1)
FN:62,(anonymous_2)
FN:69,(anonymous_3)
FN:78,(anonymous_4)
FNF:5
FNH:5
FNDA:6,(anonymous_0)
FNDA:10,(anonymous_1)
FNDA:2,(anonymous_2)
FNDA:2,(anonymous_3)
FNDA:1,(anonymous_4)
DA:3,1
DA:5,1
DA:15,1
DA:22,6
DA:43,10
DA:62,2
DA:69,2
DA:78,1
DA:99,1
LF:9
LH:9
BRDA:38,0,0,1
BRDA:38,0,1,5
BRDA:88,1,0,6
BRDA:88,1,1,5
BRF:4
BRH:4
end_of_record
TN:
SF:src\app\config\api-config.ts
FNF:0
FNH:0
DA:1,2
LF:1
LH:1
BRF:0
BRH:0
end_of_record
TN:
SF:src\app\context\app-context.tsx
FN:9,(anonymous_0)
FN:21,(anonymous_1)
FN:29,(anonymous_2)
FNF:3
FNH:3
FNDA:8,(anonymous_0)
FNDA:6,(anonymous_1)
FNDA:13,(anonymous_2)
DA:1,3
DA:2,3
DA:4,3
DA:5,3
DA:9,3
DA:10,8
DA:12,8
DA:21,3
DA:22,6
DA:23,6
DA:24,4
DA:26,2
DA:29,3
DA:30,13
DA:31,13
DA:32,4
DA:34,9
LF:17
LH:17
BRDA:23,0,0,4
BRDA:31,1,0,4
BRF:2
BRH:2
end_of_record
TN:
SF:src\app\context\app-initializer.tsx
FN:5,(anonymous_0)
FN:8,(anonymous_1)
FNF:2
FNH:2
FNDA:2,(anonymous_0)
FNDA:2,(anonymous_1)
DA:1,1
DA:2,1
DA:3,1
DA:5,1
DA:6,2
DA:8,2
DA:9,2
DA:10,2
DA:11,1
DA:15,2
DA:18,1
LF:11
LH:11
BRDA:10,0,0,1
BRF:1
BRH:1
end_of_record
TN:
SF:src\app\context\reducer.ts
FN:22,(anonymous_0)
FN:29,(anonymous_1)
FN:44,(anonymous_2)
FN:56,(anonymous_3)
FN:62,(anonymous_4)
FN:68,(anonymous_5)
FNF:6
FNH:6
FNDA:16,(anonymous_0)
FNDA:1,(anonymous_1)
FNDA:4,(anonymous_2)
FNDA:5,(anonymous_3)
FNDA:5,(anonymous_4)
FNDA:2,(anonymous_5)
DA:1,4
DA:12,4
DA:22,4
DA:26,16
DA:28,2
DA:29,1
DA:31,2
DA:32,1
DA:33,1
DA:34,1
DA:36,1
DA:42,3
DA:45,4
DA:46,2
DA:48,2
DA:53,4
DA:57,5
DA:58,3
DA:60,2
DA:62,5
DA:66,1
DA:68,2
DA:71,1
DA:76,2
DA:82,2
DA:83,2
DA:87,1
LF:27
LH:27
BRDA:26,0,0,2
BRDA:26,0,1,3
BRDA:26,0,2,4
BRDA:26,0,3,1
BRDA:26,0,4,1
BRDA:26,0,5,2
BRDA:26,0,6,2
BRDA:26,0,7,1
BRDA:31,1,0,1
BRDA:45,2,0,2
BRDA:57,3,0,3
BRF:11
BRH:11
end_of_record
TN:
SF:src\app\domain\actions-type.ts
FN:6,(anonymous_0)
FNF:1
FNH:1
FNDA:13,(anonymous_0)
DA:6,13
DA:7,13
DA:8,13
DA:9,13
DA:10,13
DA:11,13
DA:12,13
DA:13,13
DA:14,13
LF:9
LH:9
BRDA:6,0,0,13
BRDA:6,0,1,13
BRF:2
BRH:2
end_of_record
TN:
SF:src\app\domain\category-enum.ts
FN:1,(anonymous_0)
FNF:1
FNH:1
FNDA:1,(anonymous_0)
DA:1,1
DA:2,1
DA:3,1
DA:4,1
DA:5,1
DA:6,1
DA:7,1
DA:8,1
DA:9,1
DA:10,1
DA:11,1
DA:12,1
DA:13,1
DA:14,1
DA:15,1
DA:16,1
DA:17,1
DA:18,1
DA:19,1
DA:20,1
DA:21,1
DA:22,1
DA:23,1
DA:24,1
DA:25,1
DA:26,1
DA:27,1
LF:27
LH:27
BRDA:1,0,0,1
BRDA:1,0,1,1
BRF:2
BRH:2
end_of_record
TN:
SF:src\app\domain\validation-rules.ts
FN:1,(anonymous_0)
FNF:1
FNH:1
FNDA:3,(anonymous_0)
DA:1,3
DA:2,3
DA:3,3
DA:4,3
DA:5,3
DA:6,3
LF:6
LH:6
BRDA:1,0,0,3
BRDA:1,0,1,3
BRF:2
BRH:2
end_of_record
TN:
SF:src\app\hooks\useAuth.ts
FN:4,(anonymous_0)
FN:8,(anonymous_1)
FN:13,(anonymous_2)
FNF:3
FNH:3
FNDA:2,(anonymous_0)
FNDA:1,(anonymous_1)
FNDA:1,(anonymous_2)
DA:1,1
DA:2,1
DA:4,1
DA:5,2
DA:6,2
DA:8,2
DA:9,1
DA:10,1
DA:13,2
DA:14,1
DA:15,1
DA:18,2
LF:12
LH:12
BRF:0
BRH:0
end_of_record
TN:
SF:src\app\hooks\useClearCart.ts
FN:5,(anonymous_0)
FN:8,(anonymous_1)
FNF:2
FNH:2
FNDA:2,(anonymous_0)
FNDA:1,(anonymous_1)
DA:2,3
DA:3,3
DA:5,3
DA:6,2
DA:8,2
DA:9,1
DA:12,2
DA:15,3
LF:8
LH:8
BRF:0
BRH:0
end_of_record
TN:
SF:src\app\hooks\useDistrict.ts
FN:8,(anonymous_0)
FN:13,(anonymous_1)
FN:15,(anonymous_2)
FNF:3
FNH:3
FNDA:7,(anonymous_0)
FNDA:4,(anonymous_1)
FNDA:4,(anonymous_2)
DA:1,1
DA:8,1
DA:9,7
DA:10,7
DA:11,7
DA:13,7
DA:15,4
DA:16,4
DA:17,4
DA:18,3
DA:19,1
DA:21,1
DA:22,1
DA:24,3
DA:26,4
DA:30,4
DA:33,7
DA:36,1
LF:18
LH:18
BRDA:18,0,0,1
BRF:1
BRH:1
end_of_record
TN:
SF:src\app\hooks\useLocalStorage.ts
FN:4,useLocalStorage
FN:12,(anonymous_1)
FNF:2
FNH:2
FNDA:7,useLocalStorage
FNDA:3,(anonymous_1)
DA:1,1
DA:4,1
DA:6,7
DA:7,7
DA:9,7
DA:12,7
DA:13,3
DA:14,3
DA:17,7
LF:9
LH:9
BRDA:7,0,0,4
BRDA:7,0,1,3
BRF:2
BRH:2
end_of_record
TN:
SF:src\app\hooks\useModal.ts
FN:3,(anonymous_0)
FN:6,(anonymous_1)
FN:10,(anonymous_2)
FN:14,(anonymous_3)
FNF:4
FNH:4
FNDA:9,(anonymous_0)
FNDA:2,(anonymous_1)
FNDA:2,(anonymous_2)
FNDA:1,(anonymous_3)
DA:1,2
DA:3,2
DA:4,9
DA:6,9
DA:7,2
DA:10,9
DA:11,2
DA:14,9
DA:15,1
DA:18,9
LF:10
LH:10
BRF:0
BRH:0
end_of_record
TN:
SF:src\app\hooks\usePagination.ts
FN:8,(anonymous_0)
FN:9,(anonymous_1)
FNF:2
FNH:2
FNDA:13,(anonymous_0)
FNDA:13,(anonymous_1)
DA:1,2
DA:8,2
DA:9,13
DA:10,13
DA:11,13
DA:13,13
DA:14,8
DA:15,38
DA:18,5
DA:19,5
DA:20,2
DA:21,3
DA:22,2
DA:24,1
DA:26,5
DA:29,13
DA:32,13
DA:35,2
LF:18
LH:18
BRDA:13,0,0,8
BRDA:13,0,1,5
BRDA:19,1,0,2
BRDA:19,1,1,3
BRDA:21,2,0,2
BRDA:21,2,1,1
BRF:6
BRH:6
end_of_record
TN:
SF:src\app\pages\home-page\HomePage.tsx
FN:14,(anonymous_1)
FN:27,(anonymous_2)
FN:38,(anonymous_3)
FN:48,(anonymous_4)
FN:53,(anonymous_5)
FN:59,(anonymous_6)
FN:68,(anonymous_7)
FN:78,(anonymous_8)
FN:83,(anonymous_9)
FN:100,(anonymous_10)
FN:106,(anonymous_11)
FNF:11
FNH:0
FNDA:0,(anonymous_1)
FNDA:0,(anonymous_2)
FNDA:0,(anonymous_3)
FNDA:0,(anonymous_4)
FNDA:0,(anonymous_5)
FNDA:0,(anonymous_6)
FNDA:0,(anonymous_7)
FNDA:0,(anonymous_8)
FNDA:0,(anonymous_9)
FNDA:0,(anonymous_10)
FNDA:0,(anonymous_11)
DA:1,1
DA:2,1
DA:3,1
DA:5,1
DA:6,1
DA:8,1
DA:9,1
DA:10,1
DA:11,1
DA:12,1
DA:14,1
DA:16,0
DA:17,0
DA:18,0
DA:20,0
DA:21,0
DA:23,0
DA:24,0
DA:27,0
DA:28,0
DA:29,0
DA:30,0
DA:31,0
DA:33,0
DA:38,0
DA:39,0
DA:40,0
DA:41,0
DA:43,0
DA:48,0
DA:49,0
DA:51,0
DA:52,0
DA:53,0
DA:57,0
DA:58,0
DA:59,0
DA:60,0
DA:64,0
DA:68,0
DA:69,0
DA:70,0
DA:71,0
DA:75,0
DA:78,0
DA:79,0
DA:80,0
DA:83,0
DA:84,0
DA:88,0
DA:89,0
DA:90,0
DA:92,0
DA:100,0
DA:107,0
DA:128,1
LF:56
LH:12
BRDA:51,0,0,0
BRDA:57,1,0,0
BRDA:69,2,0,0
BRDA:70,3,0,0
BRDA:105,4,0,0
BRDA:105,4,1,0
BRDA:115,5,0,0
BRDA:115,5,1,0
BRF:8
BRH:0
end_of_record
TN:
SF:src\app\pages\login-page\LoginPage.tsx
FN:19,(anonymous_7)
FN:25,(anonymous_8)
FN:37,(anonymous_9)
FN:63,(anonymous_10)
FN:68,(anonymous_11)
FN:96,(anonymous_12)
FN:117,(anonymous_13)
FNF:7
FNH:6
FNDA:6,(anonymous_7)
FNDA:5,(anonymous_8)
FNDA:1,(anonymous_9)
FNDA:1,(anonymous_10)
FNDA:0,(anonymous_11)
FNDA:8,(anonymous_12)
FNDA:8,(anonymous_13)
DA:1,1
DA:2,1
DA:3,1
DA:4,1
DA:5,1
DA:6,1
DA:7,1
DA:8,1
DA:9,1
DA:10,1
DA:11,1
DA:12,1
DA:19,1
DA:20,6
DA:21,6
DA:22,6
DA:23,6
DA:24,6
DA:25,6
DA:26,5
DA:27,0
DA:35,6
DA:37,6
DA:38,1
DA:39,1
DA:40,1
DA:45,1
DA:47,0
DA:48,0
DA:49,0
DA:50,0
DA:51,0
DA:54,1
DA:63,6
DA:64,1
DA:65,1
DA:68,6
DA:69,0
DA:71,0
DA:78,0
DA:82,6
DA:97,8
DA:118,8
DA:146,1
LF:44
LH:35
BRDA:26,0,0,0
BRDA:57,1,0,1
BRDA:57,1,1,0
BRDA:106,2,0,6
BRDA:106,2,1,1
BRDA:127,3,0,6
BRDA:127,3,1,1
BRDA:131,4,0,6
BRDA:131,4,1,0
BRF:9
BRH:6
end_of_record
TN:
SF:src\app\pages\shopping-page\ShoppingPage.tsx
FN:41,(anonymous_1)
FN:50,(anonymous_2)
FN:54,(anonymous_3)
FN:55,(anonymous_4)
FN:58,(anonymous_5)
FN:68,(anonymous_6)
FN:71,(anonymous_7)
FN:89,(anonymous_8)
FN:116,(anonymous_9)
FN:117,(anonymous_10)
FN:118,(anonymous_11)
FN:129,(anonymous_12)
FNF:12
FNH:0
FNDA:0,(anonymous_1)
FNDA:0,(anonymous_2)
FNDA:0,(anonymous_3)
FNDA:0,(anonymous_4)
FNDA:0,(anonymous_5)
FNDA:0,(anonymous_6)
FNDA:0,(anonymous_7)
FNDA:0,(anonymous_8)
FNDA:0,(anonymous_9)
FNDA:0,(anonymous_10)
FNDA:0,(anonymous_11)
FNDA:0,(anonymous_12)
DA:1,1
DA:2,1
DA:3,1
DA:4,1
DA:5,1
DA:6,1
DA:7,1
DA:8,1
DA:9,1
DA:10,1
DA:11,1
DA:23,1
DA:32,1
DA:41,1
DA:42,0
DA:43,0
DA:44,0
DA:45,0
DA:47,0
DA:48,0
DA:50,0
DA:51,0
DA:54,0
DA:55,0
DA:58,0
DA:59,0
DA:60,0
DA:62,0
DA:64,0
DA:65,0
DA:67,0
DA:68,0
DA:71,0
DA:72,0
DA:75,0
DA:85,0
DA:86,0
DA:89,0
DA:91,0
DA:92,0
DA:103,0
DA:104,0
DA:109,0
DA:116,0
DA:117,0
DA:118,0
DA:130,0
DA:131,0
DA:140,1
LF:49
LH:15
BRDA:91,0,0,0
BRF:1
BRH:0
end_of_record
TN:
SF:src\app\routes\routes.ts
FN:1,(anonymous_0)
FNF:1
FNH:1
FNDA:2,(anonymous_0)
DA:1,2
DA:2,2
DA:3,2
DA:4,2
LF:4
LH:4
BRDA:1,0,0,2
BRDA:1,0,1,2
BRF:2
BRH:2
end_of_record
TN:
SF:src\app\routes\private-route\private-route.tsx
FN:8,(anonymous_0)
FNF:1
FNH:1
FNDA:1,(anonymous_0)
DA:2,1
DA:8,1
DA:9,1
DA:11,1
DA:14,1
LF:5
LH:5
BRDA:11,0,0,1
BRDA:11,0,1,0
BRF:2
BRH:1
end_of_record
TN:
SF:src\app\services\category-request.ts
FN:5,(anonymous_0)
FNF:1
FNH:1
FNDA:3,(anonymous_0)
DA:2,1
DA:5,1
DA:6,3
DA:7,3
DA:8,2
DA:9,1
DA:11,1
DA:12,1
DA:14,2
LF:9
LH:9
BRDA:8,0,0,1
BRF:1
BRH:1
end_of_record
TN:
SF:src\app\services\product-request.ts
FN:5,(anonymous_0)
FNF:1
FNH:1
FNDA:3,(anonymous_0)
DA:1,1
DA:5,1
DA:6,3
DA:7,3
DA:8,2
DA:9,2
DA:10,1
DA:12,1
DA:14,2
LF:9
LH:9
BRDA:9,0,0,1
BRF:1
BRH:1
end_of_record
TN:
SF:src\hoc\auth\authHoc.tsx
FN:5,(anonymous_1)
FN:6,(anonymous_2)
FN:10,(anonymous_3)
FNF:3
FNH:3
FNDA:4,(anonymous_1)
FNDA:6,(anonymous_2)
FNDA:5,(anonymous_3)
DA:2,3
DA:3,3
DA:5,3
DA:6,4
DA:7,6
DA:8,6
DA:10,6
DA:11,5
DA:12,4
DA:16,5
DA:19,4
DA:22,3
LF:12
LH:12
BRDA:11,0,0,4
BRDA:16,1,0,1
BRDA:16,1,1,4
BRF:3
BRH:3
end_of_record
TN:
SF:src\utils\formatNumber.ts
FN:2,(anonymous_0)
FNF:1
FNH:1
FNDA:3,(anonymous_0)
DA:2,2
DA:3,3
LF:2
LH:2
BRF:0
BRH:0
end_of_record
TN:
SF:src\utils\validation.ts
FN:5,(anonymous_0)
FN:13,(anonymous_1)
FN:21,(anonymous_2)
FN:27,(anonymous_3)
FN:34,(anonymous_4)
FN:41,(anonymous_5)
FN:68,(anonymous_6)
FN:77,(anonymous_7)
FNF:8
FNH:8
FNDA:8,(anonymous_0)
FNDA:8,(anonymous_1)
FNDA:6,(anonymous_2)
FNDA:7,(anonymous_3)
FNDA:7,(anonymous_4)
FNDA:11,(anonymous_5)
FNDA:6,(anonymous_6)
FNDA:3,(anonymous_7)
DA:2,1
DA:5,1
DA:6,8
DA:7,6
DA:8,5
DA:9,4
DA:10,3
DA:13,1
DA:14,8
DA:15,6
DA:16,5
DA:17,3
DA:18,2
DA:21,1
DA:22,6
DA:23,4
DA:24,3
DA:27,1
DA:28,7
DA:29,5
DA:30,3
DA:31,2
DA:34,1
DA:35,7
DA:36,5
DA:37,3
DA:38,2
DA:41,1
DA:42,11
DA:43,9
DA:45,9
DA:46,3
DA:47,1
DA:49,2
DA:50,1
DA:53,6
DA:54,2
DA:56,4
DA:57,1
DA:61,4
DA:62,1
DA:65,3
DA:68,1
DA:69,6
DA:70,5
DA:71,3
DA:73,2
DA:77,1
DA:78,3
DA:87,3
LF:50
LH:50
BRDA:6,0,0,2
BRDA:7,1,0,1
BRDA:8,2,0,1
BRDA:9,3,0,1
BRDA:14,4,0,2
BRDA:15,5,0,1
BRDA:16,6,0,2
BRDA:17,7,0,1
BRDA:22,8,0,2
BRDA:23,9,0,1
BRDA:28,10,0,2
BRDA:29,11,0,2
BRDA:30,12,0,1
BRDA:35,13,0,2
BRDA:36,14,0,2
BRDA:37,15,0,1
BRDA:42,16,0,2
BRDA:45,17,0,3
BRDA:45,17,1,6
BRDA:46,18,0,1
BRDA:49,19,0,1
BRDA:53,20,0,2
BRDA:56,21,0,1
BRDA:61,22,0,1
BRDA:69,23,0,1
BRDA:70,24,0,3
BRF:26
BRH:26
end_of_record
