TN:
SF:src/app/components/footer/Footer.tsx
FN:6,(anonymous_0)
FNF:1
FNH:1
FNDA:6,(anonymous_0)
DA:2,1
DA:3,1
DA:6,1
DA:7,6
DA:56,1
LF:5
LH:5
BRF:0
BRH:0
end_of_record
TN:
SF:src/app/components/form/Form.tsx
FN:29,(anonymous_1)
FN:82,(anonymous_2)
FNF:2
FNH:2
FNDA:7,(anonymous_1)
FNDA:10,(anonymous_2)
DA:2,1
DA:3,1
DA:4,1
DA:29,1
DA:37,7
DA:39,7
DA:40,6
DA:42,5
DA:83,10
DA:143,1
LF:10
LH:10
BRDA:39,0,0,1
BRDA:40,1,0,1
BRDA:56,2,0,5
BRDA:56,2,1,2
BRDA:69,3,0,5
BRDA:69,3,1,1
BRDA:88,4,0,5
BRDA:88,4,1,1
BRDA:101,5,0,5
BRDA:101,5,1,2
BRDA:114,6,0,5
BRDA:114,6,1,1
BRDA:127,7,0,5
BRDA:127,7,1,1
BRDA:133,8,0,5
BRDA:133,8,1,1
BRF:16
BRH:16
end_of_record
TN:
SF:src/app/components/header/Header.tsx
FN:9,(anonymous_0)
FN:12,(anonymous_1)
FNF:2
FNH:2
FNDA:2,(anonymous_0)
FNDA:2,(anonymous_1)
DA:2,1
DA:3,1
DA:4,1
DA:5,1
DA:6,1
DA:7,1
DA:9,1
DA:10,2
DA:12,2
DA:14,2
DA:29,1
LF:11
LH:11
BRF:0
BRH:0
end_of_record
TN:
SF:src/app/components/modal/Modal.tsx
FN:10,(anonymous_1)
FN:13,(anonymous_2)
FNF:2
FNH:2
FNDA:3,(anonymous_1)
FNDA:1,(anonymous_2)
DA:2,2
DA:3,2
DA:10,2
DA:11,3
DA:13,3
DA:14,1
DA:15,1
DA:18,3
DA:30,2
LF:9
LH:9
BRDA:19,0,0,2
BRDA:19,0,1,1
BRF:2
BRH:2
end_of_record
TN:
SF:src/app/components/product/ProductCard.tsx
FN:12,(anonymous_0)
FN:25,(anonymous_1)
FNF:2
FNH:2
FNDA:4,(anonymous_0)
FNDA:1,(anonymous_1)
DA:3,1
DA:4,1
DA:5,1
DA:6,1
DA:12,1
DA:21,4
DA:23,4
DA:25,4
DA:26,1
DA:28,4
DA:58,1
LF:11
LH:11
BRDA:30,0,0,4
BRDA:30,0,1,3
BRF:2
BRH:2
end_of_record
TN:
SF:src/app/components/search/SearchContainer.tsx
FN:14,(anonymous_0)
FN:27,(anonymous_1)
FN:30,(anonymous_2)
FN:42,(anonymous_3)
FNF:4
FNH:4
FNDA:52,(anonymous_0)
FNDA:3,(anonymous_1)
FNDA:369,(anonymous_2)
FNDA:4,(anonymous_3)
DA:2,2
DA:14,2
DA:22,52
DA:27,3
DA:31,369
DA:42,4
DA:49,2
LF:7
LH:7
BRDA:20,0,0,45
BRF:1
BRH:1
end_of_record
TN:
SF:src/app/components/shopping-cart/ShoppingCart.tsx
FN:15,(anonymous_0)
FN:42,(anonymous_1)
FN:62,(anonymous_2)
FN:69,(anonymous_3)
FN:78,(anonymous_4)
FNF:5
FNH:5
FNDA:6,(anonymous_0)
FNDA:10,(anonymous_1)
FNDA:2,(anonymous_2)
FNDA:2,(anonymous_3)
FNDA:1,(anonymous_4)
DA:3,1
DA:5,1
DA:15,1
DA:22,6
DA:43,10
DA:62,2
DA:69,2
DA:78,1
DA:99,1
LF:9
LH:9
BRDA:38,0,0,1
BRDA:38,0,1,5
BRDA:88,1,0,6
BRDA:88,1,1,5
BRF:4
BRH:4
end_of_record
TN:
SF:src/app/config/api-config.ts
FNF:0
FNH:0
DA:1,4
LF:1
LH:1
BRF:0
BRH:0
end_of_record
TN:
SF:src/app/context/app-context.tsx
FN:9,(anonymous_0)
FN:21,(anonymous_1)
FN:29,(anonymous_2)
FNF:3
FNH:3
FNDA:3,(anonymous_0)
FNDA:6,(anonymous_1)
FNDA:7,(anonymous_2)
DA:1,2
DA:2,2
DA:4,2
DA:5,2
DA:9,2
DA:10,3
DA:12,3
DA:21,2
DA:22,6
DA:23,6
DA:24,4
DA:26,2
DA:29,2
DA:30,7
DA:31,7
DA:32,4
DA:34,3
LF:17
LH:17
BRDA:23,0,0,4
BRDA:31,1,0,4
BRF:2
BRH:2
end_of_record
TN:
SF:src/app/context/reducer.ts
FN:20,(anonymous_0)
FN:27,(anonymous_1)
FN:42,(anonymous_2)
FN:54,(anonymous_3)
FN:60,(anonymous_4)
FN:66,(anonymous_5)
FNF:6
FNH:6
FNDA:13,(anonymous_0)
FNDA:1,(anonymous_1)
FNDA:4,(anonymous_2)
FNDA:6,(anonymous_3)
FNDA:6,(anonymous_4)
FNDA:2,(anonymous_5)
DA:1,3
DA:11,3
DA:20,3
DA:24,13
DA:26,2
DA:27,1
DA:29,2
DA:30,1
DA:31,1
DA:32,1
DA:34,1
DA:40,3
DA:43,4
DA:44,2
DA:46,2
DA:51,5
DA:55,6
DA:56,4
DA:58,2
DA:60,6
DA:64,1
DA:66,2
DA:69,1
DA:75,1
LF:24
LH:24
BRDA:24,0,0,2
BRDA:24,0,1,3
BRDA:24,0,2,5
BRDA:24,0,3,1
BRDA:24,0,4,1
BRDA:24,0,5,1
BRDA:29,1,0,1
BRDA:43,2,0,2
BRDA:55,3,0,4
BRF:9
BRH:9
end_of_record
TN:
SF:src/app/domain/actions-type.ts
FN:8,(anonymous_0)
FNF:1
FNH:1
FNDA:8,(anonymous_0)
DA:8,8
DA:9,8
DA:10,8
DA:11,8
DA:12,8
DA:13,8
DA:14,8
LF:7
LH:7
BRDA:8,0,0,8
BRDA:8,0,1,8
BRF:2
BRH:2
end_of_record
TN:
SF:src/app/domain/category-enum.ts
FN:1,(anonymous_0)
FNF:1
FNH:1
FNDA:1,(anonymous_0)
DA:1,1
DA:2,1
DA:3,1
DA:4,1
DA:5,1
DA:6,1
DA:7,1
DA:8,1
DA:9,1
DA:10,1
DA:11,1
DA:12,1
DA:13,1
DA:14,1
DA:15,1
DA:16,1
DA:17,1
DA:18,1
DA:19,1
DA:20,1
DA:21,1
DA:22,1
DA:23,1
DA:24,1
DA:25,1
DA:26,1
DA:27,1
LF:27
LH:27
BRDA:1,0,0,1
BRDA:1,0,1,1
BRF:2
BRH:2
end_of_record
TN:
SF:src/app/domain/validation-rules.ts
FN:1,(anonymous_0)
FNF:1
FNH:1
FNDA:1,(anonymous_0)
DA:1,1
DA:2,1
DA:3,1
DA:4,1
DA:5,1
LF:5
LH:5
BRDA:1,0,0,1
BRDA:1,0,1,1
BRF:2
BRH:2
end_of_record
TN:
SF:src/app/hooks/useClearCart.ts
FN:5,(anonymous_0)
FN:8,(anonymous_1)
FNF:2
FNH:2
FNDA:2,(anonymous_0)
FNDA:1,(anonymous_1)
DA:2,3
DA:3,3
DA:5,3
DA:6,2
DA:8,2
DA:9,1
DA:12,2
DA:15,3
LF:8
LH:8
BRF:0
BRH:0
end_of_record
TN:
SF:src/app/hooks/useDistrict.ts
FN:8,(anonymous_0)
FN:13,(anonymous_1)
FN:15,(anonymous_2)
FNF:3
FNH:3
FNDA:7,(anonymous_0)
FNDA:4,(anonymous_1)
FNDA:4,(anonymous_2)
DA:1,1
DA:8,1
DA:9,7
DA:10,7
DA:11,7
DA:13,7
DA:15,4
DA:16,4
DA:17,4
DA:18,3
DA:19,1
DA:21,1
DA:22,1
DA:24,3
DA:26,4
DA:30,4
DA:33,7
DA:36,1
LF:18
LH:18
BRDA:18,0,0,1
BRF:1
BRH:1
end_of_record
TN:
SF:src/app/hooks/useModal.ts
FN:3,(anonymous_0)
FN:6,(anonymous_1)
FN:10,(anonymous_2)
FN:14,(anonymous_3)
FNF:4
FNH:4
FNDA:29,(anonymous_0)
FNDA:5,(anonymous_1)
FNDA:2,(anonymous_2)
FNDA:2,(anonymous_3)
DA:1,2
DA:3,2
DA:4,29
DA:6,29
DA:7,5
DA:10,29
DA:11,2
DA:14,29
DA:15,2
DA:18,29
LF:10
LH:10
BRF:0
BRH:0
end_of_record
TN:
SF:src/app/pages/home-page/HomePage.tsx
FN:16,(anonymous_1)
FN:26,(anonymous_2)
FN:37,(anonymous_3)
FN:47,(anonymous_4)
FN:53,(anonymous_5)
FN:59,(anonymous_6)
FN:68,(anonymous_7)
FN:73,(anonymous_8)
FN:86,(anonymous_9)
FN:92,(anonymous_10)
FNF:10
FNH:10
FNDA:45,(anonymous_1)
FNDA:9,(anonymous_2)
FNDA:9,(anonymous_3)
FNDA:22,(anonymous_4)
FNDA:6,(anonymous_5)
FNDA:6,(anonymous_6)
FNDA:9,(anonymous_7)
FNDA:22,(anonymous_8)
FNDA:2,(anonymous_9)
FNDA:48,(anonymous_10)
DA:1,1
DA:3,1
DA:4,1
DA:6,1
DA:8,1
DA:10,1
DA:11,1
DA:12,1
DA:16,1
DA:18,45
DA:19,45
DA:20,45
DA:22,45
DA:23,45
DA:26,45
DA:27,9
DA:28,9
DA:29,8
DA:30,8
DA:32,1
DA:37,45
DA:38,9
DA:39,9
DA:40,8
DA:42,1
DA:47,45
DA:48,22
DA:51,22
DA:52,3
DA:53,6
DA:57,22
DA:58,3
DA:59,3
DA:60,6
DA:64,22
DA:68,45
DA:69,9
DA:70,9
DA:73,45
DA:74,22
DA:78,45
DA:86,2
DA:93,48
DA:108,1
LF:44
LH:44
BRDA:51,0,0,3
BRDA:57,1,0,3
BRDA:91,2,0,25
BRDA:91,2,1,20
BRF:4
BRH:4
end_of_record
TN:
SF:src/app/pages/shopping-page/ShoppingPage.tsx
FN:40,(anonymous_1)
FN:49,(anonymous_2)
FN:53,(anonymous_3)
FN:54,(anonymous_4)
FN:57,(anonymous_5)
FN:67,(anonymous_6)
FN:70,(anonymous_7)
FN:88,(anonymous_8)
FN:115,(anonymous_9)
FN:116,(anonymous_10)
FN:117,(anonymous_11)
FN:128,(anonymous_12)
FNF:12
FNH:12
FNDA:20,(anonymous_1)
FNDA:3,(anonymous_2)
FNDA:23,(anonymous_3)
FNDA:46,(anonymous_4)
FNDA:12,(anonymous_5)
FNDA:12,(anonymous_6)
FNDA:3,(anonymous_7)
FNDA:18,(anonymous_8)
FNDA:1,(anonymous_9)
FNDA:1,(anonymous_10)
FNDA:1,(anonymous_11)
FNDA:1,(anonymous_12)
DA:1,1
DA:2,1
DA:3,1
DA:4,1
DA:5,1
DA:6,1
DA:7,1
DA:8,1
DA:9,1
DA:10,1
DA:22,1
DA:31,1
DA:40,1
DA:41,20
DA:42,20
DA:43,20
DA:44,20
DA:46,20
DA:47,20
DA:49,20
DA:50,3
DA:53,20
DA:54,46
DA:57,20
DA:58,12
DA:59,12
DA:61,12
DA:63,12
DA:64,12
DA:66,12
DA:67,12
DA:70,20
DA:71,3
DA:74,3
DA:84,3
DA:85,3
DA:88,18
DA:90,3
DA:91,3
DA:102,3
DA:103,3
DA:108,20
DA:115,1
DA:116,1
DA:117,1
DA:129,1
DA:130,1
DA:139,1
LF:48
LH:48
BRDA:90,0,0,3
BRF:1
BRH:1
end_of_record
TN:
SF:src/app/routes/routes.ts
FN:1,(anonymous_0)
FNF:1
FNH:1
FNDA:2,(anonymous_0)
DA:1,2
DA:2,2
DA:3,2
LF:3
LH:3
BRDA:1,0,0,2
BRDA:1,0,1,2
BRF:2
BRH:2
end_of_record
TN:
SF:src/app/services/category-request.ts
FN:5,(anonymous_0)
FNF:1
FNH:1
FNDA:3,(anonymous_0)
DA:2,2
DA:5,2
DA:6,3
DA:7,3
DA:8,2
DA:9,1
DA:11,1
DA:12,1
DA:14,2
LF:9
LH:9
BRDA:8,0,0,1
BRF:1
BRH:1
end_of_record
TN:
SF:src/app/services/product-request.ts
FN:5,(anonymous_0)
FNF:1
FNH:1
FNDA:3,(anonymous_0)
DA:1,2
DA:5,2
DA:6,3
DA:7,3
DA:8,2
DA:9,2
DA:10,1
DA:12,1
DA:14,2
LF:9
LH:9
BRDA:9,0,0,1
BRF:1
BRH:1
end_of_record
TN:
SF:src/utils/formatNumber.ts
FN:2,(anonymous_0)
FNF:1
FNH:1
FNDA:3,(anonymous_0)
DA:2,1
DA:3,3
LF:2
LH:2
BRF:0
BRH:0
end_of_record
TN:
SF:src/utils/validation.ts
FN:5,(anonymous_0)
FN:13,(anonymous_1)
FN:21,(anonymous_2)
FN:27,(anonymous_3)
FN:34,(anonymous_4)
FN:41,(anonymous_5)
FN:68,(anonymous_6)
FNF:7
FNH:7
FNDA:8,(anonymous_0)
FNDA:8,(anonymous_1)
FNDA:6,(anonymous_2)
FNDA:7,(anonymous_3)
FNDA:7,(anonymous_4)
FNDA:11,(anonymous_5)
FNDA:3,(anonymous_6)
DA:2,1
DA:5,1
DA:6,8
DA:7,6
DA:8,5
DA:9,4
DA:10,3
DA:13,1
DA:14,8
DA:15,6
DA:16,5
DA:17,3
DA:18,2
DA:21,1
DA:22,6
DA:23,4
DA:24,3
DA:27,1
DA:28,7
DA:29,5
DA:30,3
DA:31,2
DA:34,1
DA:35,7
DA:36,5
DA:37,3
DA:38,2
DA:41,1
DA:42,11
DA:43,9
DA:45,9
DA:46,3
DA:47,1
DA:49,2
DA:50,1
DA:53,6
DA:54,2
DA:56,4
DA:57,1
DA:61,4
DA:62,1
DA:65,3
DA:68,1
DA:69,3
DA:78,3
LF:45
LH:45
BRDA:6,0,0,2
BRDA:7,1,0,1
BRDA:8,2,0,1
BRDA:9,3,0,1
BRDA:14,4,0,2
BRDA:15,5,0,1
BRDA:16,6,0,2
BRDA:17,7,0,1
BRDA:22,8,0,2
BRDA:23,9,0,1
BRDA:28,10,0,2
BRDA:29,11,0,2
BRDA:30,12,0,1
BRDA:35,13,0,2
BRDA:36,14,0,2
BRDA:37,15,0,1
BRDA:42,16,0,2
BRDA:45,17,0,3
BRDA:45,17,1,6
BRDA:46,18,0,1
BRDA:49,19,0,1
BRDA:53,20,0,2
BRDA:56,21,0,1
BRDA:61,22,0,1
BRF:24
BRH:24
end_of_record
